[4.228s] DEBUG:colcon:Command line arguments: ['/usr/bin/colcon', 'build', '--packages-select', 'stair_modeling_ros']
[4.228s] DEBUG:colcon:Parsed command line arguments: Namespace(allow_overriding=[], ament_cmake_args=None, base_paths=['.'], build_base='build', catkin_cmake_args=None, catkin_skip_building_tests=False, cmake_args=None, cmake_clean_cache=False, cmake_clean_first=False, cmake_force_configure=False, cmake_target=None, cmake_target_skip_unavailable=False, continue_on_error=False, event_handlers=None, executor='parallel', ignore_user_meta=False, install_base='install', log_base=None, log_level=None, main=<bound method BuildVerb.main of <colcon_core.verb.build.BuildVerb object at 0x7f0f1b07ccd0>>, merge_install=False, metas=['./colcon.meta'], packages_above=None, packages_above_and_dependencies=None, packages_above_depth=None, packages_end=None, packages_ignore=None, packages_ignore_regex=None, packages_select=['stair_modeling_ros'], packages_select_build_failed=False, packages_select_by_dep=None, packages_select_regex=None, packages_select_test_failures=False, packages_skip=None, packages_skip_build_finished=False, packages_skip_by_dep=None, packages_skip_regex=None, packages_skip_test_passed=False, packages_skip_up_to=None, packages_start=None, packages_up_to=None, packages_up_to_regex=None, parallel_workers=16, paths=None, symlink_install=False, test_result_base=None, verb_extension=<colcon_core.verb.build.BuildVerb object at 0x7f0f1b07ccd0>, verb_name='build', verb_parser=<colcon_defaults.argument_parser.defaults.DefaultArgumentsDecorator object at 0x7f0f1b070b80>)
[4.430s] Level 1:colcon.colcon_core.package_discovery:discover_packages(colcon_meta) check parameters
[4.430s] Level 1:colcon.colcon_core.package_discovery:discover_packages(recursive) check parameters
[4.430s] Level 1:colcon.colcon_core.package_discovery:discover_packages(ignore) check parameters
[4.430s] Level 1:colcon.colcon_core.package_discovery:discover_packages(path) check parameters
[4.430s] Level 1:colcon.colcon_core.package_discovery:discover_packages(colcon_meta) discover
[4.430s] Level 1:colcon.colcon_core.package_discovery:discover_packages(recursive) discover
[4.431s] INFO:colcon.colcon_core.package_discovery:Crawling recursively for packages in '/home/nimrod/ros2_ws/src/stair_detection_pkg/stair_modeling_ros'
[4.431s] Level 1:colcon.colcon_core.package_identification:_identify(.) by extensions ['ignore', 'ignore_ament_install']
[4.431s] Level 1:colcon.colcon_core.package_identification:_identify(.) by extension 'ignore'
[4.431s] Level 1:colcon.colcon_core.package_identification:_identify(.) by extension 'ignore_ament_install'
[4.431s] Level 1:colcon.colcon_core.package_identification:_identify(.) by extensions ['colcon_pkg']
[4.431s] Level 1:colcon.colcon_core.package_identification:_identify(.) by extension 'colcon_pkg'
[4.431s] Level 1:colcon.colcon_core.package_identification:_identify(.) by extensions ['colcon_meta']
[4.431s] Level 1:colcon.colcon_core.package_identification:_identify(.) by extension 'colcon_meta'
[4.431s] Level 1:colcon.colcon_core.package_identification:_identify(.) by extensions ['ros']
[4.431s] Level 1:colcon.colcon_core.package_identification:_identify(.) by extension 'ros'
[4.456s] DEBUG:colcon.colcon_core.package_identification:Package '.' with type 'ros.ament_cmake' and name 'stair_modeling_ros'
[4.456s] Level 1:colcon.colcon_core.package_discovery:discover_packages(recursive) using defaults
[4.456s] Level 1:colcon.colcon_core.package_discovery:discover_packages(ignore) discover
[4.456s] Level 1:colcon.colcon_core.package_discovery:discover_packages(ignore) using defaults
[4.456s] Level 1:colcon.colcon_core.package_discovery:discover_packages(path) discover
[4.456s] Level 1:colcon.colcon_core.package_discovery:discover_packages(path) using defaults
[4.922s] Level 1:colcon.colcon_core.package_discovery:discover_packages(prefix_path) check parameters
[4.923s] Level 1:colcon.colcon_core.package_discovery:discover_packages(prefix_path) discover
[5.094s] DEBUG:colcon.colcon_installed_package_information.package_discovery:Found 1 installed packages in /home/nimrod/ros2_ws/src/stair_detection_pkg/stair_modeling_ros/install
[5.181s] DEBUG:colcon.colcon_installed_package_information.package_discovery:Found 22 installed packages in /home/nimrod/ros2_ws/install
[5.268s] DEBUG:colcon.colcon_installed_package_information.package_discovery:Found 267 installed packages in /opt/ros/foxy
[5.271s] Level 1:colcon.colcon_core.package_discovery:discover_packages(prefix_path) using defaults
[5.544s] Level 5:colcon.colcon_core.verb:set package 'stair_modeling_ros' build argument 'cmake_args' from command line to 'None'
[5.544s] Level 5:colcon.colcon_core.verb:set package 'stair_modeling_ros' build argument 'cmake_target' from command line to 'None'
[5.544s] Level 5:colcon.colcon_core.verb:set package 'stair_modeling_ros' build argument 'cmake_target_skip_unavailable' from command line to 'False'
[5.544s] Level 5:colcon.colcon_core.verb:set package 'stair_modeling_ros' build argument 'cmake_clean_cache' from command line to 'False'
[5.544s] Level 5:colcon.colcon_core.verb:set package 'stair_modeling_ros' build argument 'cmake_clean_first' from command line to 'False'
[5.544s] Level 5:colcon.colcon_core.verb:set package 'stair_modeling_ros' build argument 'cmake_force_configure' from command line to 'False'
[5.544s] Level 5:colcon.colcon_core.verb:set package 'stair_modeling_ros' build argument 'ament_cmake_args' from command line to 'None'
[5.544s] Level 5:colcon.colcon_core.verb:set package 'stair_modeling_ros' build argument 'catkin_cmake_args' from command line to 'None'
[5.544s] Level 5:colcon.colcon_core.verb:set package 'stair_modeling_ros' build argument 'catkin_skip_building_tests' from command line to 'False'
[5.544s] DEBUG:colcon.colcon_core.verb:Building package 'stair_modeling_ros' with the following arguments: {'ament_cmake_args': None, 'build_base': '/home/nimrod/ros2_ws/src/stair_detection_pkg/stair_modeling_ros/build/stair_modeling_ros', 'catkin_cmake_args': None, 'catkin_skip_building_tests': False, 'cmake_args': None, 'cmake_clean_cache': False, 'cmake_clean_first': False, 'cmake_force_configure': False, 'cmake_target': None, 'cmake_target_skip_unavailable': False, 'install_base': '/home/nimrod/ros2_ws/src/stair_detection_pkg/stair_modeling_ros/install/stair_modeling_ros', 'merge_install': False, 'path': '/home/nimrod/ros2_ws/src/stair_detection_pkg/stair_modeling_ros', 'symlink_install': False, 'test_result_base': None}
[5.617s] INFO:colcon.colcon_core.executor:Executing jobs using 'parallel' executor
[5.690s] DEBUG:colcon.colcon_parallel_executor.executor.parallel:run_until_complete
[5.691s] INFO:colcon.colcon_ros.task.ament_cmake.build:Building ROS package in '/home/nimrod/ros2_ws/src/stair_detection_pkg/stair_modeling_ros' with build type 'ament_cmake'
[5.691s] INFO:colcon.colcon_cmake.task.cmake.build:Building CMake package in '/home/nimrod/ros2_ws/src/stair_detection_pkg/stair_modeling_ros'
[5.768s] INFO:colcon.colcon_core.plugin_system:Skipping extension 'colcon_core.shell.bat': Not used on non-Windows systems
[5.769s] INFO:colcon.colcon_core.shell:Skip shell extension 'powershell' for command environment: Not usable outside of PowerShell
[5.769s] DEBUG:colcon.colcon_core.shell:Skip shell extension 'dsv' for command environment
[6.162s] DEBUG:colcon.colcon_core.event_handler.log_command:Invoking command in '/home/nimrod/ros2_ws/src/stair_detection_pkg/stair_modeling_ros/build/stair_modeling_ros': CMAKE_PREFIX_PATH=${CMAKE_PREFIX_PATH}:/home/nimrod/ros2_ws/install/stair_detection_ros:/opt/ros/foxy /home/nimrod/.local/bin/cmake --build /home/nimrod/ros2_ws/src/stair_detection_pkg/stair_modeling_ros/build/stair_modeling_ros -- -j16 -l16
[43.893s] DEBUG:colcon.colcon_parallel_executor.executor.parallel:run_until_complete was interrupted
[43.893s] DEBUG:colcon.colcon_parallel_executor.executor.parallel:run_until_complete again
[43.923s] DEBUG:colcon.colcon_core.event_handler.log_command:Invoked command in '/home/nimrod/ros2_ws/src/stair_detection_pkg/stair_modeling_ros/build/stair_modeling_ros' returned '-2': CMAKE_PREFIX_PATH=${CMAKE_PREFIX_PATH}:/home/nimrod/ros2_ws/install/stair_detection_ros:/opt/ros/foxy /home/nimrod/.local/bin/cmake --build /home/nimrod/ros2_ws/src/stair_detection_pkg/stair_modeling_ros/build/stair_modeling_ros -- -j16 -l16
[44.176s] Level 1:colcon.colcon_core.environment:create_environment_scripts_only(stair_modeling_ros)
[44.279s] Level 1:colcon.colcon_core.environment:checking '/home/nimrod/ros2_ws/src/stair_detection_pkg/stair_modeling_ros/install/stair_modeling_ros' for CMake module files
[44.280s] Level 1:colcon.colcon_core.environment:checking '/home/nimrod/ros2_ws/src/stair_detection_pkg/stair_modeling_ros/install/stair_modeling_ros' for CMake config files
[44.281s] Level 1:colcon.colcon_core.shell:create_environment_hook('stair_modeling_ros', 'cmake_prefix_path')
[44.380s] INFO:colcon.colcon_core.shell:Creating environment hook '/home/nimrod/ros2_ws/src/stair_detection_pkg/stair_modeling_ros/install/stair_modeling_ros/share/stair_modeling_ros/hook/cmake_prefix_path.ps1'
[44.382s] INFO:colcon.colcon_core.shell:Creating environment descriptor '/home/nimrod/ros2_ws/src/stair_detection_pkg/stair_modeling_ros/install/stair_modeling_ros/share/stair_modeling_ros/hook/cmake_prefix_path.dsv'
[44.382s] INFO:colcon.colcon_core.shell:Creating environment hook '/home/nimrod/ros2_ws/src/stair_detection_pkg/stair_modeling_ros/install/stair_modeling_ros/share/stair_modeling_ros/hook/cmake_prefix_path.sh'
[44.384s] Level 1:colcon.colcon_core.environment:checking '/home/nimrod/ros2_ws/src/stair_detection_pkg/stair_modeling_ros/install/stair_modeling_ros/lib'
[44.384s] Level 1:colcon.colcon_core.shell:create_environment_hook('stair_modeling_ros', 'ld_library_path_lib')
[44.485s] INFO:colcon.colcon_core.shell:Creating environment hook '/home/nimrod/ros2_ws/src/stair_detection_pkg/stair_modeling_ros/install/stair_modeling_ros/share/stair_modeling_ros/hook/ld_library_path_lib.ps1'
[44.486s] INFO:colcon.colcon_core.shell:Creating environment descriptor '/home/nimrod/ros2_ws/src/stair_detection_pkg/stair_modeling_ros/install/stair_modeling_ros/share/stair_modeling_ros/hook/ld_library_path_lib.dsv'
[44.487s] INFO:colcon.colcon_core.shell:Creating environment hook '/home/nimrod/ros2_ws/src/stair_detection_pkg/stair_modeling_ros/install/stair_modeling_ros/share/stair_modeling_ros/hook/ld_library_path_lib.sh'
[44.487s] Level 1:colcon.colcon_core.environment:checking '/home/nimrod/ros2_ws/src/stair_detection_pkg/stair_modeling_ros/install/stair_modeling_ros/bin'
[44.488s] Level 1:colcon.colcon_core.environment:checking '/home/nimrod/ros2_ws/src/stair_detection_pkg/stair_modeling_ros/install/stair_modeling_ros/lib/pkgconfig/stair_modeling_ros.pc'
[44.488s] Level 1:colcon.colcon_core.environment:checking '/home/nimrod/ros2_ws/src/stair_detection_pkg/stair_modeling_ros/install/stair_modeling_ros/lib/python3.8/site-packages'
[44.488s] Level 1:colcon.colcon_core.environment:checking '/home/nimrod/ros2_ws/src/stair_detection_pkg/stair_modeling_ros/install/stair_modeling_ros/bin'
[44.580s] INFO:colcon.colcon_core.shell:Creating package script '/home/nimrod/ros2_ws/src/stair_detection_pkg/stair_modeling_ros/install/stair_modeling_ros/share/stair_modeling_ros/package.ps1'
[44.581s] INFO:colcon.colcon_core.shell:Creating package descriptor '/home/nimrod/ros2_ws/src/stair_detection_pkg/stair_modeling_ros/install/stair_modeling_ros/share/stair_modeling_ros/package.dsv'
[44.582s] INFO:colcon.colcon_core.shell:Creating package script '/home/nimrod/ros2_ws/src/stair_detection_pkg/stair_modeling_ros/install/stair_modeling_ros/share/stair_modeling_ros/package.sh'
[44.583s] INFO:colcon.colcon_core.shell:Creating package script '/home/nimrod/ros2_ws/src/stair_detection_pkg/stair_modeling_ros/install/stair_modeling_ros/share/stair_modeling_ros/package.bash'
[44.585s] INFO:colcon.colcon_core.shell:Creating package script '/home/nimrod/ros2_ws/src/stair_detection_pkg/stair_modeling_ros/install/stair_modeling_ros/share/stair_modeling_ros/package.zsh'
[44.586s] Level 1:colcon.colcon_core.environment:create_file_with_runtime_dependencies(/home/nimrod/ros2_ws/src/stair_detection_pkg/stair_modeling_ros/install/stair_modeling_ros/share/colcon-core/packages/stair_modeling_ros)
[44.596s] DEBUG:colcon.colcon_parallel_executor.executor.parallel:run_until_complete finished
[44.597s] DEBUG:colcon.colcon_parallel_executor.executor.parallel:closing loop
[44.597s] DEBUG:colcon.colcon_parallel_executor.executor.parallel:loop closed
[44.597s] DEBUG:colcon.colcon_core.event_reactor:joining thread
[44.701s] INFO:colcon.colcon_core.plugin_system:Skipping extension 'colcon_notification.desktop_notification.terminal_notifier': Not used on non-Darwin systems
[44.701s] INFO:colcon.colcon_core.plugin_system:Skipping extension 'colcon_notification.desktop_notification.win32': Not used on non-Windows systems
[44.701s] INFO:colcon.colcon_notification.desktop_notification:Sending desktop notification using 'notify2'
[44.726s] DEBUG:colcon.colcon_core.event_reactor:joined thread
[44.818s] INFO:colcon.colcon_core.shell:Creating prefix script '/home/nimrod/ros2_ws/src/stair_detection_pkg/stair_modeling_ros/install/local_setup.ps1'
[44.820s] INFO:colcon.colcon_core.shell:Creating prefix util module '/home/nimrod/ros2_ws/src/stair_detection_pkg/stair_modeling_ros/install/_local_setup_util_ps1.py'
[44.822s] INFO:colcon.colcon_core.shell:Creating prefix chain script '/home/nimrod/ros2_ws/src/stair_detection_pkg/stair_modeling_ros/install/setup.ps1'
[44.913s] INFO:colcon.colcon_core.shell:Creating prefix script '/home/nimrod/ros2_ws/src/stair_detection_pkg/stair_modeling_ros/install/local_setup.sh'
[44.914s] INFO:colcon.colcon_core.shell:Creating prefix util module '/home/nimrod/ros2_ws/src/stair_detection_pkg/stair_modeling_ros/install/_local_setup_util_sh.py'
[44.915s] INFO:colcon.colcon_core.shell:Creating prefix chain script '/home/nimrod/ros2_ws/src/stair_detection_pkg/stair_modeling_ros/install/setup.sh'
[45.024s] INFO:colcon.colcon_core.shell:Creating prefix script '/home/nimrod/ros2_ws/src/stair_detection_pkg/stair_modeling_ros/install/local_setup.bash'
[45.024s] INFO:colcon.colcon_core.shell:Creating prefix chain script '/home/nimrod/ros2_ws/src/stair_detection_pkg/stair_modeling_ros/install/setup.bash'
[45.109s] INFO:colcon.colcon_core.shell:Creating prefix script '/home/nimrod/ros2_ws/src/stair_detection_pkg/stair_modeling_ros/install/local_setup.zsh'
[45.110s] INFO:colcon.colcon_core.shell:Creating prefix chain script '/home/nimrod/ros2_ws/src/stair_detection_pkg/stair_modeling_ros/install/setup.zsh'
