[0.292s] Invoking command in '/home/nimrod/ros2_ws/src/stair_detection_pkg/stair_modeling_ros/build/stair_modeling_ros': CMAKE_PREFIX_PATH=${CMAKE_PREFIX_PATH}:/home/nimrod/ros2_ws/install/stair_detection_ros:/opt/ros/foxy /home/nimrod/.local/bin/cmake --build /home/nimrod/ros2_ws/src/stair_detection_pkg/stair_modeling_ros/build/stair_modeling_ros -- -j16 -l16
[0.345s] -- Found ament_cmake: 0.9.12 (/opt/ros/foxy/share/ament_cmake/cmake)
[0.378s] -- Using PYTHON_EXECUTABLE: /usr/bin/python3
[0.611s] -- Found rclcpp: 2.4.3 (/opt/ros/foxy/share/rclcpp/cmake)
[0.659s] -- Using all available rosidl_typesupport_c: rosidl_typesupport_fastrtps_c;rosidl_typesupport_introspection_c
[0.663s] -- Found rosidl_adapter: 1.3.1 (/opt/ros/foxy/share/rosidl_adapter/cmake)
[0.828s] -- Using all available rosidl_typesupport_cpp: rosidl_typesupport_fastrtps_cpp;rosidl_typesupport_introspection_cpp
[0.885s] -- Found rmw_implementation_cmake: 1.0.4 (/opt/ros/foxy/share/rmw_implementation_cmake/cmake)
[0.887s] -- Using RMW implementation 'rmw_fastrtps_cpp' as default
[1.053s] -- Found rclcpp_components: 2.4.3 (/opt/ros/foxy/share/rclcpp_components/cmake)
[1.125s] -- Found sensor_msgs: 2.0.5 (/opt/ros/foxy/share/sensor_msgs/cmake)
[1.284s] -- Found tf2_ros: 0.13.14 (/opt/ros/foxy/share/tf2_ros/cmake)
[1.619s] -- Found tf2_geometry_msgs: 0.13.14 (/opt/ros/foxy/share/tf2_geometry_msgs/cmake)
[1.626s] -- Found eigen3_cmake_module: 0.1.1 (/opt/ros/foxy/share/eigen3_cmake_module/cmake)
[1.668s] -- Eigen found (include: /usr/include/eigen3, version: 3.3.7)
[1.745s] -- The imported target "vtkParseOGLExt" references the file
[1.745s]    "/usr/bin/vtkParseOGLExt-7.1"
[1.745s] but this file does not exist.  Possible reasons include:
[1.745s] * The file was deleted, renamed, or moved to another location.
[1.746s] * An install or uninstall procedure did not complete successfully.
[1.746s] * The installation package was faulty and contained
[1.746s]    "/usr/lib/cmake/vtk-7.1/VTKTargets.cmake"
[1.746s] but not all the files it references.
[1.746s] 
[1.746s] -- The imported target "vtkRenderingPythonTkWidgets" references the file
[1.746s]    "/usr/lib/x86_64-linux-gnu/libvtkRenderingPythonTkWidgets.so"
[1.746s] but this file does not exist.  Possible reasons include:
[1.746s] * The file was deleted, renamed, or moved to another location.
[1.747s] * An install or uninstall procedure did not complete successfully.
[1.747s] * The installation package was faulty and contained
[1.747s]    "/usr/lib/cmake/vtk-7.1/VTKTargets.cmake"
[1.747s] but not all the files it references.
[1.747s] 
[1.747s] -- The imported target "vtk" references the file
[1.747s]    "/usr/bin/vtk"
[1.747s] but this file does not exist.  Possible reasons include:
[1.747s] * The file was deleted, renamed, or moved to another location.
[1.748s] * An install or uninstall procedure did not complete successfully.
[1.748s] * The installation package was faulty and contained
[1.748s]    "/usr/lib/cmake/vtk-7.1/VTKTargets.cmake"
[1.748s] but not all the files it references.
[1.748s] 
[1.748s] -- The imported target "pvtk" references the file
[1.748s]    "/usr/bin/pvtk"
[1.748s] but this file does not exist.  Possible reasons include:
[1.748s] * The file was deleted, renamed, or moved to another location.
[1.749s] * An install or uninstall procedure did not complete successfully.
[1.749s] * The installation package was faulty and contained
[1.749s]    "/usr/lib/cmake/vtk-7.1/VTKTargets.cmake"
[1.749s] but not all the files it references.
[1.749s] 
[1.765s] [33mCMake Warning (dev) at /home/nimrod/.local/lib/python3.8/site-packages/cmake/data/share/cmake-3.26/Modules/FindPackageHandleStandardArgs.cmake:438 (message):
[1.765s]   The package name passed to `find_package_handle_standard_args` (USB_10)
[1.765s]   does not match the name of the calling package (OpenNI).  This can lead to
[1.765s]   problems in calling code that expects `find_package` result variables
[1.765s]   (e.g., `_FOUND`) to follow a certain pattern.
[1.766s] Call Stack (most recent call first):
[1.766s]   /usr/lib/x86_64-linux-gnu/cmake/pcl/Modules/FindOpenNI.cmake:28 (find_package_handle_standard_args)
[1.766s]   /usr/lib/x86_64-linux-gnu/cmake/pcl/PCLConfig.cmake:179 (find_package)
[1.766s]   /usr/lib/x86_64-linux-gnu/cmake/pcl/PCLConfig.cmake:322 (find_openni)
[1.766s]   /usr/lib/x86_64-linux-gnu/cmake/pcl/PCLConfig.cmake:548 (find_external_library)
[1.766s]   CMakeLists.txt:37 (find_package)
[1.766s] This warning is for project developers.  Use -Wno-dev to suppress it.
[1.766s] [0m
[1.767s] -- OpenNI found (include: /usr/include/ni, lib: /usr/lib/libOpenNI.so)
[1.773s] [33mCMake Warning (dev) at /home/nimrod/.local/lib/python3.8/site-packages/cmake/data/share/cmake-3.26/Modules/FindPackageHandleStandardArgs.cmake:438 (message):
[1.773s]   The package name passed to `find_package_handle_standard_args` (USB_10)
[1.773s]   does not match the name of the calling package (OpenNI2).  This can lead to
[1.773s]   problems in calling code that expects `find_package` result variables
[1.773s]   (e.g., `_FOUND`) to follow a certain pattern.
[1.773s] Call Stack (most recent call first):
[1.774s]   /usr/lib/x86_64-linux-gnu/cmake/pcl/Modules/FindOpenNI2.cmake:28 (find_package_handle_standard_args)
[1.774s]   /usr/lib/x86_64-linux-gnu/cmake/pcl/PCLConfig.cmake:193 (find_package)
[1.774s]   /usr/lib/x86_64-linux-gnu/cmake/pcl/PCLConfig.cmake:324 (find_openni2)
[1.774s]   /usr/lib/x86_64-linux-gnu/cmake/pcl/PCLConfig.cmake:548 (find_external_library)
[1.774s]   CMakeLists.txt:37 (find_package)
[1.774s] This warning is for project developers.  Use -Wno-dev to suppress it.
[1.774s] [0m
[1.775s] -- OpenNI2 found (include: /usr/include/openni2, lib: /usr/lib/libOpenNI2.so)
[1.775s] [0m** WARNING ** io features related to pcap will be disabled[0m
[1.775s] [0m** WARNING ** io features related to png will be disabled[0m
[1.787s] [33mCMake Warning (dev) at /home/nimrod/.local/lib/python3.8/site-packages/cmake/data/share/cmake-3.26/Modules/FindPackageHandleStandardArgs.cmake:438 (message):
[1.788s]   The package name passed to `find_package_handle_standard_args` (libusb-1.0)
[1.788s]   does not match the name of the calling package (PCL).  This can lead to
[1.788s]   problems in calling code that expects `find_package` result variables
[1.788s]   (e.g., `_FOUND`) to follow a certain pattern.
[1.788s] Call Stack (most recent call first):
[1.788s]   /usr/lib/x86_64-linux-gnu/cmake/pcl/PCLConfig.cmake:291 (find_package_handle_standard_args)
[1.788s]   /usr/lib/x86_64-linux-gnu/cmake/pcl/PCLConfig.cmake:338 (find_libusb)
[1.788s]   /usr/lib/x86_64-linux-gnu/cmake/pcl/PCLConfig.cmake:548 (find_external_library)
[1.789s]   CMakeLists.txt:37 (find_package)
[1.789s] This warning is for project developers.  Use -Wno-dev to suppress it.
[1.789s] [0m
[1.789s] [0m** WARNING ** io features related to libusb-1.0 will be disabled[0m
[1.794s] [33mCMake Warning (dev) at /home/nimrod/.local/lib/python3.8/site-packages/cmake/data/share/cmake-3.26/Modules/FindPackageHandleStandardArgs.cmake:438 (message):
[1.794s]   The package name passed to `find_package_handle_standard_args` (USB_10)
[1.794s]   does not match the name of the calling package (OpenNI).  This can lead to
[1.794s]   problems in calling code that expects `find_package` result variables
[1.794s]   (e.g., `_FOUND`) to follow a certain pattern.
[1.794s] Call Stack (most recent call first):
[1.795s]   /usr/lib/x86_64-linux-gnu/cmake/pcl/Modules/FindOpenNI.cmake:28 (find_package_handle_standard_args)
[1.795s]   /usr/lib/x86_64-linux-gnu/cmake/pcl/PCLConfig.cmake:179 (find_package)
[1.795s]   /usr/lib/x86_64-linux-gnu/cmake/pcl/PCLConfig.cmake:322 (find_openni)
[1.795s]   /usr/lib/x86_64-linux-gnu/cmake/pcl/PCLConfig.cmake:548 (find_external_library)
[1.795s]   CMakeLists.txt:37 (find_package)
[1.795s] This warning is for project developers.  Use -Wno-dev to suppress it.
[1.795s] [0m
[1.796s] -- OpenNI found (include: /usr/include/ni, lib: /usr/lib/libOpenNI.so)
[1.802s] [33mCMake Warning (dev) at /home/nimrod/.local/lib/python3.8/site-packages/cmake/data/share/cmake-3.26/Modules/FindPackageHandleStandardArgs.cmake:438 (message):
[1.802s]   The package name passed to `find_package_handle_standard_args` (USB_10)
[1.802s]   does not match the name of the calling package (OpenNI2).  This can lead to
[1.802s]   problems in calling code that expects `find_package` result variables
[1.802s]   (e.g., `_FOUND`) to follow a certain pattern.
[1.802s] Call Stack (most recent call first):
[1.802s]   /usr/lib/x86_64-linux-gnu/cmake/pcl/Modules/FindOpenNI2.cmake:28 (find_package_handle_standard_args)
[1.802s]   /usr/lib/x86_64-linux-gnu/cmake/pcl/PCLConfig.cmake:193 (find_package)
[1.802s]   /usr/lib/x86_64-linux-gnu/cmake/pcl/PCLConfig.cmake:324 (find_openni2)
[1.802s]   /usr/lib/x86_64-linux-gnu/cmake/pcl/PCLConfig.cmake:548 (find_external_library)
[1.802s]   CMakeLists.txt:37 (find_package)
[1.802s] This warning is for project developers.  Use -Wno-dev to suppress it.
[1.802s] [0m
[1.803s] -- OpenNI2 found (include: /usr/include/openni2, lib: /usr/lib/libOpenNI2.so)
[1.817s] -- QHULL found (include: /usr/include, lib: optimized;/usr/lib/x86_64-linux-gnu/libqhull.so;debug;/usr/lib/x86_64-linux-gnu/libqhull.so)
[1.823s] [33mCMake Warning (dev) at /home/nimrod/.local/lib/python3.8/site-packages/cmake/data/share/cmake-3.26/Modules/FindPackageHandleStandardArgs.cmake:438 (message):
[1.824s]   The package name passed to `find_package_handle_standard_args` (USB_10)
[1.824s]   does not match the name of the calling package (OpenNI).  This can lead to
[1.824s]   problems in calling code that expects `find_package` result variables
[1.824s]   (e.g., `_FOUND`) to follow a certain pattern.
[1.824s] Call Stack (most recent call first):
[1.824s]   /usr/lib/x86_64-linux-gnu/cmake/pcl/Modules/FindOpenNI.cmake:28 (find_package_handle_standard_args)
[1.824s]   /usr/lib/x86_64-linux-gnu/cmake/pcl/PCLConfig.cmake:179 (find_package)
[1.824s]   /usr/lib/x86_64-linux-gnu/cmake/pcl/PCLConfig.cmake:322 (find_openni)
[1.824s]   /usr/lib/x86_64-linux-gnu/cmake/pcl/PCLConfig.cmake:548 (find_external_library)
[1.824s]   CMakeLists.txt:37 (find_package)
[1.824s] This warning is for project developers.  Use -Wno-dev to suppress it.
[1.824s] [0m
[1.825s] -- OpenNI found (include: /usr/include/ni, lib: /usr/lib/libOpenNI.so)
[1.838s] -- looking for PCL_COMMON
[1.838s] [33mCMake Warning (dev) at /home/nimrod/.local/lib/python3.8/site-packages/cmake/data/share/cmake-3.26/Modules/FindPackageHandleStandardArgs.cmake:438 (message):
[1.839s]   The package name passed to `find_package_handle_standard_args` (PCL_COMMON)
[1.839s]   does not match the name of the calling package (PCL).  This can lead to
[1.839s]   problems in calling code that expects `find_package` result variables
[1.839s]   (e.g., `_FOUND`) to follow a certain pattern.
[1.839s] Call Stack (most recent call first):
[1.839s]   /usr/lib/x86_64-linux-gnu/cmake/pcl/PCLConfig.cmake:616 (find_package_handle_standard_args)
[1.839s]   CMakeLists.txt:37 (find_package)
[1.839s] This warning is for project developers.  Use -Wno-dev to suppress it.
[1.840s] [0m
[1.840s] -- looking for PCL_KDTREE
[1.840s] [33mCMake Warning (dev) at /home/nimrod/.local/lib/python3.8/site-packages/cmake/data/share/cmake-3.26/Modules/FindPackageHandleStandardArgs.cmake:438 (message):
[1.840s]   The package name passed to `find_package_handle_standard_args` (PCL_KDTREE)
[1.840s]   does not match the name of the calling package (PCL).  This can lead to
[1.840s]   problems in calling code that expects `find_package` result variables
[1.840s]   (e.g., `_FOUND`) to follow a certain pattern.
[1.840s] Call Stack (most recent call first):
[1.840s]   /usr/lib/x86_64-linux-gnu/cmake/pcl/PCLConfig.cmake:616 (find_package_handle_standard_args)
[1.840s]   CMakeLists.txt:37 (find_package)
[1.840s] This warning is for project developers.  Use -Wno-dev to suppress it.
[1.840s] [0m
[1.840s] [33mCMake Warning (dev) at /home/nimrod/.local/lib/python3.8/site-packages/cmake/data/share/cmake-3.26/Modules/FindPackageHandleStandardArgs.cmake:438 (message):
[1.841s]   The package name passed to `find_package_handle_standard_args` (PCL_OCTREE)
[1.841s]   does not match the name of the calling package (PCL).  This can lead to
[1.841s]   problems in calling code that expects `find_package` result variables
[1.841s]   (e.g., `_FOUND`) to follow a certain pattern.
[1.841s] Call Stack (most recent call first):
[1.841s]   /usr/lib/x86_64-linux-gnu/cmake/pcl/PCLConfig.cmake:616 (find_package_handle_standard_args)
[1.841s]   CMakeLists.txt:37 (find_package)
[1.841s] This warning is for project developers.  Use -Wno-dev to suppress it.
[1.841s] [0m
[1.841s] [33mCMake Warning (dev) at /home/nimrod/.local/lib/python3.8/site-packages/cmake/data/share/cmake-3.26/Modules/FindPackageHandleStandardArgs.cmake:438 (message):
[1.841s]   The package name passed to `find_package_handle_standard_args` (PCL_SEARCH)
[1.841s]   does not match the name of the calling package (PCL).  This can lead to
[1.841s]   problems in calling code that expects `find_package` result variables
[1.841s]   (e.g., `_FOUND`) to follow a certain pattern.
[1.841s] Call Stack (most recent call first):
[1.841s]   /usr/lib/x86_64-linux-gnu/cmake/pcl/PCLConfig.cmake:616 (find_package_handle_standard_args)
[1.842s]   CMakeLists.txt:37 (find_package)
[1.842s] This warning is for project developers.  Use -Wno-dev to suppress it.
[1.842s] [0m
[1.842s] -- looking for PCL_OCTREE
[1.842s] -- looking for PCL_SEARCH
[1.842s] -- looking for PCL_SAMPLE_CONSENSUS
[1.842s] [33mCMake Warning (dev) at /home/nimrod/.local/lib/python3.8/site-packages/cmake/data/share/cmake-3.26/Modules/FindPackageHandleStandardArgs.cmake:438 (message):
[1.842s]   The package name passed to `find_package_handle_standard_args`
[1.842s]   (PCL_SAMPLE_CONSENSUS) does not match the name of the calling package
[1.842s]   (PCL).  This can lead to problems in calling code that expects
[1.842s]   `find_package` result variables (e.g., `_FOUND`) to follow a certain
[1.842s]   pattern.
[1.842s] Call Stack (most recent call first):
[1.842s]   /usr/lib/x86_64-linux-gnu/cmake/pcl/PCLConfig.cmake:616 (find_package_handle_standard_args)
[1.842s]   CMakeLists.txt:37 (find_package)
[1.842s] This warning is for project developers.  Use -Wno-dev to suppress it.
[1.843s] [0m
[1.843s] -- looking for PCL_FILTERS
[1.843s] -- looking for PCL_2D
[1.843s] [33mCMake Warning (dev) at /home/nimrod/.local/lib/python3.8/site-packages/cmake/data/share/cmake-3.26/Modules/FindPackageHandleStandardArgs.cmake:438 (message):
[1.843s]   The package name passed to `find_package_handle_standard_args`
[1.843s]   (PCL_FILTERS) does not match the name of the calling package (PCL).  This
[1.843s]   can lead to problems in calling code that expects `find_package` result
[1.843s]   variables (e.g., `_FOUND`) to follow a certain pattern.
[1.843s] Call Stack (most recent call first):
[1.843s]   /usr/lib/x86_64-linux-gnu/cmake/pcl/PCLConfig.cmake:616 (find_package_handle_standard_args)
[1.843s]   CMakeLists.txt:37 (find_package)
[1.843s] This warning is for project developers.  Use -Wno-dev to suppress it.
[1.843s] [0m
[1.844s] [33mCMake Warning (dev) at /home/nimrod/.local/lib/python3.8/site-packages/cmake/data/share/cmake-3.26/Modules/FindPackageHandleStandardArgs.cmake:438 (message):
[1.844s]   The package name passed to `find_package_handle_standard_args` (PCL_2D)
[1.844s]   does not match the name of the calling package (PCL).  This can lead to
[1.844s]   problems in calling code that expects `find_package` result variables
[1.844s]   (e.g., `_FOUND`) to follow a certain pattern.
[1.844s] Call Stack (most recent call first):
[1.844s]   /usr/lib/x86_64-linux-gnu/cmake/pcl/PCLConfig.cmake:619 (find_package_handle_standard_args)
[1.844s]   CMakeLists.txt:37 (find_package)
[1.844s] This warning is for project developers.  Use -Wno-dev to suppress it.
[1.844s] [0m
[1.844s] -- looking for PCL_GEOMETRY
[1.844s] [33mCMake Warning (dev) at /home/nimrod/.local/lib/python3.8/site-packages/cmake/data/share/cmake-3.26/Modules/FindPackageHandleStandardArgs.cmake:438 (message):
[1.844s]   The package name passed to `find_package_handle_standard_args`
[1.844s]   (PCL_GEOMETRY) does not match the name of the calling package (PCL).  This
[1.844s]   can lead to problems in calling code that expects `find_package` result
[1.844s]   variables (e.g., `_FOUND`) to follow a certain pattern.
[1.845s] Call Stack (most recent call first):
[1.845s]   /usr/lib/x86_64-linux-gnu/cmake/pcl/PCLConfig.cmake:619 (find_package_handle_standard_args)
[1.845s]   CMakeLists.txt:37 (find_package)
[1.845s] This warning is for project developers.  Use -Wno-dev to suppress it.
[1.845s] -- looking for PCL_IO
[1.845s] -- looking for PCL_FEATURES
[1.845s] -- looking for PCL_ML
[1.845s] [0m
[1.845s] [33mCMake Warning (dev) at /home/nimrod/.local/lib/python3.8/site-packages/cmake/data/share/cmake-3.26/Modules/FindPackageHandleStandardArgs.cmake:438 (message):
[1.845s]   The package name passed to `find_package_handle_standard_args` (PCL_IO)
[1.845s]   does not match the name of the calling package (PCL).  This can lead to
[1.845s]   problems in calling code that expects `find_package` result variables
[1.845s]   (e.g., `_FOUND`) to follow a certain pattern.
[1.845s] Call Stack (most recent call first):
[1.845s]   /usr/lib/x86_64-linux-gnu/cmake/pcl/PCLConfig.cmake:616 (find_package_handle_standard_args)
[1.845s]   CMakeLists.txt:37 (find_package)
[1.846s] This warning is for project developers.  Use -Wno-dev to suppress it.
[1.846s] [0m
[1.846s] [33mCMake Warning (dev) at /home/nimrod/.local/lib/python3.8/site-packages/cmake/data/share/cmake-3.26/Modules/FindPackageHandleStandardArgs.cmake:438 (message):
[1.847s]   The package name passed to `find_package_handle_standard_args`
[1.847s]   (PCL_FEATURES) does not match the name of the calling package (PCL).  This
[1.847s]   can lead to problems in calling code that expects `find_package` result
[1.847s]   variables (e.g., `_FOUND`) to follow a certain pattern.
[1.847s] Call Stack (most recent call first):
[1.847s]   /usr/lib/x86_64-linux-gnu/cmake/pcl/PCLConfig.cmake:616 (find_package_handle_standard_args)
[1.847s]   CMakeLists.txt:37 (find_package)
[1.847s] This warning is for project developers.  Use -Wno-dev to suppress it.
[1.847s] [0m
[1.847s] [33mCMake Warning (dev) at /home/nimrod/.local/lib/python3.8/site-packages/cmake/data/share/cmake-3.26/Modules/FindPackageHandleStandardArgs.cmake:438 (message):
[1.847s]   The package name passed to `find_package_handle_standard_args` (PCL_ML)
[1.847s]   does not match the name of the calling package (PCL).  This can lead to
[1.848s]   problems in calling code that expects `find_package` result variables
[1.848s]   (e.g., `_FOUND`) to follow a certain pattern.
[1.848s] Call Stack (most recent call first):
[1.848s]   /usr/lib/x86_64-linux-gnu/cmake/pcl/PCLConfig.cmake:616 (find_package_handle_standard_args)
[1.848s]   CMakeLists.txt:37 (find_package)
[1.848s] This warning is for project developers.  Use -Wno-dev to suppress it.
[1.848s] [0m
[1.848s] -- looking for PCL_SEGMENTATION
[1.848s] [33mCMake Warning (dev) at /home/nimrod/.local/lib/python3.8/site-packages/cmake/data/share/cmake-3.26/Modules/FindPackageHandleStandardArgs.cmake:438 (message):
[1.848s]   The package name passed to `find_package_handle_standard_args`
[1.848s]   (PCL_SEGMENTATION) does not match the name of the calling package (PCL).
[1.848s]   This can lead to problems in calling code that expects `find_package`
[1.848s]   result variables (e.g., `_FOUND`) to follow a certain pattern.
[1.848s] Call Stack (most recent call first):
[1.848s]   /usr/lib/x86_64-linux-gnu/cmake/pcl/PCLConfig.cmake:616 (find_package_handle_standard_args)
[1.848s]   CMakeLists.txt:37 (find_package)
[1.848s] This warning is for project developers.  Use -Wno-dev to suppress it.
[1.848s] [0m
[1.848s] -- looking for PCL_VISUALIZATION
[1.849s] -- looking for PCL_SURFACE
[1.849s] [33mCMake Warning (dev) at /home/nimrod/.local/lib/python3.8/site-packages/cmake/data/share/cmake-3.26/Modules/FindPackageHandleStandardArgs.cmake:438 (message):
[1.849s]   The package name passed to `find_package_handle_standard_args`
[1.849s]   (PCL_VISUALIZATION) does not match the name of the calling package (PCL).
[1.849s]   This can lead to problems in calling code that expects `find_package`
[1.849s]   result variables (e.g., `_FOUND`) to follow a certain pattern.
[1.849s] Call Stack (most recent call first):
[1.849s]   /usr/lib/x86_64-linux-gnu/cmake/pcl/PCLConfig.cmake:616 (find_package_handle_standard_args)
[1.849s]   CMakeLists.txt:37 (find_package)
[1.849s] This warning is for project developers.  Use -Wno-dev to suppress it.
[1.849s] [0m
[1.849s] -- looking for PCL_REGISTRATION
[1.849s] [33mCMake Warning (dev) at /home/nimrod/.local/lib/python3.8/site-packages/cmake/data/share/cmake-3.26/Modules/FindPackageHandleStandardArgs.cmake:438 (message):
[1.849s]   The package name passed to `find_package_handle_standard_args`
[1.849s]   (PCL_SURFACE) does not match the name of the calling package (PCL).  This
[1.849s]   can lead to problems in calling code that expects `find_package` result
[1.849s]   variables (e.g., `_FOUND`) to follow a certain pattern.
[1.850s] Call Stack (most recent call first):
[1.850s]   /usr/lib/x86_64-linux-gnu/cmake/pcl/PCLConfig.cmake:616 (find_package_handle_standard_args)
[1.850s]   CMakeLists.txt:37 (find_package)
[1.850s] This warning is for project developers.  Use -Wno-dev to suppress it.
[1.850s] [0m
[1.850s] -- looking for PCL_KEYPOINTS
[1.850s] -- looking for PCL_TRACKING
[1.850s] [33mCMake Warning (dev) at /home/nimrod/.local/lib/python3.8/site-packages/cmake/data/share/cmake-3.26/Modules/FindPackageHandleStandardArgs.cmake:438 (message):
[1.850s]   The package name passed to `find_package_handle_standard_args`
[1.850s]   (PCL_REGISTRATION) does not match the name of the calling package (PCL).
[1.850s]   This can lead to problems in calling code that expects `find_package`
[1.850s]   result variables (e.g., `_FOUND`) to follow a certain pattern.
[1.850s] Call Stack (most recent call first):
[1.850s]   /usr/lib/x86_64-linux-gnu/cmake/pcl/PCLConfig.cmake:616 (find_package_handle_standard_args)
[1.851s]   CMakeLists.txt:37 (find_package)
[1.851s] This warning is for project developers.  Use -Wno-dev to suppress it.
[1.851s] [0m
[1.851s] -- looking for PCL_RECOGNITION
[1.851s] [33mCMake Warning (dev) at /home/nimrod/.local/lib/python3.8/site-packages/cmake/data/share/cmake-3.26/Modules/FindPackageHandleStandardArgs.cmake:438 (message):
[1.851s]   The package name passed to `find_package_handle_standard_args`
[1.851s]   (PCL_KEYPOINTS) does not match the name of the calling package (PCL).  This
[1.851s]   can lead to problems in calling code that expects `find_package` result
[1.851s]   variables (e.g., `_FOUND`) to follow a certain pattern.
[1.851s] Call Stack (most recent call first):
[1.851s]   /usr/lib/x86_64-linux-gnu/cmake/pcl/PCLConfig.cmake:616 (find_package_handle_standard_args)
[1.851s]   CMakeLists.txt:37 (find_package)
[1.851s] This warning is for project developers.  Use -Wno-dev to suppress it.
[1.851s] [0m
[1.851s] [33mCMake Warning (dev) at /home/nimrod/.local/lib/python3.8/site-packages/cmake/data/share/cmake-3.26/Modules/FindPackageHandleStandardArgs.cmake:438 (message):
[1.851s]   The package name passed to `find_package_handle_standard_args`
[1.851s]   (PCL_TRACKING) does not match the name of the calling package (PCL).  This
[1.851s]   can lead to problems in calling code that expects `find_package` result
[1.851s]   variables (e.g., `_FOUND`) to follow a certain pattern.
[1.851s] Call Stack (most recent call first):
[1.851s]   /usr/lib/x86_64-linux-gnu/cmake/pcl/PCLConfig.cmake:616 (find_package_handle_standard_args)
[1.851s]   CMakeLists.txt:37 (find_package)
[1.852s] This warning is for project developers.  Use -Wno-dev to suppress it.
[1.852s] [0m
[1.852s] [33mCMake Warning (dev) at /home/nimrod/.local/lib/python3.8/site-packages/cmake/data/share/cmake-3.26/Modules/FindPackageHandleStandardArgs.cmake:438 (message):
[1.852s]   The package name passed to `find_package_handle_standard_args`
[1.852s]   (PCL_RECOGNITION) does not match the name of the calling package (PCL).
[1.852s]   This can lead to problems in calling code that expects `find_package`
[1.852s]   result variables (e.g., `_FOUND`) to follow a certain pattern.
[1.852s] Call Stack (most recent call first):
[1.852s]   /usr/lib/x86_64-linux-gnu/cmake/pcl/PCLConfig.cmake:616 (find_package_handle_standard_args)
[1.852s]   CMakeLists.txt:37 (find_package)
[1.852s] This warning is for project developers.  Use -Wno-dev to suppress it.
[1.852s] [0m
[1.852s] [33mCMake Warning (dev) at /home/nimrod/.local/lib/python3.8/site-packages/cmake/data/share/cmake-3.26/Modules/FindPackageHandleStandardArgs.cmake:438 (message):
[1.852s]   The package name passed to `find_package_handle_standard_args` (PCL_STEREO)
[1.852s]   does not match the name of the calling package (PCL).  This can lead to
[1.852s]   problems in calling code that expects `find_package` result variables
[1.852s]   (e.g., `_FOUND`) to follow a certain pattern.
[1.852s] Call Stack (most recent call first):
[1.852s]   /usr/lib/x86_64-linux-gnu/cmake/pcl/PCLConfig.cmake:616 (find_package_handle_standard_args)
[1.852s]   CMakeLists.txt:37 (find_package)
[1.852s] This warning is for project developers.  Use -Wno-dev to suppress it.
[1.853s] [0m
[1.853s] -- looking for PCL_STEREO
[1.853s] -- looking for PCL_APPS
[1.853s] [33mCMake Warning (dev) at /home/nimrod/.local/lib/python3.8/site-packages/cmake/data/share/cmake-3.26/Modules/FindPackageHandleStandardArgs.cmake:438 (message):
[1.853s]   The package name passed to `find_package_handle_standard_args` (PCL_APPS)
[1.853s]   does not match the name of the calling package (PCL).  This can lead to
[1.853s]   problems in calling code that expects `find_package` result variables
[1.853s]   (e.g., `_FOUND`) to follow a certain pattern.
[1.853s] Call Stack (most recent call first):
[1.853s]   /usr/lib/x86_64-linux-gnu/cmake/pcl/PCLConfig.cmake:616 (find_package_handle_standard_args)
[1.853s]   CMakeLists.txt:37 (find_package)
[1.853s] This warning is for project developers.  Use -Wno-dev to suppress it.
[1.853s] [0m
[1.853s] -- looking for PCL_IN_HAND_SCANNER
[1.853s] [33mCMake Warning (dev) at /home/nimrod/.local/lib/python3.8/site-packages/cmake/data/share/cmake-3.26/Modules/FindPackageHandleStandardArgs.cmake:438 (message):
[1.853s]   The package name passed to `find_package_handle_standard_args`
[1.853s]   (PCL_IN_HAND_SCANNER) does not match the name of the calling package (PCL).
[1.853s]   This can lead to problems in calling code that expects `find_package`
[1.853s]   result variables (e.g., `_FOUND`) to follow a certain pattern.
[1.853s] Call Stack (most recent call first):
[1.853s]   /usr/lib/x86_64-linux-gnu/cmake/pcl/PCLConfig.cmake:619 (find_package_handle_standard_args)
[1.853s]   CMakeLists.txt:37 (find_package)
[1.853s] This warning is for project developers.  Use -Wno-dev to suppress it.
[1.854s] [0m
[1.854s] -- looking for PCL_POINT_CLOUD_EDITOR
[1.854s] [33mCMake Warning (dev) at /home/nimrod/.local/lib/python3.8/site-packages/cmake/data/share/cmake-3.26/Modules/FindPackageHandleStandardArgs.cmake:438 (message):
[1.854s]   The package name passed to `find_package_handle_standard_args`
[1.854s]   (PCL_POINT_CLOUD_EDITOR) does not match the name of the calling package
[1.854s]   (PCL).  This can lead to problems in calling code that expects
[1.854s]   `find_package` result variables (e.g., `_FOUND`) to follow a certain
[1.854s]   pattern.
[1.854s] Call Stack (most recent call first):
[1.854s]   /usr/lib/x86_64-linux-gnu/cmake/pcl/PCLConfig.cmake:619 (find_package_handle_standard_args)
[1.854s]   CMakeLists.txt:37 (find_package)
[1.854s] This warning is for project developers.  Use -Wno-dev to suppress it.
[1.854s] [0m
[1.854s] -- looking for PCL_OUTOFCORE
[1.854s] -- looking for PCL_PEOPLE
[1.854s] [33mCMake Warning (dev) at /home/nimrod/.local/lib/python3.8/site-packages/cmake/data/share/cmake-3.26/Modules/FindPackageHandleStandardArgs.cmake:438 (message):
[1.854s]   The package name passed to `find_package_handle_standard_args`
[1.854s]   (PCL_OUTOFCORE) does not match the name of the calling package (PCL).  This
[1.854s]   can lead to problems in calling code that expects `find_package` result
[1.854s]   variables (e.g., `_FOUND`) to follow a certain pattern.
[1.854s] Call Stack (most recent call first):
[1.854s]   /usr/lib/x86_64-linux-gnu/cmake/pcl/PCLConfig.cmake:616 (find_package_handle_standard_args)
[1.854s]   CMakeLists.txt:37 (find_package)
[1.855s] This warning is for project developers.  Use -Wno-dev to suppress it.
[1.855s] [0m
[1.855s] [33mCMake Warning (dev) at /home/nimrod/.local/lib/python3.8/site-packages/cmake/data/share/cmake-3.26/Modules/FindPackageHandleStandardArgs.cmake:438 (message):
[1.855s]   The package name passed to `find_package_handle_standard_args` (PCL_PEOPLE)
[1.855s]   does not match the name of the calling package (PCL).  This can lead to
[1.855s]   problems in calling code that expects `find_package` result variables
[1.855s]   (e.g., `_FOUND`) to follow a certain pattern.
[1.855s] Call Stack (most recent call first):
[1.855s]   /usr/lib/x86_64-linux-gnu/cmake/pcl/PCLConfig.cmake:616 (find_package_handle_standard_args)
[1.855s]   CMakeLists.txt:37 (find_package)
[1.855s] This warning is for project developers.  Use -Wno-dev to suppress it.
[1.855s] [0m
[1.855s] -- Found visualization_msgs: 2.0.5 (/opt/ros/foxy/share/visualization_msgs/cmake)
[1.930s] -- Found zion_msgs: 0.0.0 (/home/nimrod/ros2_ws/install/zion_msgs/share/zion_msgs/cmake)
[2.072s] -- Configuring done (1.7s)
[2.121s] -- Generating done (0.0s)
[2.123s] -- Build files have been written to: /home/nimrod/ros2_ws/src/stair_detection_pkg/stair_modeling_ros/build/stair_modeling_ros
[2.205s] [ 14%] [32mBuilding CXX object CMakeFiles/stair_modeling_ros.dir/src/stair_modeling.cpp.o[0m
[18.466s] [ 28%] [32m[1mLinking CXX shared library libstair_modeling_ros.so[0m
[21.024s] [ 71%] Built target stair_modeling_ros
[21.055s] [ 85%] [32m[1mLinking CXX executable stair_modeling_ros_node[0m
[22.078s] [100%] Built target stair_modeling_ros_node
[22.089s] Invoked command in '/home/nimrod/ros2_ws/src/stair_detection_pkg/stair_modeling_ros/build/stair_modeling_ros' returned '0': CMAKE_PREFIX_PATH=${CMAKE_PREFIX_PATH}:/home/nimrod/ros2_ws/install/stair_detection_ros:/opt/ros/foxy /home/nimrod/.local/bin/cmake --build /home/nimrod/ros2_ws/src/stair_detection_pkg/stair_modeling_ros/build/stair_modeling_ros -- -j16 -l16
[22.201s] Invoking command in '/home/nimrod/ros2_ws/src/stair_detection_pkg/stair_modeling_ros/build/stair_modeling_ros': CMAKE_PREFIX_PATH=${CMAKE_PREFIX_PATH}:/home/nimrod/ros2_ws/install/stair_detection_ros:/opt/ros/foxy /home/nimrod/.local/bin/cmake --install /home/nimrod/ros2_ws/src/stair_detection_pkg/stair_modeling_ros/build/stair_modeling_ros
[22.238s] -- Install configuration: ""
[22.238s] -- Installing: /home/nimrod/ros2_ws/src/stair_detection_pkg/stair_modeling_ros/install/stair_modeling_ros/lib/libstair_modeling_ros.so
[22.248s] -- Set runtime path of "/home/nimrod/ros2_ws/src/stair_detection_pkg/stair_modeling_ros/install/stair_modeling_ros/lib/libstair_modeling_ros.so" to ""
[22.248s] -- Installing: /home/nimrod/ros2_ws/src/stair_detection_pkg/stair_modeling_ros/install/stair_modeling_ros/lib/stair_modeling_ros/stair_modeling_ros_node
[22.248s] -- Set runtime path of "/home/nimrod/ros2_ws/src/stair_detection_pkg/stair_modeling_ros/install/stair_modeling_ros/lib/stair_modeling_ros/stair_modeling_ros_node" to ""
[22.248s] -- Up-to-date: /home/nimrod/ros2_ws/src/stair_detection_pkg/stair_modeling_ros/install/stair_modeling_ros/include/stair_modeling_ros
[22.249s] -- Up-to-date: /home/nimrod/ros2_ws/src/stair_detection_pkg/stair_modeling_ros/install/stair_modeling_ros/share/stair_modeling_ros/rviz2
[22.249s] -- Up-to-date: /home/nimrod/ros2_ws/src/stair_detection_pkg/stair_modeling_ros/install/stair_modeling_ros/share/stair_modeling_ros/rviz2/stair_modeling.rviz
[22.249s] -- Up-to-date: /home/nimrod/ros2_ws/src/stair_detection_pkg/stair_modeling_ros/install/stair_modeling_ros/share/stair_modeling_ros/params
[22.249s] -- Up-to-date: /home/nimrod/ros2_ws/src/stair_detection_pkg/stair_modeling_ros/install/stair_modeling_ros/share/stair_modeling_ros/params/stair_modeling_params.yaml
[22.249s] -- Up-to-date: /home/nimrod/ros2_ws/src/stair_detection_pkg/stair_modeling_ros/install/stair_modeling_ros/share/stair_modeling_ros/launch
[22.249s] -- Up-to-date: /home/nimrod/ros2_ws/src/stair_detection_pkg/stair_modeling_ros/install/stair_modeling_ros/share/stair_modeling_ros/launch/stair_modeling_view.launch.py
[22.249s] -- Installing: /home/nimrod/ros2_ws/src/stair_detection_pkg/stair_modeling_ros/install/stair_modeling_ros/share/stair_modeling_ros/launch/stair_modeling.launch.py
[22.249s] -- Up-to-date: /home/nimrod/ros2_ws/src/stair_detection_pkg/stair_modeling_ros/install/stair_modeling_ros/share/ament_index/resource_index/package_run_dependencies/stair_modeling_ros
[22.249s] -- Installing: /home/nimrod/ros2_ws/src/stair_detection_pkg/stair_modeling_ros/install/stair_modeling_ros/share/ament_index/resource_index/parent_prefix_path/stair_modeling_ros
[22.249s] -- Up-to-date: /home/nimrod/ros2_ws/src/stair_detection_pkg/stair_modeling_ros/install/stair_modeling_ros/share/stair_modeling_ros/environment/ament_prefix_path.sh
[22.249s] -- Installing: /home/nimrod/ros2_ws/src/stair_detection_pkg/stair_modeling_ros/install/stair_modeling_ros/share/stair_modeling_ros/environment/ament_prefix_path.dsv
[22.249s] -- Up-to-date: /home/nimrod/ros2_ws/src/stair_detection_pkg/stair_modeling_ros/install/stair_modeling_ros/share/stair_modeling_ros/environment/path.sh
[22.249s] -- Installing: /home/nimrod/ros2_ws/src/stair_detection_pkg/stair_modeling_ros/install/stair_modeling_ros/share/stair_modeling_ros/environment/path.dsv
[22.250s] -- Up-to-date: /home/nimrod/ros2_ws/src/stair_detection_pkg/stair_modeling_ros/install/stair_modeling_ros/share/stair_modeling_ros/local_setup.bash
[22.250s] -- Up-to-date: /home/nimrod/ros2_ws/src/stair_detection_pkg/stair_modeling_ros/install/stair_modeling_ros/share/stair_modeling_ros/local_setup.sh
[22.250s] -- Up-to-date: /home/nimrod/ros2_ws/src/stair_detection_pkg/stair_modeling_ros/install/stair_modeling_ros/share/stair_modeling_ros/local_setup.zsh
[22.250s] -- Installing: /home/nimrod/ros2_ws/src/stair_detection_pkg/stair_modeling_ros/install/stair_modeling_ros/share/stair_modeling_ros/local_setup.dsv
[22.250s] -- Installing: /home/nimrod/ros2_ws/src/stair_detection_pkg/stair_modeling_ros/install/stair_modeling_ros/share/stair_modeling_ros/package.dsv
[22.250s] -- Up-to-date: /home/nimrod/ros2_ws/src/stair_detection_pkg/stair_modeling_ros/install/stair_modeling_ros/share/ament_index/resource_index/packages/stair_modeling_ros
[22.250s] -- Up-to-date: /home/nimrod/ros2_ws/src/stair_detection_pkg/stair_modeling_ros/install/stair_modeling_ros/share/stair_modeling_ros/cmake/stair_modeling_rosConfig.cmake
[22.250s] -- Up-to-date: /home/nimrod/ros2_ws/src/stair_detection_pkg/stair_modeling_ros/install/stair_modeling_ros/share/stair_modeling_ros/cmake/stair_modeling_rosConfig-version.cmake
[22.250s] -- Up-to-date: /home/nimrod/ros2_ws/src/stair_detection_pkg/stair_modeling_ros/install/stair_modeling_ros/share/stair_modeling_ros/package.xml
[22.255s] Invoked command in '/home/nimrod/ros2_ws/src/stair_detection_pkg/stair_modeling_ros/build/stair_modeling_ros' returned '0': CMAKE_PREFIX_PATH=${CMAKE_PREFIX_PATH}:/home/nimrod/ros2_ws/install/stair_detection_ros:/opt/ros/foxy /home/nimrod/.local/bin/cmake --install /home/nimrod/ros2_ws/src/stair_detection_pkg/stair_modeling_ros/build/stair_modeling_ros
