[3.054s] DEBUG:colcon:Command line arguments: ['/usr/bin/colcon', 'build', '--packages-select', 'stair_modeling_ros']
[3.054s] DEBUG:colcon:Parsed command line arguments: Namespace(allow_overriding=[], ament_cmake_args=None, base_paths=['.'], build_base='build', catkin_cmake_args=None, catkin_skip_building_tests=False, cmake_args=None, cmake_clean_cache=False, cmake_clean_first=False, cmake_force_configure=False, cmake_target=None, cmake_target_skip_unavailable=False, continue_on_error=False, event_handlers=None, executor='parallel', ignore_user_meta=False, install_base='install', log_base=None, log_level=None, main=<bound method BuildVerb.main of <colcon_core.verb.build.BuildVerb object at 0x7f905eb6aee0>>, merge_install=False, metas=['./colcon.meta'], packages_above=None, packages_above_and_dependencies=None, packages_above_depth=None, packages_end=None, packages_ignore=None, packages_ignore_regex=None, packages_select=['stair_modeling_ros'], packages_select_build_failed=False, packages_select_by_dep=None, packages_select_regex=None, packages_select_test_failures=False, packages_skip=None, packages_skip_build_finished=False, packages_skip_by_dep=None, packages_skip_regex=None, packages_skip_test_passed=False, packages_skip_up_to=None, packages_start=None, packages_up_to=None, packages_up_to_regex=None, parallel_workers=16, paths=None, symlink_install=False, test_result_base=None, verb_extension=<colcon_core.verb.build.BuildVerb object at 0x7f905eb6aee0>, verb_name='build', verb_parser=<colcon_defaults.argument_parser.defaults.DefaultArgumentsDecorator object at 0x7f905eb42ca0>)
[3.170s] Level 1:colcon.colcon_core.package_discovery:discover_packages(colcon_meta) check parameters
[3.171s] Level 1:colcon.colcon_core.package_discovery:discover_packages(recursive) check parameters
[3.171s] Level 1:colcon.colcon_core.package_discovery:discover_packages(ignore) check parameters
[3.171s] Level 1:colcon.colcon_core.package_discovery:discover_packages(path) check parameters
[3.171s] Level 1:colcon.colcon_core.package_discovery:discover_packages(colcon_meta) discover
[3.171s] Level 1:colcon.colcon_core.package_discovery:discover_packages(recursive) discover
[3.171s] INFO:colcon.colcon_core.package_discovery:Crawling recursively for packages in '/home/nimrod/ros2_ws/src/stair_detection_pkg/stair_modeling_ros'
[3.171s] Level 1:colcon.colcon_core.package_identification:_identify(.) by extensions ['ignore', 'ignore_ament_install']
[3.171s] Level 1:colcon.colcon_core.package_identification:_identify(.) by extension 'ignore'
[3.171s] Level 1:colcon.colcon_core.package_identification:_identify(.) by extension 'ignore_ament_install'
[3.171s] Level 1:colcon.colcon_core.package_identification:_identify(.) by extensions ['colcon_pkg']
[3.171s] Level 1:colcon.colcon_core.package_identification:_identify(.) by extension 'colcon_pkg'
[3.171s] Level 1:colcon.colcon_core.package_identification:_identify(.) by extensions ['colcon_meta']
[3.171s] Level 1:colcon.colcon_core.package_identification:_identify(.) by extension 'colcon_meta'
[3.171s] Level 1:colcon.colcon_core.package_identification:_identify(.) by extensions ['ros']
[3.171s] Level 1:colcon.colcon_core.package_identification:_identify(.) by extension 'ros'
[3.185s] DEBUG:colcon.colcon_core.package_identification:Package '.' with type 'ros.ament_cmake' and name 'stair_modeling_ros'
[3.185s] Level 1:colcon.colcon_core.package_discovery:discover_packages(recursive) using defaults
[3.185s] Level 1:colcon.colcon_core.package_discovery:discover_packages(ignore) discover
[3.185s] Level 1:colcon.colcon_core.package_discovery:discover_packages(ignore) using defaults
[3.185s] Level 1:colcon.colcon_core.package_discovery:discover_packages(path) discover
[3.185s] Level 1:colcon.colcon_core.package_discovery:discover_packages(path) using defaults
[3.500s] Level 1:colcon.colcon_core.package_discovery:discover_packages(prefix_path) check parameters
[3.501s] Level 1:colcon.colcon_core.package_discovery:discover_packages(prefix_path) discover
[3.630s] DEBUG:colcon.colcon_installed_package_information.package_discovery:Found 1 installed packages in /home/nimrod/ros2_ws/src/stair_detection_pkg/stair_modeling_ros/install
[3.694s] DEBUG:colcon.colcon_installed_package_information.package_discovery:Found 22 installed packages in /home/nimrod/ros2_ws/install
[3.757s] DEBUG:colcon.colcon_installed_package_information.package_discovery:Found 267 installed packages in /opt/ros/foxy
[3.759s] Level 1:colcon.colcon_core.package_discovery:discover_packages(prefix_path) using defaults
[3.963s] Level 5:colcon.colcon_core.verb:set package 'stair_modeling_ros' build argument 'cmake_args' from command line to 'None'
[3.963s] Level 5:colcon.colcon_core.verb:set package 'stair_modeling_ros' build argument 'cmake_target' from command line to 'None'
[3.963s] Level 5:colcon.colcon_core.verb:set package 'stair_modeling_ros' build argument 'cmake_target_skip_unavailable' from command line to 'False'
[3.963s] Level 5:colcon.colcon_core.verb:set package 'stair_modeling_ros' build argument 'cmake_clean_cache' from command line to 'False'
[3.963s] Level 5:colcon.colcon_core.verb:set package 'stair_modeling_ros' build argument 'cmake_clean_first' from command line to 'False'
[3.963s] Level 5:colcon.colcon_core.verb:set package 'stair_modeling_ros' build argument 'cmake_force_configure' from command line to 'False'
[3.963s] Level 5:colcon.colcon_core.verb:set package 'stair_modeling_ros' build argument 'ament_cmake_args' from command line to 'None'
[3.963s] Level 5:colcon.colcon_core.verb:set package 'stair_modeling_ros' build argument 'catkin_cmake_args' from command line to 'None'
[3.963s] Level 5:colcon.colcon_core.verb:set package 'stair_modeling_ros' build argument 'catkin_skip_building_tests' from command line to 'False'
[3.963s] DEBUG:colcon.colcon_core.verb:Building package 'stair_modeling_ros' with the following arguments: {'ament_cmake_args': None, 'build_base': '/home/nimrod/ros2_ws/src/stair_detection_pkg/stair_modeling_ros/build/stair_modeling_ros', 'catkin_cmake_args': None, 'catkin_skip_building_tests': False, 'cmake_args': None, 'cmake_clean_cache': False, 'cmake_clean_first': False, 'cmake_force_configure': False, 'cmake_target': None, 'cmake_target_skip_unavailable': False, 'install_base': '/home/nimrod/ros2_ws/src/stair_detection_pkg/stair_modeling_ros/install/stair_modeling_ros', 'merge_install': False, 'path': '/home/nimrod/ros2_ws/src/stair_detection_pkg/stair_modeling_ros', 'symlink_install': False, 'test_result_base': None}
[4.020s] INFO:colcon.colcon_core.executor:Executing jobs using 'parallel' executor
[4.076s] DEBUG:colcon.colcon_parallel_executor.executor.parallel:run_until_complete
[4.076s] INFO:colcon.colcon_ros.task.ament_cmake.build:Building ROS package in '/home/nimrod/ros2_ws/src/stair_detection_pkg/stair_modeling_ros' with build type 'ament_cmake'
[4.076s] INFO:colcon.colcon_cmake.task.cmake.build:Building CMake package in '/home/nimrod/ros2_ws/src/stair_detection_pkg/stair_modeling_ros'
[4.136s] INFO:colcon.colcon_core.plugin_system:Skipping extension 'colcon_core.shell.bat': Not used on non-Windows systems
[4.136s] INFO:colcon.colcon_core.shell:Skip shell extension 'powershell' for command environment: Not usable outside of PowerShell
[4.136s] DEBUG:colcon.colcon_core.shell:Skip shell extension 'dsv' for command environment
[4.389s] DEBUG:colcon.colcon_core.event_handler.log_command:Invoking command in '/home/nimrod/ros2_ws/src/stair_detection_pkg/stair_modeling_ros/build/stair_modeling_ros': CMAKE_PREFIX_PATH=${CMAKE_PREFIX_PATH}:/home/nimrod/ros2_ws/install/stair_detection_ros:/opt/ros/foxy /home/nimrod/.local/bin/cmake --build /home/nimrod/ros2_ws/src/stair_detection_pkg/stair_modeling_ros/build/stair_modeling_ros -- -j16 -l16
[39.028s] DEBUG:colcon.colcon_core.event_handler.log_command:Invoked command in '/home/nimrod/ros2_ws/src/stair_detection_pkg/stair_modeling_ros/build/stair_modeling_ros' returned '0': CMAKE_PREFIX_PATH=${CMAKE_PREFIX_PATH}:/home/nimrod/ros2_ws/install/stair_detection_ros:/opt/ros/foxy /home/nimrod/.local/bin/cmake --build /home/nimrod/ros2_ws/src/stair_detection_pkg/stair_modeling_ros/build/stair_modeling_ros -- -j16 -l16
[39.143s] DEBUG:colcon.colcon_core.event_handler.log_command:Invoking command in '/home/nimrod/ros2_ws/src/stair_detection_pkg/stair_modeling_ros/build/stair_modeling_ros': CMAKE_PREFIX_PATH=${CMAKE_PREFIX_PATH}:/home/nimrod/ros2_ws/install/stair_detection_ros:/opt/ros/foxy /home/nimrod/.local/bin/cmake --install /home/nimrod/ros2_ws/src/stair_detection_pkg/stair_modeling_ros/build/stair_modeling_ros
[39.194s] Level 1:colcon.colcon_core.environment:create_environment_scripts_only(stair_modeling_ros)
[39.195s] DEBUG:colcon.colcon_core.event_handler.log_command:Invoked command in '/home/nimrod/ros2_ws/src/stair_detection_pkg/stair_modeling_ros/build/stair_modeling_ros' returned '0': CMAKE_PREFIX_PATH=${CMAKE_PREFIX_PATH}:/home/nimrod/ros2_ws/install/stair_detection_ros:/opt/ros/foxy /home/nimrod/.local/bin/cmake --install /home/nimrod/ros2_ws/src/stair_detection_pkg/stair_modeling_ros/build/stair_modeling_ros
[39.253s] Level 1:colcon.colcon_core.environment:checking '/home/nimrod/ros2_ws/src/stair_detection_pkg/stair_modeling_ros/install/stair_modeling_ros' for CMake module files
[39.253s] Level 1:colcon.colcon_core.environment:checking '/home/nimrod/ros2_ws/src/stair_detection_pkg/stair_modeling_ros/install/stair_modeling_ros' for CMake config files
[39.254s] Level 1:colcon.colcon_core.shell:create_environment_hook('stair_modeling_ros', 'cmake_prefix_path')
[39.309s] INFO:colcon.colcon_core.shell:Creating environment hook '/home/nimrod/ros2_ws/src/stair_detection_pkg/stair_modeling_ros/install/stair_modeling_ros/share/stair_modeling_ros/hook/cmake_prefix_path.ps1'
[39.310s] INFO:colcon.colcon_core.shell:Creating environment descriptor '/home/nimrod/ros2_ws/src/stair_detection_pkg/stair_modeling_ros/install/stair_modeling_ros/share/stair_modeling_ros/hook/cmake_prefix_path.dsv'
[39.310s] INFO:colcon.colcon_core.shell:Creating environment hook '/home/nimrod/ros2_ws/src/stair_detection_pkg/stair_modeling_ros/install/stair_modeling_ros/share/stair_modeling_ros/hook/cmake_prefix_path.sh'
[39.311s] Level 1:colcon.colcon_core.environment:checking '/home/nimrod/ros2_ws/src/stair_detection_pkg/stair_modeling_ros/install/stair_modeling_ros/lib'
[39.311s] Level 1:colcon.colcon_core.shell:create_environment_hook('stair_modeling_ros', 'ld_library_path_lib')
[39.369s] INFO:colcon.colcon_core.shell:Creating environment hook '/home/nimrod/ros2_ws/src/stair_detection_pkg/stair_modeling_ros/install/stair_modeling_ros/share/stair_modeling_ros/hook/ld_library_path_lib.ps1'
[39.369s] INFO:colcon.colcon_core.shell:Creating environment descriptor '/home/nimrod/ros2_ws/src/stair_detection_pkg/stair_modeling_ros/install/stair_modeling_ros/share/stair_modeling_ros/hook/ld_library_path_lib.dsv'
[39.369s] INFO:colcon.colcon_core.shell:Creating environment hook '/home/nimrod/ros2_ws/src/stair_detection_pkg/stair_modeling_ros/install/stair_modeling_ros/share/stair_modeling_ros/hook/ld_library_path_lib.sh'
[39.370s] Level 1:colcon.colcon_core.environment:checking '/home/nimrod/ros2_ws/src/stair_detection_pkg/stair_modeling_ros/install/stair_modeling_ros/bin'
[39.370s] Level 1:colcon.colcon_core.environment:checking '/home/nimrod/ros2_ws/src/stair_detection_pkg/stair_modeling_ros/install/stair_modeling_ros/lib/pkgconfig/stair_modeling_ros.pc'
[39.370s] Level 1:colcon.colcon_core.environment:checking '/home/nimrod/ros2_ws/src/stair_detection_pkg/stair_modeling_ros/install/stair_modeling_ros/lib/python3.8/site-packages'
[39.370s] Level 1:colcon.colcon_core.environment:checking '/home/nimrod/ros2_ws/src/stair_detection_pkg/stair_modeling_ros/install/stair_modeling_ros/bin'
[39.425s] INFO:colcon.colcon_core.shell:Creating package script '/home/nimrod/ros2_ws/src/stair_detection_pkg/stair_modeling_ros/install/stair_modeling_ros/share/stair_modeling_ros/package.ps1'
[39.426s] INFO:colcon.colcon_core.shell:Creating package descriptor '/home/nimrod/ros2_ws/src/stair_detection_pkg/stair_modeling_ros/install/stair_modeling_ros/share/stair_modeling_ros/package.dsv'
[39.427s] INFO:colcon.colcon_core.shell:Creating package script '/home/nimrod/ros2_ws/src/stair_detection_pkg/stair_modeling_ros/install/stair_modeling_ros/share/stair_modeling_ros/package.sh'
[39.427s] INFO:colcon.colcon_core.shell:Creating package script '/home/nimrod/ros2_ws/src/stair_detection_pkg/stair_modeling_ros/install/stair_modeling_ros/share/stair_modeling_ros/package.bash'
[39.428s] INFO:colcon.colcon_core.shell:Creating package script '/home/nimrod/ros2_ws/src/stair_detection_pkg/stair_modeling_ros/install/stair_modeling_ros/share/stair_modeling_ros/package.zsh'
[39.429s] Level 1:colcon.colcon_core.environment:create_file_with_runtime_dependencies(/home/nimrod/ros2_ws/src/stair_detection_pkg/stair_modeling_ros/install/stair_modeling_ros/share/colcon-core/packages/stair_modeling_ros)
[39.560s] Level 1:colcon.colcon_core.environment:create_environment_scripts_only(stair_modeling_ros)
[39.617s] Level 1:colcon.colcon_core.environment:checking '/home/nimrod/ros2_ws/src/stair_detection_pkg/stair_modeling_ros/install/stair_modeling_ros' for CMake module files
[39.618s] Level 1:colcon.colcon_core.environment:checking '/home/nimrod/ros2_ws/src/stair_detection_pkg/stair_modeling_ros/install/stair_modeling_ros' for CMake config files
[39.618s] Level 1:colcon.colcon_core.shell:create_environment_hook('stair_modeling_ros', 'cmake_prefix_path')
[39.679s] INFO:colcon.colcon_core.shell:Creating environment hook '/home/nimrod/ros2_ws/src/stair_detection_pkg/stair_modeling_ros/install/stair_modeling_ros/share/stair_modeling_ros/hook/cmake_prefix_path.ps1'
[39.680s] INFO:colcon.colcon_core.shell:Creating environment descriptor '/home/nimrod/ros2_ws/src/stair_detection_pkg/stair_modeling_ros/install/stair_modeling_ros/share/stair_modeling_ros/hook/cmake_prefix_path.dsv'
[39.680s] INFO:colcon.colcon_core.shell:Creating environment hook '/home/nimrod/ros2_ws/src/stair_detection_pkg/stair_modeling_ros/install/stair_modeling_ros/share/stair_modeling_ros/hook/cmake_prefix_path.sh'
[39.681s] Level 1:colcon.colcon_core.environment:checking '/home/nimrod/ros2_ws/src/stair_detection_pkg/stair_modeling_ros/install/stair_modeling_ros/lib'
[39.681s] Level 1:colcon.colcon_core.shell:create_environment_hook('stair_modeling_ros', 'ld_library_path_lib')
[39.747s] INFO:colcon.colcon_core.shell:Creating environment hook '/home/nimrod/ros2_ws/src/stair_detection_pkg/stair_modeling_ros/install/stair_modeling_ros/share/stair_modeling_ros/hook/ld_library_path_lib.ps1'
[39.748s] INFO:colcon.colcon_core.shell:Creating environment descriptor '/home/nimrod/ros2_ws/src/stair_detection_pkg/stair_modeling_ros/install/stair_modeling_ros/share/stair_modeling_ros/hook/ld_library_path_lib.dsv'
[39.748s] INFO:colcon.colcon_core.shell:Creating environment hook '/home/nimrod/ros2_ws/src/stair_detection_pkg/stair_modeling_ros/install/stair_modeling_ros/share/stair_modeling_ros/hook/ld_library_path_lib.sh'
[39.748s] Level 1:colcon.colcon_core.environment:checking '/home/nimrod/ros2_ws/src/stair_detection_pkg/stair_modeling_ros/install/stair_modeling_ros/bin'
[39.749s] Level 1:colcon.colcon_core.environment:checking '/home/nimrod/ros2_ws/src/stair_detection_pkg/stair_modeling_ros/install/stair_modeling_ros/lib/pkgconfig/stair_modeling_ros.pc'
[39.749s] Level 1:colcon.colcon_core.environment:checking '/home/nimrod/ros2_ws/src/stair_detection_pkg/stair_modeling_ros/install/stair_modeling_ros/lib/python3.8/site-packages'
[39.749s] Level 1:colcon.colcon_core.environment:checking '/home/nimrod/ros2_ws/src/stair_detection_pkg/stair_modeling_ros/install/stair_modeling_ros/bin'
[39.812s] INFO:colcon.colcon_core.shell:Creating package script '/home/nimrod/ros2_ws/src/stair_detection_pkg/stair_modeling_ros/install/stair_modeling_ros/share/stair_modeling_ros/package.ps1'
[39.813s] INFO:colcon.colcon_core.shell:Creating package descriptor '/home/nimrod/ros2_ws/src/stair_detection_pkg/stair_modeling_ros/install/stair_modeling_ros/share/stair_modeling_ros/package.dsv'
[39.813s] INFO:colcon.colcon_core.shell:Creating package script '/home/nimrod/ros2_ws/src/stair_detection_pkg/stair_modeling_ros/install/stair_modeling_ros/share/stair_modeling_ros/package.sh'
[39.814s] INFO:colcon.colcon_core.shell:Creating package script '/home/nimrod/ros2_ws/src/stair_detection_pkg/stair_modeling_ros/install/stair_modeling_ros/share/stair_modeling_ros/package.bash'
[39.814s] INFO:colcon.colcon_core.shell:Creating package script '/home/nimrod/ros2_ws/src/stair_detection_pkg/stair_modeling_ros/install/stair_modeling_ros/share/stair_modeling_ros/package.zsh'
[39.815s] Level 1:colcon.colcon_core.environment:create_file_with_runtime_dependencies(/home/nimrod/ros2_ws/src/stair_detection_pkg/stair_modeling_ros/install/stair_modeling_ros/share/colcon-core/packages/stair_modeling_ros)
[39.815s] DEBUG:colcon.colcon_parallel_executor.executor.parallel:closing loop
[39.816s] DEBUG:colcon.colcon_parallel_executor.executor.parallel:loop closed
[39.816s] DEBUG:colcon.colcon_parallel_executor.executor.parallel:run_until_complete finished with '0'
[39.816s] DEBUG:colcon.colcon_core.event_reactor:joining thread
[39.884s] INFO:colcon.colcon_core.plugin_system:Skipping extension 'colcon_notification.desktop_notification.terminal_notifier': Not used on non-Darwin systems
[39.884s] INFO:colcon.colcon_core.plugin_system:Skipping extension 'colcon_notification.desktop_notification.win32': Not used on non-Windows systems
[39.884s] INFO:colcon.colcon_notification.desktop_notification:Sending desktop notification using 'notify2'
[39.912s] DEBUG:colcon.colcon_core.event_reactor:joined thread
[39.988s] INFO:colcon.colcon_core.shell:Creating prefix script '/home/nimrod/ros2_ws/src/stair_detection_pkg/stair_modeling_ros/install/local_setup.ps1'
[39.989s] INFO:colcon.colcon_core.shell:Creating prefix util module '/home/nimrod/ros2_ws/src/stair_detection_pkg/stair_modeling_ros/install/_local_setup_util_ps1.py'
[39.990s] INFO:colcon.colcon_core.shell:Creating prefix chain script '/home/nimrod/ros2_ws/src/stair_detection_pkg/stair_modeling_ros/install/setup.ps1'
[40.051s] INFO:colcon.colcon_core.shell:Creating prefix script '/home/nimrod/ros2_ws/src/stair_detection_pkg/stair_modeling_ros/install/local_setup.sh'
[40.051s] INFO:colcon.colcon_core.shell:Creating prefix util module '/home/nimrod/ros2_ws/src/stair_detection_pkg/stair_modeling_ros/install/_local_setup_util_sh.py'
[40.052s] INFO:colcon.colcon_core.shell:Creating prefix chain script '/home/nimrod/ros2_ws/src/stair_detection_pkg/stair_modeling_ros/install/setup.sh'
[40.112s] INFO:colcon.colcon_core.shell:Creating prefix script '/home/nimrod/ros2_ws/src/stair_detection_pkg/stair_modeling_ros/install/local_setup.bash'
[40.112s] INFO:colcon.colcon_core.shell:Creating prefix chain script '/home/nimrod/ros2_ws/src/stair_detection_pkg/stair_modeling_ros/install/setup.bash'
[40.172s] INFO:colcon.colcon_core.shell:Creating prefix script '/home/nimrod/ros2_ws/src/stair_detection_pkg/stair_modeling_ros/install/local_setup.zsh'
[40.173s] INFO:colcon.colcon_core.shell:Creating prefix chain script '/home/nimrod/ros2_ws/src/stair_detection_pkg/stair_modeling_ros/install/setup.zsh'
