[0.110s] Invoking command in '/home/nimrod/ros2_ws/src/stair_detection_pkg/stair_modeling_ros/build/stair_modeling_ros': CMAKE_PREFIX_PATH=${CMAKE_PREFIX_PATH}:/home/nimrod/ros2_ws/install/stair_detection_ros:/opt/ros/foxy /home/nimrod/.local/bin/cmake /home/nimrod/ros2_ws/src/stair_detection_pkg/stair_modeling_ros -DCMAKE_INSTALL_PREFIX=/home/nimrod/ros2_ws/src/stair_detection_pkg/stair_modeling_ros/install/stair_modeling_ros
[0.163s] -- The C compiler identification is GNU 9.4.0
[0.200s] -- The CXX compiler identification is GNU 9.4.0
[0.207s] -- Detecting C compiler ABI info
[0.240s] -- Detecting C compiler ABI info - done
[0.246s] -- Check for working C compiler: /usr/bin/cc - skipped
[0.246s] -- Detecting C compile features
[0.246s] -- Detecting C compile features - done
[0.248s] -- Detecting CXX compiler ABI info
[0.288s] -- Detecting CXX compiler ABI info - done
[0.294s] -- Check for working CXX compiler: /usr/bin/c++ - skipped
[0.294s] -- Detecting CXX compile features
[0.294s] -- Detecting CXX compile features - done
[0.296s] -- Found ament_cmake: 0.9.12 (/opt/ros/foxy/share/ament_cmake/cmake)
[0.315s] -- Found PythonInterp: /usr/bin/python3 (found suitable version "3.8.10", minimum required is "3") 
[0.315s] -- Using PYTHON_EXECUTABLE: /usr/bin/python3
[0.443s] -- Found rclcpp: 2.4.3 (/opt/ros/foxy/share/rclcpp/cmake)
[0.479s] -- Using all available rosidl_typesupport_c: rosidl_typesupport_fastrtps_c;rosidl_typesupport_introspection_c
[0.485s] -- Found rosidl_adapter: 1.3.1 (/opt/ros/foxy/share/rosidl_adapter/cmake)
[0.541s] -- Found OpenSSL: /usr/lib/x86_64-linux-gnu/libcrypto.so (found version "1.1.1f")  
[0.562s] -- Found FastRTPS: /opt/ros/foxy/include  
[0.612s] -- Using all available rosidl_typesupport_cpp: rosidl_typesupport_fastrtps_cpp;rosidl_typesupport_introspection_cpp
[0.645s] -- Found rmw_implementation_cmake: 1.0.4 (/opt/ros/foxy/share/rmw_implementation_cmake/cmake)
[0.646s] -- Using RMW implementation 'rmw_fastrtps_cpp' as default
[0.647s] -- Performing Test CMAKE_HAVE_LIBC_PTHREAD
[0.682s] -- Performing Test CMAKE_HAVE_LIBC_PTHREAD - Failed
[0.682s] -- Looking for pthread_create in pthreads
[0.710s] -- Looking for pthread_create in pthreads - not found
[0.710s] -- Looking for pthread_create in pthread
[0.748s] -- Looking for pthread_create in pthread - found
[0.749s] -- Found Threads: TRUE  
[0.834s] -- Found rclcpp_components: 2.4.3 (/opt/ros/foxy/share/rclcpp_components/cmake)
[0.868s] -- Found sensor_msgs: 2.0.5 (/opt/ros/foxy/share/sensor_msgs/cmake)
[0.935s] -- Found tf2_ros: 0.13.14 (/opt/ros/foxy/share/tf2_ros/cmake)
[1.089s] -- Found tf2_geometry_msgs: 0.13.14 (/opt/ros/foxy/share/tf2_geometry_msgs/cmake)
[1.095s] -- Found eigen3_cmake_module: 0.1.1 (/opt/ros/foxy/share/eigen3_cmake_module/cmake)
[1.097s] -- Found Eigen3: TRUE (found version "3.3.7") 
[1.124s] -- Checking for module 'eigen3'
[1.133s] --   Found eigen3, version 3.3.7
[1.152s] -- Found Eigen: /usr/include/eigen3 (Required is at least version "3.1") 
[1.152s] -- Eigen found (include: /usr/include/eigen3, version: 3.3.7)
[1.201s] -- Found Boost: /usr/include (found suitable version "1.71.0", minimum required is "1.55.0") found components: system filesystem date_time iostreams regex 
[1.211s] -- Checking for module 'flann'
[1.221s] --   Found flann, version 1.9.1
[1.247s] -- Found FLANN: /usr/lib/x86_64-linux-gnu/libflann_cpp.so  
[1.269s] -- The imported target "vtkParseOGLExt" references the file
[1.269s]    "/usr/bin/vtkParseOGLExt-7.1"
[1.270s] but this file does not exist.  Possible reasons include:
[1.270s] * The file was deleted, renamed, or moved to another location.
[1.270s] * An install or uninstall procedure did not complete successfully.
[1.270s] * The installation package was faulty and contained
[1.270s]    "/usr/lib/cmake/vtk-7.1/VTKTargets.cmake"
[1.270s] but not all the files it references.
[1.270s] 
[1.270s] -- The imported target "vtkRenderingPythonTkWidgets" references the file
[1.270s]    "/usr/lib/x86_64-linux-gnu/libvtkRenderingPythonTkWidgets.so"
[1.270s] but this file does not exist.  Possible reasons include:
[1.270s] * The file was deleted, renamed, or moved to another location.
[1.270s] * An install or uninstall procedure did not complete successfully.
[1.270s] * The installation package was faulty and contained
[1.270s]    "/usr/lib/cmake/vtk-7.1/VTKTargets.cmake"
[1.270s] but not all the files it references.
[1.270s] 
[1.270s] -- The imported target "vtk" references the file
[1.271s]    "/usr/bin/vtk"
[1.271s] but this file does not exist.  Possible reasons include:
[1.271s] * The file was deleted, renamed, or moved to another location.
[1.271s] * An install or uninstall procedure did not complete successfully.
[1.271s] * The installation package was faulty and contained
[1.271s]    "/usr/lib/cmake/vtk-7.1/VTKTargets.cmake"
[1.271s] but not all the files it references.
[1.271s] 
[1.271s] -- The imported target "pvtk" references the file
[1.271s]    "/usr/bin/pvtk"
[1.271s] but this file does not exist.  Possible reasons include:
[1.271s] * The file was deleted, renamed, or moved to another location.
[1.271s] * An install or uninstall procedure did not complete successfully.
[1.271s] * The installation package was faulty and contained
[1.271s]    "/usr/lib/cmake/vtk-7.1/VTKTargets.cmake"
[1.271s] but not all the files it references.
[1.271s] 
[1.281s] -- Checking for module 'libusb-1.0'
[1.292s] --   Found libusb-1.0, version 1.0.23
[1.316s] [33mCMake Warning (dev) at /home/nimrod/.local/lib/python3.8/site-packages/cmake/data/share/cmake-3.26/Modules/FindPackageHandleStandardArgs.cmake:438 (message):
[1.317s]   The package name passed to `find_package_handle_standard_args` (USB_10)
[1.317s]   does not match the name of the calling package (OpenNI).  This can lead to
[1.317s]   problems in calling code that expects `find_package` result variables
[1.317s]   (e.g., `_FOUND`) to follow a certain pattern.
[1.317s] Call Stack (most recent call first):
[1.317s]   /usr/lib/x86_64-linux-gnu/cmake/pcl/Modules/FindOpenNI.cmake:28 (find_package_handle_standard_args)
[1.317s]   /usr/lib/x86_64-linux-gnu/cmake/pcl/PCLConfig.cmake:179 (find_package)
[1.317s]   /usr/lib/x86_64-linux-gnu/cmake/pcl/PCLConfig.cmake:322 (find_openni)
[1.317s]   /usr/lib/x86_64-linux-gnu/cmake/pcl/PCLConfig.cmake:548 (find_external_library)
[1.317s]   CMakeLists.txt:37 (find_package)
[1.317s] This warning is for project developers.  Use -Wno-dev to suppress it.
[1.317s] [0m
[1.317s] -- Found USB_10: /usr/lib/x86_64-linux-gnu/libusb-1.0.so  
[1.355s] -- Found OpenNI: /usr/lib/libOpenNI.so  
[1.355s] -- OpenNI found (include: /usr/include/ni, lib: /usr/lib/libOpenNI.so)
[1.359s] [33mCMake Warning (dev) at /home/nimrod/.local/lib/python3.8/site-packages/cmake/data/share/cmake-3.26/Modules/FindPackageHandleStandardArgs.cmake:438 (message):
[1.359s]   The package name passed to `find_package_handle_standard_args` (USB_10)
[1.360s]   does not match the name of the calling package (OpenNI2).  This can lead to
[1.360s]   problems in calling code that expects `find_package` result variables
[1.360s]   (e.g., `_FOUND`) to follow a certain pattern.
[1.360s] Call Stack (most recent call first):
[1.360s]   /usr/lib/x86_64-linux-gnu/cmake/pcl/Modules/FindOpenNI2.cmake:28 (find_package_handle_standard_args)
[1.360s]   /usr/lib/x86_64-linux-gnu/cmake/pcl/PCLConfig.cmake:193 (find_package)
[1.360s]   /usr/lib/x86_64-linux-gnu/cmake/pcl/PCLConfig.cmake:324 (find_openni2)
[1.360s]   /usr/lib/x86_64-linux-gnu/cmake/pcl/PCLConfig.cmake:548 (find_external_library)
[1.360s]   CMakeLists.txt:37 (find_package)
[1.360s] This warning is for project developers.  Use -Wno-dev to suppress it.
[1.360s] [0m
[1.393s] -- Found OpenNI2: /usr/lib/libOpenNI2.so  
[1.394s] -- OpenNI2 found (include: /usr/include/openni2, lib: /usr/lib/libOpenNI2.so)
[1.394s] [0m** WARNING ** io features related to pcap will be disabled[0m
[1.394s] [0m** WARNING ** io features related to png will be disabled[0m
[1.401s] -- Found libusb-1.0: /usr/include  
[1.401s] [33mCMake Warning (dev) at /home/nimrod/.local/lib/python3.8/site-packages/cmake/data/share/cmake-3.26/Modules/FindPackageHandleStandardArgs.cmake:438 (message):
[1.402s]   The package name passed to `find_package_handle_standard_args` (libusb-1.0)
[1.402s]   does not match the name of the calling package (PCL).  This can lead to
[1.402s]   problems in calling code that expects `find_package` result variables
[1.402s]   (e.g., `_FOUND`) to follow a certain pattern.
[1.402s] Call Stack (most recent call first):
[1.402s]   /usr/lib/x86_64-linux-gnu/cmake/pcl/PCLConfig.cmake:291 (find_package_handle_standard_args)
[1.402s]   /usr/lib/x86_64-linux-gnu/cmake/pcl/PCLConfig.cmake:338 (find_libusb)
[1.402s]   /usr/lib/x86_64-linux-gnu/cmake/pcl/PCLConfig.cmake:548 (find_external_library)
[1.402s]   CMakeLists.txt:37 (find_package)
[1.402s] This warning is for project developers.  Use -Wno-dev to suppress it.
[1.402s] [0m
[1.402s] [0m** WARNING ** io features related to libusb-1.0 will be disabled[0m
[1.405s] [33mCMake Warning (dev) at /home/nimrod/.local/lib/python3.8/site-packages/cmake/data/share/cmake-3.26/Modules/FindPackageHandleStandardArgs.cmake:438 (message):
[1.405s]   The package name passed to `find_package_handle_standard_args` (USB_10)
[1.405s]   does not match the name of the calling package (OpenNI).  This can lead to
[1.405s]   problems in calling code that expects `find_package` result variables
[1.405s]   (e.g., `_FOUND`) to follow a certain pattern.
[1.405s] Call Stack (most recent call first):
[1.405s]   /usr/lib/x86_64-linux-gnu/cmake/pcl/Modules/FindOpenNI.cmake:28 (find_package_handle_standard_args)
[1.405s]   /usr/lib/x86_64-linux-gnu/cmake/pcl/PCLConfig.cmake:179 (find_package)
[1.405s]   /usr/lib/x86_64-linux-gnu/cmake/pcl/PCLConfig.cmake:322 (find_openni)
[1.406s]   /usr/lib/x86_64-linux-gnu/cmake/pcl/PCLConfig.cmake:548 (find_external_library)
[1.406s]   CMakeLists.txt:37 (find_package)
[1.406s] This warning is for project developers.  Use -Wno-dev to suppress it.
[1.406s] [0m
[1.406s] -- OpenNI found (include: /usr/include/ni, lib: /usr/lib/libOpenNI.so)
[1.409s] [33mCMake Warning (dev) at /home/nimrod/.local/lib/python3.8/site-packages/cmake/data/share/cmake-3.26/Modules/FindPackageHandleStandardArgs.cmake:438 (message):
[1.409s]   The package name passed to `find_package_handle_standard_args` (USB_10)
[1.409s]   does not match the name of the calling package (OpenNI2).  This can lead to
[1.409s]   problems in calling code that expects `find_package` result variables
[1.409s]   (e.g., `_FOUND`) to follow a certain pattern.
[1.409s] Call Stack (most recent call first):
[1.410s]   /usr/lib/x86_64-linux-gnu/cmake/pcl/Modules/FindOpenNI2.cmake:28 (find_package_handle_standard_args)
[1.410s]   /usr/lib/x86_64-linux-gnu/cmake/pcl/PCLConfig.cmake:193 (find_package)
[1.410s]   /usr/lib/x86_64-linux-gnu/cmake/pcl/PCLConfig.cmake:324 (find_openni2)
[1.410s]   /usr/lib/x86_64-linux-gnu/cmake/pcl/PCLConfig.cmake:548 (find_external_library)
[1.410s]   CMakeLists.txt:37 (find_package)
[1.410s] This warning is for project developers.  Use -Wno-dev to suppress it.
[1.410s] [0m
[1.410s] -- OpenNI2 found (include: /usr/include/openni2, lib: /usr/lib/libOpenNI2.so)
[1.429s] -- Found Qhull: optimized;/usr/lib/x86_64-linux-gnu/libqhull.so;debug;/usr/lib/x86_64-linux-gnu/libqhull.so  
[1.429s] -- QHULL found (include: /usr/include, lib: optimized;/usr/lib/x86_64-linux-gnu/libqhull.so;debug;/usr/lib/x86_64-linux-gnu/libqhull.so)
[1.433s] [33mCMake Warning (dev) at /home/nimrod/.local/lib/python3.8/site-packages/cmake/data/share/cmake-3.26/Modules/FindPackageHandleStandardArgs.cmake:438 (message):
[1.433s]   The package name passed to `find_package_handle_standard_args` (USB_10)
[1.433s]   does not match the name of the calling package (OpenNI).  This can lead to
[1.433s]   problems in calling code that expects `find_package` result variables
[1.433s]   (e.g., `_FOUND`) to follow a certain pattern.
[1.433s] Call Stack (most recent call first):
[1.433s]   /usr/lib/x86_64-linux-gnu/cmake/pcl/Modules/FindOpenNI.cmake:28 (find_package_handle_standard_args)
[1.433s]   /usr/lib/x86_64-linux-gnu/cmake/pcl/PCLConfig.cmake:179 (find_package)
[1.433s]   /usr/lib/x86_64-linux-gnu/cmake/pcl/PCLConfig.cmake:322 (find_openni)
[1.434s]   /usr/lib/x86_64-linux-gnu/cmake/pcl/PCLConfig.cmake:548 (find_external_library)
[1.434s]   CMakeLists.txt:37 (find_package)
[1.434s] This warning is for project developers.  Use -Wno-dev to suppress it.
[1.434s] [0m
[1.434s] -- OpenNI found (include: /usr/include/ni, lib: /usr/lib/libOpenNI.so)
[1.440s] -- looking for PCL_COMMON
[1.441s] [33mCMake Warning (dev) at /home/nimrod/.local/lib/python3.8/site-packages/cmake/data/share/cmake-3.26/Modules/FindPackageHandleStandardArgs.cmake:438 (message):
[1.441s]   The package name passed to `find_package_handle_standard_args` (PCL_COMMON)
[1.441s]   does not match the name of the calling package (PCL).  This can lead to
[1.441s]   problems in calling code that expects `find_package` result variables
[1.441s]   (e.g., `_FOUND`) to follow a certain pattern.
[1.441s] Call Stack (most recent call first):
[1.441s]   /usr/lib/x86_64-linux-gnu/cmake/pcl/PCLConfig.cmake:616 (find_package_handle_standard_args)
[1.441s]   CMakeLists.txt:37 (find_package)
[1.442s] This warning is for project developers.  Use -Wno-dev to suppress it.
[1.442s] [0m
[1.442s] -- Found PCL_COMMON: /usr/lib/x86_64-linux-gnu/libpcl_common.so  
[1.442s] -- looking for PCL_KDTREE
[1.442s] -- Found PCL_KDTREE: /usr/lib/x86_64-linux-gnu/libpcl_kdtree.so  
[1.442s] -- looking for PCL_OCTREE
[1.442s] [33mCMake Warning (dev) at /home/nimrod/.local/lib/python3.8/site-packages/cmake/data/share/cmake-3.26/Modules/FindPackageHandleStandardArgs.cmake:438 (message):
[1.442s]   The package name passed to `find_package_handle_standard_args` (PCL_KDTREE)
[1.442s]   does not match the name of the calling package (PCL).  This can lead to
[1.442s]   problems in calling code that expects `find_package` result variables
[1.442s]   (e.g., `_FOUND`) to follow a certain pattern.
[1.443s] Call Stack (most recent call first):
[1.443s]   /usr/lib/x86_64-linux-gnu/cmake/pcl/PCLConfig.cmake:616 (find_package_handle_standard_args)
[1.443s]   CMakeLists.txt:37 (find_package)
[1.443s] This warning is for project developers.  Use -Wno-dev to suppress it.
[1.443s] [0m
[1.443s] -- Found PCL_OCTREE: /usr/lib/x86_64-linux-gnu/libpcl_octree.so  
[1.443s] -- looking for PCL_SEARCH
[1.443s] [33mCMake Warning (dev) at /home/nimrod/.local/lib/python3.8/site-packages/cmake/data/share/cmake-3.26/Modules/FindPackageHandleStandardArgs.cmake:438 (message):
[1.443s]   The package name passed to `find_package_handle_standard_args` (PCL_OCTREE)
[1.443s]   does not match the name of the calling package (PCL).  This can lead to
[1.443s]   problems in calling code that expects `find_package` result variables
[1.444s]   (e.g., `_FOUND`) to follow a certain pattern.
[1.444s] Call Stack (most recent call first):
[1.444s]   /usr/lib/x86_64-linux-gnu/cmake/pcl/PCLConfig.cmake:616 (find_package_handle_standard_args)
[1.444s]   CMakeLists.txt:37 (find_package)
[1.444s] This warning is for project developers.  Use -Wno-dev to suppress it.
[1.444s] [0m
[1.444s] -- Found PCL_SEARCH: /usr/lib/x86_64-linux-gnu/libpcl_search.so  
[1.444s] [33mCMake Warning (dev) at /home/nimrod/.local/lib/python3.8/site-packages/cmake/data/share/cmake-3.26/Modules/FindPackageHandleStandardArgs.cmake:438 (message):
[1.444s]   The package name passed to `find_package_handle_standard_args` (PCL_SEARCH)
[1.444s]   does not match the name of the calling package (PCL).  This can lead to
[1.444s]   problems in calling code that expects `find_package` result variables
[1.444s]   (e.g., `_FOUND`) to follow a certain pattern.
[1.444s] Call Stack (most recent call first):
[1.444s]   /usr/lib/x86_64-linux-gnu/cmake/pcl/PCLConfig.cmake:616 (find_package_handle_standard_args)
[1.444s]   CMakeLists.txt:37 (find_package)
[1.445s] This warning is for project developers.  Use -Wno-dev to suppress it.
[1.445s] [0m
[1.445s] -- looking for PCL_SAMPLE_CONSENSUS
[1.445s] -- Found PCL_SAMPLE_CONSENSUS: /usr/lib/x86_64-linux-gnu/libpcl_sample_consensus.so  
[1.445s] [33mCMake Warning (dev) at /home/nimrod/.local/lib/python3.8/site-packages/cmake/data/share/cmake-3.26/Modules/FindPackageHandleStandardArgs.cmake:438 (message):
[1.445s]   The package name passed to `find_package_handle_standard_args`
[1.445s]   (PCL_SAMPLE_CONSENSUS) does not match the name of the calling package
[1.445s]   (PCL).  This can lead to problems in calling code that expects
[1.445s]   `find_package` result variables (e.g., `_FOUND`) to follow a certain
[1.445s]   pattern.
[1.445s] Call Stack (most recent call first):
[1.445s]   /usr/lib/x86_64-linux-gnu/cmake/pcl/PCLConfig.cmake:616 (find_package_handle_standard_args)
[1.445s]   CMakeLists.txt:37 (find_package)
[1.445s] This warning is for project developers.  Use -Wno-dev to suppress it.
[1.446s] [0m
[1.446s] -- looking for PCL_FILTERS
[1.446s] -- Found PCL_FILTERS: /usr/lib/x86_64-linux-gnu/libpcl_filters.so  
[1.446s] -- looking for PCL_2D
[1.446s] [33mCMake Warning (dev) at /home/nimrod/.local/lib/python3.8/site-packages/cmake/data/share/cmake-3.26/Modules/FindPackageHandleStandardArgs.cmake:438 (message):
[1.446s]   The package name passed to `find_package_handle_standard_args`
[1.446s]   (PCL_FILTERS) does not match the name of the calling package (PCL).  This
[1.446s]   can lead to problems in calling code that expects `find_package` result
[1.446s]   variables (e.g., `_FOUND`) to follow a certain pattern.
[1.446s] Call Stack (most recent call first):
[1.446s]   /usr/lib/x86_64-linux-gnu/cmake/pcl/PCLConfig.cmake:616 (find_package_handle_standard_args)
[1.446s]   CMakeLists.txt:37 (find_package)
[1.446s] This warning is for project developers.  Use -Wno-dev to suppress it.
[1.446s] [0m
[1.446s] [33mCMake Warning (dev) at /home/nimrod/.local/lib/python3.8/site-packages/cmake/data/share/cmake-3.26/Modules/FindPackageHandleStandardArgs.cmake:438 (message):
[1.446s]   The package name passed to `find_package_handle_standard_args` (PCL_2D)
[1.447s]   does not match the name of the calling package (PCL).  This can lead to
[1.447s]   problems in calling code that expects `find_package` result variables
[1.447s]   (e.g., `_FOUND`) to follow a certain pattern.
[1.447s] Call Stack (most recent call first):
[1.447s]   /usr/lib/x86_64-linux-gnu/cmake/pcl/PCLConfig.cmake:619 (find_package_handle_standard_args)
[1.447s]   CMakeLists.txt:37 (find_package)
[1.447s] This warning is for project developers.  Use -Wno-dev to suppress it.
[1.447s] [0m
[1.447s] -- Found PCL_2D: /usr/include/pcl-1.10  
[1.447s] -- looking for PCL_GEOMETRY
[1.447s] [33mCMake Warning (dev) at /home/nimrod/.local/lib/python3.8/site-packages/cmake/data/share/cmake-3.26/Modules/FindPackageHandleStandardArgs.cmake:438 (message):
[1.447s]   The package name passed to `find_package_handle_standard_args`
[1.447s]   (PCL_GEOMETRY) does not match the name of the calling package (PCL).  This
[1.447s]   can lead to problems in calling code that expects `find_package` result
[1.447s]   variables (e.g., `_FOUND`) to follow a certain pattern.
[1.447s] Call Stack (most recent call first):
[1.448s]   /usr/lib/x86_64-linux-gnu/cmake/pcl/PCLConfig.cmake:619 (find_package_handle_standard_args)
[1.448s]   CMakeLists.txt:37 (find_package)
[1.448s] This warning is for project developers.  Use -Wno-dev to suppress it.
[1.448s] [0m
[1.448s] -- Found PCL_GEOMETRY: /usr/include/pcl-1.10  
[1.448s] -- looking for PCL_IO
[1.448s] [33mCMake Warning (dev) at /home/nimrod/.local/lib/python3.8/site-packages/cmake/data/share/cmake-3.26/Modules/FindPackageHandleStandardArgs.cmake:438 (message):
[1.448s]   The package name passed to `find_package_handle_standard_args` (PCL_IO)
[1.448s]   does not match the name of the calling package (PCL).  This can lead to
[1.448s]   problems in calling code that expects `find_package` result variables
[1.448s]   (e.g., `_FOUND`) to follow a certain pattern.
[1.448s] Call Stack (most recent call first):
[1.448s]   /usr/lib/x86_64-linux-gnu/cmake/pcl/PCLConfig.cmake:616 (find_package_handle_standard_args)
[1.448s]   CMakeLists.txt:37 (find_package)
[1.448s] This warning is for project developers.  Use -Wno-dev to suppress it.
[1.448s] [0m
[1.449s] -- Found PCL_IO: /usr/lib/x86_64-linux-gnu/libpcl_io.so  
[1.449s] -- looking for PCL_FEATURES
[1.449s] [33mCMake Warning (dev) at /home/nimrod/.local/lib/python3.8/site-packages/cmake/data/share/cmake-3.26/Modules/FindPackageHandleStandardArgs.cmake:438 (message):
[1.449s]   The package name passed to `find_package_handle_standard_args`
[1.449s]   (PCL_FEATURES) does not match the name of the calling package (PCL).  This
[1.449s]   can lead to problems in calling code that expects `find_package` result
[1.449s]   variables (e.g., `_FOUND`) to follow a certain pattern.
[1.449s] Call Stack (most recent call first):
[1.449s]   /usr/lib/x86_64-linux-gnu/cmake/pcl/PCLConfig.cmake:616 (find_package_handle_standard_args)
[1.449s]   CMakeLists.txt:37 (find_package)
[1.449s] This warning is for project developers.  Use -Wno-dev to suppress it.
[1.449s] [0m
[1.449s] -- Found PCL_FEATURES: /usr/lib/x86_64-linux-gnu/libpcl_features.so  
[1.449s] -- looking for PCL_ML
[1.449s] -- Found PCL_ML: /usr/lib/x86_64-linux-gnu/libpcl_ml.so  
[1.449s] [33mCMake Warning (dev) at /home/nimrod/.local/lib/python3.8/site-packages/cmake/data/share/cmake-3.26/Modules/FindPackageHandleStandardArgs.cmake:438 (message):
[1.449s]   The package name passed to `find_package_handle_standard_args` (PCL_ML)
[1.449s]   does not match the name of the calling package (PCL).  This can lead to
[1.449s]   problems in calling code that expects `find_package` result variables
[1.449s]   (e.g., `_FOUND`) to follow a certain pattern.
[1.449s] Call Stack (most recent call first):
[1.449s]   /usr/lib/x86_64-linux-gnu/cmake/pcl/PCLConfig.cmake:616 (find_package_handle_standard_args)
[1.449s]   CMakeLists.txt:37 (find_package)
[1.449s] This warning is for project developers.  Use -Wno-dev to suppress it.
[1.449s] [0m
[1.449s] -- looking for PCL_SEGMENTATION
[1.449s] [33mCMake Warning (dev) at /home/nimrod/.local/lib/python3.8/site-packages/cmake/data/share/cmake-3.26/Modules/FindPackageHandleStandardArgs.cmake:438 (message):
[1.449s]   The package name passed to `find_package_handle_standard_args`
[1.449s]   (PCL_SEGMENTATION) does not match the name of the calling package (PCL).
[1.449s]   This can lead to problems in calling code that expects `find_package`
[1.449s]   result variables (e.g., `_FOUND`) to follow a certain pattern.
[1.450s] Call Stack (most recent call first):
[1.450s]   /usr/lib/x86_64-linux-gnu/cmake/pcl/PCLConfig.cmake:616 (find_package_handle_standard_args)
[1.450s]   CMakeLists.txt:37 (find_package)
[1.450s] This warning is for project developers.  Use -Wno-dev to suppress it.
[1.450s] [0m
[1.450s] -- Found PCL_SEGMENTATION: /usr/lib/x86_64-linux-gnu/libpcl_segmentation.so  
[1.450s] -- looking for PCL_VISUALIZATION
[1.450s] [33mCMake Warning (dev) at /home/nimrod/.local/lib/python3.8/site-packages/cmake/data/share/cmake-3.26/Modules/FindPackageHandleStandardArgs.cmake:438 (message):
[1.450s]   The package name passed to `find_package_handle_standard_args`
[1.450s]   (PCL_VISUALIZATION) does not match the name of the calling package (PCL).
[1.450s]   This can lead to problems in calling code that expects `find_package`
[1.450s]   result variables (e.g., `_FOUND`) to follow a certain pattern.
[1.450s] Call Stack (most recent call first):
[1.451s]   /usr/lib/x86_64-linux-gnu/cmake/pcl/PCLConfig.cmake:616 (find_package_handle_standard_args)
[1.451s]   CMakeLists.txt:37 (find_package)
[1.451s] This warning is for project developers.  Use -Wno-dev to suppress it.
[1.451s] [0m
[1.451s] -- Found PCL_VISUALIZATION: /usr/lib/x86_64-linux-gnu/libpcl_visualization.so  
[1.451s] -- looking for PCL_SURFACE
[1.451s] [33mCMake Warning (dev) at /home/nimrod/.local/lib/python3.8/site-packages/cmake/data/share/cmake-3.26/Modules/FindPackageHandleStandardArgs.cmake:438 (message):
[1.451s]   The package name passed to `find_package_handle_standard_args`
[1.451s]   (PCL_SURFACE) does not match the name of the calling package (PCL).  This
[1.451s]   can lead to problems in calling code that expects `find_package` result
[1.452s]   variables (e.g., `_FOUND`) to follow a certain pattern.
[1.452s] Call Stack (most recent call first):
[1.452s]   /usr/lib/x86_64-linux-gnu/cmake/pcl/PCLConfig.cmake:616 (find_package_handle_standard_args)
[1.452s]   CMakeLists.txt:37 (find_package)
[1.452s] This warning is for project developers.  Use -Wno-dev to suppress it.
[1.452s] [0m
[1.452s] -- Found PCL_SURFACE: /usr/lib/x86_64-linux-gnu/libpcl_surface.so  
[1.452s] -- looking for PCL_REGISTRATION
[1.452s] [33mCMake Warning (dev) at /home/nimrod/.local/lib/python3.8/site-packages/cmake/data/share/cmake-3.26/Modules/FindPackageHandleStandardArgs.cmake:438 (message):
[1.452s]   The package name passed to `find_package_handle_standard_args`
[1.452s]   (PCL_REGISTRATION) does not match the name of the calling package (PCL).
[1.452s]   This can lead to problems in calling code that expects `find_package`
[1.452s]   result variables (e.g., `_FOUND`) to follow a certain pattern.
[1.452s] Call Stack (most recent call first):
[1.452s]   /usr/lib/x86_64-linux-gnu/cmake/pcl/PCLConfig.cmake:616 (find_package_handle_standard_args)
[1.453s]   CMakeLists.txt:37 (find_package)
[1.453s] This warning is for project developers.  Use -Wno-dev to suppress it.
[1.453s] [0m
[1.453s] -- Found PCL_REGISTRATION: /usr/lib/x86_64-linux-gnu/libpcl_registration.so  
[1.453s] -- looking for PCL_KEYPOINTS
[1.454s] -- Found PCL_KEYPOINTS: /usr/lib/x86_64-linux-gnu/libpcl_keypoints.so  
[1.454s] [33mCMake Warning (dev) at /home/nimrod/.local/lib/python3.8/site-packages/cmake/data/share/cmake-3.26/Modules/FindPackageHandleStandardArgs.cmake:438 (message):
[1.454s]   The package name passed to `find_package_handle_standard_args`
[1.454s]   (PCL_KEYPOINTS) does not match the name of the calling package (PCL).  This
[1.454s]   can lead to problems in calling code that expects `find_package` result
[1.454s]   variables (e.g., `_FOUND`) to follow a certain pattern.
[1.454s] Call Stack (most recent call first):
[1.454s]   /usr/lib/x86_64-linux-gnu/cmake/pcl/PCLConfig.cmake:616 (find_package_handle_standard_args)
[1.454s]   CMakeLists.txt:37 (find_package)
[1.454s] This warning is for project developers.  Use -Wno-dev to suppress it.
[1.454s] [0m
[1.454s] -- looking for PCL_TRACKING
[1.455s] [33mCMake Warning (dev) at /home/nimrod/.local/lib/python3.8/site-packages/cmake/data/share/cmake-3.26/Modules/FindPackageHandleStandardArgs.cmake:438 (message):
[1.455s]   The package name passed to `find_package_handle_standard_args`
[1.455s]   (PCL_TRACKING) does not match the name of the calling package (PCL).  This
[1.455s]   can lead to problems in calling code that expects `find_package` result
[1.455s]   variables (e.g., `_FOUND`) to follow a certain pattern.
[1.455s] Call Stack (most recent call first):
[1.455s]   /usr/lib/x86_64-linux-gnu/cmake/pcl/PCLConfig.cmake:616 (find_package_handle_standard_args)
[1.455s]   CMakeLists.txt:37 (find_package)
[1.455s] This warning is for project developers.  Use -Wno-dev to suppress it.
[1.455s] [0m
[1.455s] -- Found PCL_TRACKING: /usr/lib/x86_64-linux-gnu/libpcl_tracking.so  
[1.455s] -- looking for PCL_RECOGNITION
[1.455s] [33mCMake Warning (dev) at /home/nimrod/.local/lib/python3.8/site-packages/cmake/data/share/cmake-3.26/Modules/FindPackageHandleStandardArgs.cmake:438 (message):
[1.456s]   The package name passed to `find_package_handle_standard_args`
[1.456s]   (PCL_RECOGNITION) does not match the name of the calling package (PCL).
[1.456s]   This can lead to problems in calling code that expects `find_package`
[1.456s]   result variables (e.g., `_FOUND`) to follow a certain pattern.
[1.456s] Call Stack (most recent call first):
[1.456s]   /usr/lib/x86_64-linux-gnu/cmake/pcl/PCLConfig.cmake:616 (find_package_handle_standard_args)
[1.456s]   CMakeLists.txt:37 (find_package)
[1.456s] This warning is for project developers.  Use -Wno-dev to suppress it.
[1.456s] [0m
[1.456s] -- Found PCL_RECOGNITION: /usr/lib/x86_64-linux-gnu/libpcl_recognition.so  
[1.456s] -- looking for PCL_STEREO
[1.457s] [33mCMake Warning (dev) at /home/nimrod/.local/lib/python3.8/site-packages/cmake/data/share/cmake-3.26/Modules/FindPackageHandleStandardArgs.cmake:438 (message):
[1.457s]   The package name passed to `find_package_handle_standard_args` (PCL_STEREO)
[1.457s]   does not match the name of the calling package (PCL).  This can lead to
[1.457s]   problems in calling code that expects `find_package` result variables
[1.457s]   (e.g., `_FOUND`) to follow a certain pattern.
[1.457s] Call Stack (most recent call first):
[1.457s]   /usr/lib/x86_64-linux-gnu/cmake/pcl/PCLConfig.cmake:616 (find_package_handle_standard_args)
[1.457s]   CMakeLists.txt:37 (find_package)
[1.457s] This warning is for project developers.  Use -Wno-dev to suppress it.
[1.457s] [0m
[1.457s] -- Found PCL_STEREO: /usr/lib/x86_64-linux-gnu/libpcl_stereo.so  
[1.457s] -- looking for PCL_APPS
[1.458s] [33mCMake Warning (dev) at /home/nimrod/.local/lib/python3.8/site-packages/cmake/data/share/cmake-3.26/Modules/FindPackageHandleStandardArgs.cmake:438 (message):
[1.458s]   The package name passed to `find_package_handle_standard_args` (PCL_APPS)
[1.458s]   does not match the name of the calling package (PCL).  This can lead to
[1.458s]   problems in calling code that expects `find_package` result variables
[1.458s]   (e.g., `_FOUND`) to follow a certain pattern.
[1.458s] Call Stack (most recent call first):
[1.458s]   /usr/lib/x86_64-linux-gnu/cmake/pcl/PCLConfig.cmake:616 (find_package_handle_standard_args)
[1.458s]   CMakeLists.txt:37 (find_package)
[1.458s] This warning is for project developers.  Use -Wno-dev to suppress it.
[1.458s] [0m
[1.458s] -- Found PCL_APPS: /usr/lib/x86_64-linux-gnu/libpcl_apps.so  
[1.458s] -- looking for PCL_IN_HAND_SCANNER
[1.458s] [33mCMake Warning (dev) at /home/nimrod/.local/lib/python3.8/site-packages/cmake/data/share/cmake-3.26/Modules/FindPackageHandleStandardArgs.cmake:438 (message):
[1.458s]   The package name passed to `find_package_handle_standard_args`
[1.458s]   (PCL_IN_HAND_SCANNER) does not match the name of the calling package (PCL).
[1.458s]   This can lead to problems in calling code that expects `find_package`
[1.458s]   result variables (e.g., `_FOUND`) to follow a certain pattern.
[1.458s] Call Stack (most recent call first):
[1.458s]   /usr/lib/x86_64-linux-gnu/cmake/pcl/PCLConfig.cmake:619 (find_package_handle_standard_args)
[1.458s]   CMakeLists.txt:37 (find_package)
[1.459s] This warning is for project developers.  Use -Wno-dev to suppress it.
[1.459s] [0m
[1.459s] -- Found PCL_IN_HAND_SCANNER: /usr/include/pcl-1.10  
[1.459s] -- looking for PCL_POINT_CLOUD_EDITOR
[1.459s] [33mCMake Warning (dev) at /home/nimrod/.local/lib/python3.8/site-packages/cmake/data/share/cmake-3.26/Modules/FindPackageHandleStandardArgs.cmake:438 (message):
[1.459s]   The package name passed to `find_package_handle_standard_args`
[1.459s]   (PCL_POINT_CLOUD_EDITOR) does not match the name of the calling package
[1.459s]   (PCL).  This can lead to problems in calling code that expects
[1.459s]   `find_package` result variables (e.g., `_FOUND`) to follow a certain
[1.459s]   pattern.
[1.459s] Call Stack (most recent call first):
[1.459s]   /usr/lib/x86_64-linux-gnu/cmake/pcl/PCLConfig.cmake:619 (find_package_handle_standard_args)
[1.459s]   CMakeLists.txt:37 (find_package)
[1.459s] This warning is for project developers.  Use -Wno-dev to suppress it.
[1.459s] [0m
[1.459s] -- Found PCL_POINT_CLOUD_EDITOR: /usr/include/pcl-1.10  
[1.459s] -- looking for PCL_OUTOFCORE
[1.460s] [33mCMake Warning (dev) at /home/nimrod/.local/lib/python3.8/site-packages/cmake/data/share/cmake-3.26/Modules/FindPackageHandleStandardArgs.cmake:438 (message):
[1.460s]   The package name passed to `find_package_handle_standard_args`
[1.460s]   (PCL_OUTOFCORE) does not match the name of the calling package (PCL).  This
[1.460s]   can lead to problems in calling code that expects `find_package` result
[1.460s]   variables (e.g., `_FOUND`) to follow a certain pattern.
[1.460s] Call Stack (most recent call first):
[1.460s]   /usr/lib/x86_64-linux-gnu/cmake/pcl/PCLConfig.cmake:616 (find_package_handle_standard_args)
[1.460s]   CMakeLists.txt:37 (find_package)
[1.460s] This warning is for project developers.  Use -Wno-dev to suppress it.
[1.460s] [0m
[1.460s] -- Found PCL_OUTOFCORE: /usr/lib/x86_64-linux-gnu/libpcl_outofcore.so  
[1.460s] -- looking for PCL_PEOPLE
[1.461s] [33mCMake Warning (dev) at /home/nimrod/.local/lib/python3.8/site-packages/cmake/data/share/cmake-3.26/Modules/FindPackageHandleStandardArgs.cmake:438 (message):
[1.461s]   The package name passed to `find_package_handle_standard_args` (PCL_PEOPLE)
[1.461s]   does not match the name of the calling package (PCL).  This can lead to
[1.461s]   problems in calling code that expects `find_package` result variables
[1.461s]   (e.g., `_FOUND`) to follow a certain pattern.
[1.461s] Call Stack (most recent call first):
[1.461s]   /usr/lib/x86_64-linux-gnu/cmake/pcl/PCLConfig.cmake:616 (find_package_handle_standard_args)
[1.461s]   CMakeLists.txt:37 (find_package)
[1.461s] This warning is for project developers.  Use -Wno-dev to suppress it.
[1.461s] [0m
[1.461s] -- Found PCL_PEOPLE: /usr/lib/x86_64-linux-gnu/libpcl_people.so  
[1.462s] -- Found PCL: pcl_common;pcl_kdtree;pcl_octree;pcl_search;pcl_sample_consensus;pcl_filters;pcl_io;pcl_features;pcl_ml;pcl_segmentation;pcl_visualization;pcl_surface;pcl_registration;pcl_keypoints;pcl_tracking;pcl_recognition;pcl_stereo;pcl_apps;pcl_outofcore;pcl_people;/usr/lib/x86_64-linux-gnu/libboost_system.so;/usr/lib/x86_64-linux-gnu/libboost_filesystem.so;/usr/lib/x86_64-linux-gnu/libboost_date_time.so;/usr/lib/x86_64-linux-gnu/libboost_iostreams.so;/usr/lib/x86_64-linux-gnu/libboost_regex.so;optimized;/usr/lib/x86_64-linux-gnu/libqhull.so;debug;/usr/lib/x86_64-linux-gnu/libqhull.so;/usr/lib/libOpenNI.so;/usr/lib/libOpenNI2.so;vtkChartsCore;vtkCommonColor;vtkCommonCore;vtksys;vtkCommonDataModel;vtkCommonMath;vtkCommonMisc;vtkCommonSystem;vtkCommonTransforms;vtkCommonExecutionModel;vtkFiltersGeneral;vtkCommonComputationalGeometry;vtkFiltersCore;vtkInfovisCore;vtkFiltersExtraction;vtkFiltersStatistics;vtkImagingFourier;vtkImagingCore;vtkalglib;vtkRenderingContext2D;vtkRenderingCore;vtkFiltersGeometry;vtkFiltersSources;vtkRenderingFreeType;/usr/lib/x86_64-linux-gnu/libfreetype.so;/usr/lib/x86_64-linux-gnu/libz.so;vtkFiltersModeling;vtkImagingSources;vtkInteractionStyle;vtkInteractionWidgets;vtkFiltersHybrid;vtkImagingColor;vtkImagingGeneral;vtkImagingHybrid;vtkIOImage;vtkDICOMParser;vtkmetaio;/usr/lib/x86_64-linux-gnu/libjpeg.so;/usr/lib/x86_64-linux-gnu/libpng.so;/usr/lib/x86_64-linux-gnu/libtiff.so;vtkRenderingAnnotation;vtkRenderingVolume;vtkIOXML;vtkIOCore;vtkIOXMLParser;/usr/lib/x86_64-linux-gnu/libexpat.so;vtkIOGeometry;vtkIOLegacy;vtkIOPLY;vtkRenderingLOD;vtkViewsContext2D;vtkViewsCore;vtkRenderingContextOpenGL2;vtkRenderingOpenGL2;FLANN::FLANN  
[1.463s] -- Found visualization_msgs: 2.0.5 (/opt/ros/foxy/share/visualization_msgs/cmake)
[1.502s] -- Found zion_msgs: 0.0.0 (/home/nimrod/ros2_ws/install/zion_msgs/share/zion_msgs/cmake)
[1.578s] -- Configuring done (1.5s)
[1.604s] -- Generating done (0.0s)
[1.606s] -- Build files have been written to: /home/nimrod/ros2_ws/src/stair_detection_pkg/stair_modeling_ros/build/stair_modeling_ros
[1.618s] Invoked command in '/home/nimrod/ros2_ws/src/stair_detection_pkg/stair_modeling_ros/build/stair_modeling_ros' returned '0': CMAKE_PREFIX_PATH=${CMAKE_PREFIX_PATH}:/home/nimrod/ros2_ws/install/stair_detection_ros:/opt/ros/foxy /home/nimrod/.local/bin/cmake /home/nimrod/ros2_ws/src/stair_detection_pkg/stair_modeling_ros -DCMAKE_INSTALL_PREFIX=/home/nimrod/ros2_ws/src/stair_detection_pkg/stair_modeling_ros/install/stair_modeling_ros
[1.619s] Invoking command in '/home/nimrod/ros2_ws/src/stair_detection_pkg/stair_modeling_ros/build/stair_modeling_ros': CMAKE_PREFIX_PATH=${CMAKE_PREFIX_PATH}:/home/nimrod/ros2_ws/install/stair_detection_ros:/opt/ros/foxy /home/nimrod/.local/bin/cmake --build /home/nimrod/ros2_ws/src/stair_detection_pkg/stair_modeling_ros/build/stair_modeling_ros -- -j16 -l16
[1.648s] [ 11%] [32mBuilding CXX object CMakeFiles/zion_tf2_broadcaster.dir/src/zion_tf2_broadcaster.cpp.o[0m
[1.648s] [ 22%] [32mBuilding CXX object CMakeFiles/stair_modeling_ros.dir/src/plane.cpp.o[0m
[1.649s] [ 33%] [32mBuilding CXX object CMakeFiles/stair_modeling_ros.dir/src/stair.cpp.o[0m
[1.649s] [ 44%] [32mBuilding CXX object CMakeFiles/stair_modeling_ros.dir/src/stair_modeling.cpp.o[0m
[1.650s] [ 55%] [32mBuilding CXX object CMakeFiles/stair_modeling_ros.dir/src/utilities.cpp.o[0m
[8.789s] [ 66%] [32m[1mLinking CXX executable zion_tf2_broadcaster[0m
[9.271s] [ 66%] Built target zion_tf2_broadcaster
[22.221s] [ 77%] [32m[1mLinking CXX shared library libstair_modeling_ros.so[0m
[24.797s] [ 77%] Built target stair_modeling_ros
[24.807s] [ 88%] [32mBuilding CXX object CMakeFiles/stair_modeling_ros_node.dir/src/stair_modeling_ros_node.cpp.o[0m
[34.618s] [100%] [32m[1mLinking CXX executable stair_modeling_ros_node[0m
[35.674s] [100%] Built target stair_modeling_ros_node
[35.686s] Invoked command in '/home/nimrod/ros2_ws/src/stair_detection_pkg/stair_modeling_ros/build/stair_modeling_ros' returned '0': CMAKE_PREFIX_PATH=${CMAKE_PREFIX_PATH}:/home/nimrod/ros2_ws/install/stair_detection_ros:/opt/ros/foxy /home/nimrod/.local/bin/cmake --build /home/nimrod/ros2_ws/src/stair_detection_pkg/stair_modeling_ros/build/stair_modeling_ros -- -j16 -l16
[35.823s] Invoking command in '/home/nimrod/ros2_ws/src/stair_detection_pkg/stair_modeling_ros/build/stair_modeling_ros': CMAKE_PREFIX_PATH=${CMAKE_PREFIX_PATH}:/home/nimrod/ros2_ws/install/stair_detection_ros:/opt/ros/foxy /home/nimrod/.local/bin/cmake --install /home/nimrod/ros2_ws/src/stair_detection_pkg/stair_modeling_ros/build/stair_modeling_ros
[35.866s] -- Install configuration: ""
[35.866s] -- Installing: /home/nimrod/ros2_ws/src/stair_detection_pkg/stair_modeling_ros/install/stair_modeling_ros/lib/libstair_modeling_ros.so
[35.874s] -- Set runtime path of "/home/nimrod/ros2_ws/src/stair_detection_pkg/stair_modeling_ros/install/stair_modeling_ros/lib/libstair_modeling_ros.so" to ""
[35.874s] -- Installing: /home/nimrod/ros2_ws/src/stair_detection_pkg/stair_modeling_ros/install/stair_modeling_ros/lib/stair_modeling_ros/stair_modeling_ros_node
[35.875s] -- Set runtime path of "/home/nimrod/ros2_ws/src/stair_detection_pkg/stair_modeling_ros/install/stair_modeling_ros/lib/stair_modeling_ros/stair_modeling_ros_node" to ""
[35.875s] -- Installing: /home/nimrod/ros2_ws/src/stair_detection_pkg/stair_modeling_ros/install/stair_modeling_ros/lib/stair_modeling_ros/zion_tf2_broadcaster
[35.877s] -- Set runtime path of "/home/nimrod/ros2_ws/src/stair_detection_pkg/stair_modeling_ros/install/stair_modeling_ros/lib/stair_modeling_ros/zion_tf2_broadcaster" to ""
[35.877s] -- Installing: /home/nimrod/ros2_ws/src/stair_detection_pkg/stair_modeling_ros/install/stair_modeling_ros/include/stair_modeling_ros
[35.877s] -- Installing: /home/nimrod/ros2_ws/src/stair_detection_pkg/stair_modeling_ros/install/stair_modeling_ros/share/stair_modeling_ros/rviz2
[35.878s] -- Installing: /home/nimrod/ros2_ws/src/stair_detection_pkg/stair_modeling_ros/install/stair_modeling_ros/share/stair_modeling_ros/rviz2/stair_modeling.rviz
[35.878s] -- Installing: /home/nimrod/ros2_ws/src/stair_detection_pkg/stair_modeling_ros/install/stair_modeling_ros/share/stair_modeling_ros/params
[35.878s] -- Installing: /home/nimrod/ros2_ws/src/stair_detection_pkg/stair_modeling_ros/install/stair_modeling_ros/share/stair_modeling_ros/params/stair_modeling_params.yaml
[35.878s] -- Installing: /home/nimrod/ros2_ws/src/stair_detection_pkg/stair_modeling_ros/install/stair_modeling_ros/share/stair_modeling_ros/launch
[35.878s] -- Installing: /home/nimrod/ros2_ws/src/stair_detection_pkg/stair_modeling_ros/install/stair_modeling_ros/share/stair_modeling_ros/launch/stair_modeling_view.launch.py
[35.879s] -- Installing: /home/nimrod/ros2_ws/src/stair_detection_pkg/stair_modeling_ros/install/stair_modeling_ros/share/stair_modeling_ros/launch/stair_modeling.launch.py
[35.879s] -- Installing: /home/nimrod/ros2_ws/src/stair_detection_pkg/stair_modeling_ros/install/stair_modeling_ros/share/ament_index/resource_index/package_run_dependencies/stair_modeling_ros
[35.879s] -- Installing: /home/nimrod/ros2_ws/src/stair_detection_pkg/stair_modeling_ros/install/stair_modeling_ros/share/ament_index/resource_index/parent_prefix_path/stair_modeling_ros
[35.879s] -- Installing: /home/nimrod/ros2_ws/src/stair_detection_pkg/stair_modeling_ros/install/stair_modeling_ros/share/stair_modeling_ros/environment/ament_prefix_path.sh
[35.879s] -- Installing: /home/nimrod/ros2_ws/src/stair_detection_pkg/stair_modeling_ros/install/stair_modeling_ros/share/stair_modeling_ros/environment/ament_prefix_path.dsv
[35.879s] -- Installing: /home/nimrod/ros2_ws/src/stair_detection_pkg/stair_modeling_ros/install/stair_modeling_ros/share/stair_modeling_ros/environment/path.sh
[35.880s] -- Installing: /home/nimrod/ros2_ws/src/stair_detection_pkg/stair_modeling_ros/install/stair_modeling_ros/share/stair_modeling_ros/environment/path.dsv
[35.880s] -- Installing: /home/nimrod/ros2_ws/src/stair_detection_pkg/stair_modeling_ros/install/stair_modeling_ros/share/stair_modeling_ros/local_setup.bash
[35.880s] -- Installing: /home/nimrod/ros2_ws/src/stair_detection_pkg/stair_modeling_ros/install/stair_modeling_ros/share/stair_modeling_ros/local_setup.sh
[35.880s] -- Installing: /home/nimrod/ros2_ws/src/stair_detection_pkg/stair_modeling_ros/install/stair_modeling_ros/share/stair_modeling_ros/local_setup.zsh
[35.880s] -- Installing: /home/nimrod/ros2_ws/src/stair_detection_pkg/stair_modeling_ros/install/stair_modeling_ros/share/stair_modeling_ros/local_setup.dsv
[35.880s] -- Installing: /home/nimrod/ros2_ws/src/stair_detection_pkg/stair_modeling_ros/install/stair_modeling_ros/share/stair_modeling_ros/package.dsv
[35.880s] -- Installing: /home/nimrod/ros2_ws/src/stair_detection_pkg/stair_modeling_ros/install/stair_modeling_ros/share/ament_index/resource_index/packages/stair_modeling_ros
[35.881s] -- Installing: /home/nimrod/ros2_ws/src/stair_detection_pkg/stair_modeling_ros/install/stair_modeling_ros/share/stair_modeling_ros/cmake/stair_modeling_rosConfig.cmake
[35.881s] -- Installing: /home/nimrod/ros2_ws/src/stair_detection_pkg/stair_modeling_ros/install/stair_modeling_ros/share/stair_modeling_ros/cmake/stair_modeling_rosConfig-version.cmake
[35.881s] -- Installing: /home/nimrod/ros2_ws/src/stair_detection_pkg/stair_modeling_ros/install/stair_modeling_ros/share/stair_modeling_ros/package.xml
[35.886s] Invoked command in '/home/nimrod/ros2_ws/src/stair_detection_pkg/stair_modeling_ros/build/stair_modeling_ros' returned '0': CMAKE_PREFIX_PATH=${CMAKE_PREFIX_PATH}:/home/nimrod/ros2_ws/install/stair_detection_ros:/opt/ros/foxy /home/nimrod/.local/bin/cmake --install /home/nimrod/ros2_ws/src/stair_detection_pkg/stair_modeling_ros/build/stair_modeling_ros
