[2.737s] DEBUG:colcon:Command line arguments: ['/usr/bin/colcon', 'build', '--packages-select', 'stair_detection_ros']
[2.738s] DEBUG:colcon:Parsed command line arguments: Namespace(allow_overriding=[], ament_cmake_args=None, base_paths=['.'], build_base='build', catkin_cmake_args=None, catkin_skip_building_tests=False, cmake_args=None, cmake_clean_cache=False, cmake_clean_first=False, cmake_force_configure=False, cmake_target=None, cmake_target_skip_unavailable=False, continue_on_error=False, event_handlers=None, executor='parallel', ignore_user_meta=False, install_base='install', log_base=None, log_level=None, main=<bound method BuildVerb.main of <colcon_core.verb.build.BuildVerb object at 0x7fd2c342ef70>>, merge_install=False, metas=['./colcon.meta'], packages_above=None, packages_above_and_dependencies=None, packages_above_depth=None, packages_end=None, packages_ignore=None, packages_ignore_regex=None, packages_select=['stair_detection_ros'], packages_select_build_failed=False, packages_select_by_dep=None, packages_select_regex=None, packages_select_test_failures=False, packages_skip=None, packages_skip_build_finished=False, packages_skip_by_dep=None, packages_skip_regex=None, packages_skip_test_passed=False, packages_skip_up_to=None, packages_start=None, packages_up_to=None, packages_up_to_regex=None, parallel_workers=16, paths=None, symlink_install=False, test_result_base=None, verb_extension=<colcon_core.verb.build.BuildVerb object at 0x7fd2c342ef70>, verb_name='build', verb_parser=<colcon_defaults.argument_parser.defaults.DefaultArgumentsDecorator object at 0x7fd2c3360cd0>)
[2.862s] Level 1:colcon.colcon_core.package_discovery:discover_packages(colcon_meta) check parameters
[2.862s] Level 1:colcon.colcon_core.package_discovery:discover_packages(recursive) check parameters
[2.863s] Level 1:colcon.colcon_core.package_discovery:discover_packages(ignore) check parameters
[2.863s] Level 1:colcon.colcon_core.package_discovery:discover_packages(path) check parameters
[2.863s] Level 1:colcon.colcon_core.package_discovery:discover_packages(colcon_meta) discover
[2.863s] Level 1:colcon.colcon_core.package_discovery:discover_packages(recursive) discover
[2.863s] INFO:colcon.colcon_core.package_discovery:Crawling recursively for packages in '/home/nimrod/ros2_ws/src/stair_detection_pkg/stair_modeling_ros'
[2.863s] Level 1:colcon.colcon_core.package_identification:_identify(.) by extensions ['ignore', 'ignore_ament_install']
[2.863s] Level 1:colcon.colcon_core.package_identification:_identify(.) by extension 'ignore'
[2.863s] Level 1:colcon.colcon_core.package_identification:_identify(.) by extension 'ignore_ament_install'
[2.863s] Level 1:colcon.colcon_core.package_identification:_identify(.) by extensions ['colcon_pkg']
[2.863s] Level 1:colcon.colcon_core.package_identification:_identify(.) by extension 'colcon_pkg'
[2.863s] Level 1:colcon.colcon_core.package_identification:_identify(.) by extensions ['colcon_meta']
[2.863s] Level 1:colcon.colcon_core.package_identification:_identify(.) by extension 'colcon_meta'
[2.863s] Level 1:colcon.colcon_core.package_identification:_identify(.) by extensions ['ros']
[2.863s] Level 1:colcon.colcon_core.package_identification:_identify(.) by extension 'ros'
[2.878s] DEBUG:colcon.colcon_core.package_identification:Package '.' with type 'ros.ament_cmake' and name 'stair_modeling_ros'
[2.878s] Level 1:colcon.colcon_core.package_discovery:discover_packages(recursive) using defaults
[2.878s] Level 1:colcon.colcon_core.package_discovery:discover_packages(ignore) discover
[2.878s] Level 1:colcon.colcon_core.package_discovery:discover_packages(ignore) using defaults
[2.878s] Level 1:colcon.colcon_core.package_discovery:discover_packages(path) discover
[2.878s] Level 1:colcon.colcon_core.package_discovery:discover_packages(path) using defaults
[2.938s] WARNING:colcon.colcon_core.package_selection:ignoring unknown package 'stair_detection_ros' in --packages-select
[3.062s] INFO:colcon.colcon_core.package_selection:Skipping not selected package 'stair_modeling_ros' in '.'
[3.169s] Level 1:colcon.colcon_core.package_discovery:discover_packages(prefix_path) check parameters
[3.170s] Level 1:colcon.colcon_core.package_discovery:discover_packages(prefix_path) discover
[3.275s] DEBUG:colcon.colcon_installed_package_information.package_discovery:Found 22 installed packages in /home/nimrod/ros2_ws/install
[3.328s] DEBUG:colcon.colcon_installed_package_information.package_discovery:Found 267 installed packages in /opt/ros/foxy
[3.330s] Level 1:colcon.colcon_core.package_discovery:discover_packages(prefix_path) using defaults
[3.526s] INFO:colcon.colcon_core.executor:Executing jobs using 'parallel' executor
[3.585s] DEBUG:colcon.colcon_parallel_executor.executor.parallel:run_until_complete
[3.585s] DEBUG:colcon.colcon_parallel_executor.executor.parallel:closing loop
[3.585s] DEBUG:colcon.colcon_parallel_executor.executor.parallel:loop closed
[3.585s] DEBUG:colcon.colcon_parallel_executor.executor.parallel:run_until_complete finished with '0'
[3.585s] DEBUG:colcon.colcon_core.event_reactor:joining thread
[3.651s] INFO:colcon.colcon_core.plugin_system:Skipping extension 'colcon_notification.desktop_notification.terminal_notifier': Not used on non-Darwin systems
[3.651s] INFO:colcon.colcon_core.plugin_system:Skipping extension 'colcon_notification.desktop_notification.win32': Not used on non-Windows systems
[3.651s] INFO:colcon.colcon_notification.desktop_notification:Sending desktop notification using 'notify2'
[3.670s] DEBUG:colcon.colcon_core.event_reactor:joined thread
[3.734s] INFO:colcon.colcon_core.plugin_system:Skipping extension 'colcon_core.shell.bat': Not used on non-Windows systems
[3.734s] INFO:colcon.colcon_core.shell:Creating prefix script '/home/nimrod/ros2_ws/src/stair_detection_pkg/stair_modeling_ros/install/local_setup.ps1'
[3.735s] INFO:colcon.colcon_core.shell:Creating prefix util module '/home/nimrod/ros2_ws/src/stair_detection_pkg/stair_modeling_ros/install/_local_setup_util_ps1.py'
[3.737s] INFO:colcon.colcon_core.shell:Creating prefix chain script '/home/nimrod/ros2_ws/src/stair_detection_pkg/stair_modeling_ros/install/setup.ps1'
[3.798s] INFO:colcon.colcon_core.shell:Creating prefix script '/home/nimrod/ros2_ws/src/stair_detection_pkg/stair_modeling_ros/install/local_setup.sh'
[3.799s] INFO:colcon.colcon_core.shell:Creating prefix util module '/home/nimrod/ros2_ws/src/stair_detection_pkg/stair_modeling_ros/install/_local_setup_util_sh.py'
[3.799s] INFO:colcon.colcon_core.shell:Creating prefix chain script '/home/nimrod/ros2_ws/src/stair_detection_pkg/stair_modeling_ros/install/setup.sh'
[3.861s] INFO:colcon.colcon_core.shell:Creating prefix script '/home/nimrod/ros2_ws/src/stair_detection_pkg/stair_modeling_ros/install/local_setup.bash'
[3.861s] INFO:colcon.colcon_core.shell:Creating prefix chain script '/home/nimrod/ros2_ws/src/stair_detection_pkg/stair_modeling_ros/install/setup.bash'
[3.922s] INFO:colcon.colcon_core.shell:Creating prefix script '/home/nimrod/ros2_ws/src/stair_detection_pkg/stair_modeling_ros/install/local_setup.zsh'
[3.923s] INFO:colcon.colcon_core.shell:Creating prefix chain script '/home/nimrod/ros2_ws/src/stair_detection_pkg/stair_modeling_ros/install/setup.zsh'
