[01m[K/home/nimrod/ros2_ws/src/stair_detection_pkg/stair_modeling_ros/src/stair_modeling.cpp:[m[K In member function ‘[01m[Kvoid StairModeling::tfCallback(tf2_msgs::msg::TFMessage_<std::allocator<void> >::SharedPtr)[m[K’:
[01m[K/home/nimrod/ros2_ws/src/stair_detection_pkg/stair_modeling_ros/src/stair_modeling.cpp:152:74:[m[K [01;35m[Kwarning: [m[Kunused parameter ‘[01m[Ktf_msg[m[K’ [[01;35m[K-Wunused-parameter[m[K]
  152 | void StairModeling::tfCallback([01;35m[Kconst tf2_msgs::msg::TFMessage::SharedPtr tf_msg[m[K)
      |                                [01;35m[K~~~~~~~~~~~~~~~~~~~~~~~~~~~~~~~~~~~~~~~~~~^~~~~~[m[K
make[2]: *** [CMakeFiles/stair_modeling_ros_node.dir/build.make:76: CMakeFiles/stair_modeling_ros_node.dir/src/stair_modeling_ros_node.cpp.o] Interrupt
make[1]: *** [CMakeFiles/Makefile2:167: CMakeFiles/stair_modeling_ros_node.dir/all] Interrupt
make: *** [Makefile:146: all] Interrupt
Traceback (most recent call last):
  File "/home/nimrod/.local/bin/cmake", line 8, in <module>
    sys.exit(cmake())
  File "/home/nimrod/.local/lib/python3.8/site-packages/cmake/__init__.py", line 43, in cmake
    raise SystemExit(_program('cmake', sys.argv[1:]))
  File "/home/nimrod/.local/lib/python3.8/site-packages/cmake/__init__.py", line 39, in _program
    return subprocess.call([os.path.join(CMAKE_BIN_DIR, name)] + args, close_fds=False)
  File "/usr/lib/python3.8/subprocess.py", line 342, in call
    return p.wait(timeout=timeout)
  File "/usr/lib/python3.8/subprocess.py", line 1083, in wait
    return self._wait(timeout=timeout)
  File "/usr/lib/python3.8/subprocess.py", line 1806, in _wait
    (pid, sts) = self._try_wait(0)
  File "/usr/lib/python3.8/subprocess.py", line 1764, in _try_wait
    (pid, sts) = os.waitpid(self.pid, wait_flags)
KeyboardInterrupt
