[0.258s] Invoking command in '/home/nimrod/ros2_ws/src/stair_detection_pkg/stair_modeling_ros/build/stair_modeling_ros': CMAKE_PREFIX_PATH=${CMAKE_PREFIX_PATH}:/home/nimrod/ros2_ws/install/stair_detection_ros:/opt/ros/foxy /home/nimrod/.local/bin/cmake --build /home/nimrod/ros2_ws/src/stair_detection_pkg/stair_modeling_ros/build/stair_modeling_ros -- -j16 -l16
[0.317s] [ 22%] Built target zion_tf2_broadcaster
[0.371s] [ 33%] [32mBuilding CXX object CMakeFiles/stair_modeling_ros.dir/src/stair_modeling.cpp.o[0m
[15.978s] [ 44%] [32m[1mLinking CXX shared library libstair_modeling_ros.so[0m
[18.355s] [ 77%] Built target stair_modeling_ros
[18.377s] [ 88%] [32m[1mLinking CXX executable stair_modeling_ros_node[0m
[19.310s] [100%] Built target stair_modeling_ros_node
[19.321s] Invoked command in '/home/nimrod/ros2_ws/src/stair_detection_pkg/stair_modeling_ros/build/stair_modeling_ros' returned '0': CMAKE_PREFIX_PATH=${CMAKE_PREFIX_PATH}:/home/nimrod/ros2_ws/install/stair_detection_ros:/opt/ros/foxy /home/nimrod/.local/bin/cmake --build /home/nimrod/ros2_ws/src/stair_detection_pkg/stair_modeling_ros/build/stair_modeling_ros -- -j16 -l16
[19.438s] Invoking command in '/home/nimrod/ros2_ws/src/stair_detection_pkg/stair_modeling_ros/build/stair_modeling_ros': CMAKE_PREFIX_PATH=${CMAKE_PREFIX_PATH}:/home/nimrod/ros2_ws/install/stair_detection_ros:/opt/ros/foxy /home/nimrod/.local/bin/cmake --install /home/nimrod/ros2_ws/src/stair_detection_pkg/stair_modeling_ros/build/stair_modeling_ros
[19.476s] -- Install configuration: ""
[19.476s] -- Installing: /home/nimrod/ros2_ws/src/stair_detection_pkg/stair_modeling_ros/install/stair_modeling_ros/lib/libstair_modeling_ros.so
[19.484s] -- Set runtime path of "/home/nimrod/ros2_ws/src/stair_detection_pkg/stair_modeling_ros/install/stair_modeling_ros/lib/libstair_modeling_ros.so" to ""
[19.485s] -- Installing: /home/nimrod/ros2_ws/src/stair_detection_pkg/stair_modeling_ros/install/stair_modeling_ros/lib/stair_modeling_ros/stair_modeling_ros_node
[19.485s] -- Set runtime path of "/home/nimrod/ros2_ws/src/stair_detection_pkg/stair_modeling_ros/install/stair_modeling_ros/lib/stair_modeling_ros/stair_modeling_ros_node" to ""
[19.486s] -- Up-to-date: /home/nimrod/ros2_ws/src/stair_detection_pkg/stair_modeling_ros/install/stair_modeling_ros/lib/stair_modeling_ros/zion_tf2_broadcaster
[19.486s] -- Up-to-date: /home/nimrod/ros2_ws/src/stair_detection_pkg/stair_modeling_ros/install/stair_modeling_ros/include/stair_modeling_ros
[19.486s] -- Up-to-date: /home/nimrod/ros2_ws/src/stair_detection_pkg/stair_modeling_ros/install/stair_modeling_ros/share/stair_modeling_ros/rviz2
[19.486s] -- Up-to-date: /home/nimrod/ros2_ws/src/stair_detection_pkg/stair_modeling_ros/install/stair_modeling_ros/share/stair_modeling_ros/rviz2/stair_modeling.rviz
[19.486s] -- Up-to-date: /home/nimrod/ros2_ws/src/stair_detection_pkg/stair_modeling_ros/install/stair_modeling_ros/share/stair_modeling_ros/params
[19.486s] -- Up-to-date: /home/nimrod/ros2_ws/src/stair_detection_pkg/stair_modeling_ros/install/stair_modeling_ros/share/stair_modeling_ros/params/stair_modeling_params.yaml
[19.487s] -- Up-to-date: /home/nimrod/ros2_ws/src/stair_detection_pkg/stair_modeling_ros/install/stair_modeling_ros/share/stair_modeling_ros/launch
[19.487s] -- Up-to-date: /home/nimrod/ros2_ws/src/stair_detection_pkg/stair_modeling_ros/install/stair_modeling_ros/share/stair_modeling_ros/launch/stair_modeling_view.launch.py
[19.487s] -- Up-to-date: /home/nimrod/ros2_ws/src/stair_detection_pkg/stair_modeling_ros/install/stair_modeling_ros/share/stair_modeling_ros/launch/stair_modeling.launch.py
[19.487s] -- Up-to-date: /home/nimrod/ros2_ws/src/stair_detection_pkg/stair_modeling_ros/install/stair_modeling_ros/share/ament_index/resource_index/package_run_dependencies/stair_modeling_ros
[19.487s] -- Up-to-date: /home/nimrod/ros2_ws/src/stair_detection_pkg/stair_modeling_ros/install/stair_modeling_ros/share/ament_index/resource_index/parent_prefix_path/stair_modeling_ros
[19.487s] -- Up-to-date: /home/nimrod/ros2_ws/src/stair_detection_pkg/stair_modeling_ros/install/stair_modeling_ros/share/stair_modeling_ros/environment/ament_prefix_path.sh
[19.487s] -- Up-to-date: /home/nimrod/ros2_ws/src/stair_detection_pkg/stair_modeling_ros/install/stair_modeling_ros/share/stair_modeling_ros/environment/ament_prefix_path.dsv
[19.488s] -- Up-to-date: /home/nimrod/ros2_ws/src/stair_detection_pkg/stair_modeling_ros/install/stair_modeling_ros/share/stair_modeling_ros/environment/path.sh
[19.488s] -- Up-to-date: /home/nimrod/ros2_ws/src/stair_detection_pkg/stair_modeling_ros/install/stair_modeling_ros/share/stair_modeling_ros/environment/path.dsv
[19.488s] -- Up-to-date: /home/nimrod/ros2_ws/src/stair_detection_pkg/stair_modeling_ros/install/stair_modeling_ros/share/stair_modeling_ros/local_setup.bash
[19.488s] -- Up-to-date: /home/nimrod/ros2_ws/src/stair_detection_pkg/stair_modeling_ros/install/stair_modeling_ros/share/stair_modeling_ros/local_setup.sh
[19.488s] -- Up-to-date: /home/nimrod/ros2_ws/src/stair_detection_pkg/stair_modeling_ros/install/stair_modeling_ros/share/stair_modeling_ros/local_setup.zsh
[19.488s] -- Up-to-date: /home/nimrod/ros2_ws/src/stair_detection_pkg/stair_modeling_ros/install/stair_modeling_ros/share/stair_modeling_ros/local_setup.dsv
[19.489s] -- Installing: /home/nimrod/ros2_ws/src/stair_detection_pkg/stair_modeling_ros/install/stair_modeling_ros/share/stair_modeling_ros/package.dsv
[19.489s] -- Up-to-date: /home/nimrod/ros2_ws/src/stair_detection_pkg/stair_modeling_ros/install/stair_modeling_ros/share/ament_index/resource_index/packages/stair_modeling_ros
[19.489s] -- Up-to-date: /home/nimrod/ros2_ws/src/stair_detection_pkg/stair_modeling_ros/install/stair_modeling_ros/share/stair_modeling_ros/cmake/stair_modeling_rosConfig.cmake
[19.489s] -- Up-to-date: /home/nimrod/ros2_ws/src/stair_detection_pkg/stair_modeling_ros/install/stair_modeling_ros/share/stair_modeling_ros/cmake/stair_modeling_rosConfig-version.cmake
[19.489s] -- Up-to-date: /home/nimrod/ros2_ws/src/stair_detection_pkg/stair_modeling_ros/install/stair_modeling_ros/share/stair_modeling_ros/package.xml
[19.493s] Invoked command in '/home/nimrod/ros2_ws/src/stair_detection_pkg/stair_modeling_ros/build/stair_modeling_ros' returned '0': CMAKE_PREFIX_PATH=${CMAKE_PREFIX_PATH}:/home/nimrod/ros2_ws/install/stair_detection_ros:/opt/ros/foxy /home/nimrod/.local/bin/cmake --install /home/nimrod/ros2_ws/src/stair_detection_pkg/stair_modeling_ros/build/stair_modeling_ros
