[3.657s] DEBUG:colcon:Command line arguments: ['/usr/bin/colcon', 'build', '--packages-select', 'stair_modeling_ros']
[3.657s] DEBUG:colcon:Parsed command line arguments: Namespace(allow_overriding=[], ament_cmake_args=None, base_paths=['.'], build_base='build', catkin_cmake_args=None, catkin_skip_building_tests=False, cmake_args=None, cmake_clean_cache=False, cmake_clean_first=False, cmake_force_configure=False, cmake_target=None, cmake_target_skip_unavailable=False, continue_on_error=False, event_handlers=None, executor='parallel', ignore_user_meta=False, install_base='install', log_base=None, log_level=None, main=<bound method BuildVerb.main of <colcon_core.verb.build.BuildVerb object at 0x7fe909ad8f10>>, merge_install=False, metas=['./colcon.meta'], packages_above=None, packages_above_and_dependencies=None, packages_above_depth=None, packages_end=None, packages_ignore=None, packages_ignore_regex=None, packages_select=['stair_modeling_ros'], packages_select_build_failed=False, packages_select_by_dep=None, packages_select_regex=None, packages_select_test_failures=False, packages_skip=None, packages_skip_build_finished=False, packages_skip_by_dep=None, packages_skip_regex=None, packages_skip_test_passed=False, packages_skip_up_to=None, packages_start=None, packages_up_to=None, packages_up_to_regex=None, parallel_workers=16, paths=None, symlink_install=False, test_result_base=None, verb_extension=<colcon_core.verb.build.BuildVerb object at 0x7fe909ad8f10>, verb_name='build', verb_parser=<colcon_defaults.argument_parser.defaults.DefaultArgumentsDecorator object at 0x7fe90996cca0>)
[3.803s] Level 1:colcon.colcon_core.package_discovery:discover_packages(colcon_meta) check parameters
[3.803s] Level 1:colcon.colcon_core.package_discovery:discover_packages(recursive) check parameters
[3.803s] Level 1:colcon.colcon_core.package_discovery:discover_packages(ignore) check parameters
[3.803s] Level 1:colcon.colcon_core.package_discovery:discover_packages(path) check parameters
[3.803s] Level 1:colcon.colcon_core.package_discovery:discover_packages(colcon_meta) discover
[3.803s] Level 1:colcon.colcon_core.package_discovery:discover_packages(recursive) discover
[3.803s] INFO:colcon.colcon_core.package_discovery:Crawling recursively for packages in '/home/nimrod/ros2_ws/src/stair_detection_pkg/stair_modeling_ros'
[3.804s] Level 1:colcon.colcon_core.package_identification:_identify(.) by extensions ['ignore', 'ignore_ament_install']
[3.804s] Level 1:colcon.colcon_core.package_identification:_identify(.) by extension 'ignore'
[3.804s] Level 1:colcon.colcon_core.package_identification:_identify(.) by extension 'ignore_ament_install'
[3.804s] Level 1:colcon.colcon_core.package_identification:_identify(.) by extensions ['colcon_pkg']
[3.804s] Level 1:colcon.colcon_core.package_identification:_identify(.) by extension 'colcon_pkg'
[3.804s] Level 1:colcon.colcon_core.package_identification:_identify(.) by extensions ['colcon_meta']
[3.804s] Level 1:colcon.colcon_core.package_identification:_identify(.) by extension 'colcon_meta'
[3.804s] Level 1:colcon.colcon_core.package_identification:_identify(.) by extensions ['ros']
[3.804s] Level 1:colcon.colcon_core.package_identification:_identify(.) by extension 'ros'
[3.821s] DEBUG:colcon.colcon_core.package_identification:Package '.' with type 'ros.ament_cmake' and name 'stair_modeling_ros'
[3.822s] Level 1:colcon.colcon_core.package_discovery:discover_packages(recursive) using defaults
[3.822s] Level 1:colcon.colcon_core.package_discovery:discover_packages(ignore) discover
[3.822s] Level 1:colcon.colcon_core.package_discovery:discover_packages(ignore) using defaults
[3.822s] Level 1:colcon.colcon_core.package_discovery:discover_packages(path) discover
[3.822s] Level 1:colcon.colcon_core.package_discovery:discover_packages(path) using defaults
[4.162s] Level 1:colcon.colcon_core.package_discovery:discover_packages(prefix_path) check parameters
[4.162s] Level 1:colcon.colcon_core.package_discovery:discover_packages(prefix_path) discover
[4.300s] DEBUG:colcon.colcon_installed_package_information.package_discovery:Found 1 installed packages in /home/nimrod/ros2_ws/src/stair_detection_pkg/stair_modeling_ros/install
[4.369s] DEBUG:colcon.colcon_installed_package_information.package_discovery:Found 22 installed packages in /home/nimrod/ros2_ws/install
[4.438s] DEBUG:colcon.colcon_installed_package_information.package_discovery:Found 267 installed packages in /opt/ros/foxy
[4.440s] Level 1:colcon.colcon_core.package_discovery:discover_packages(prefix_path) using defaults
[4.679s] Level 5:colcon.colcon_core.verb:set package 'stair_modeling_ros' build argument 'cmake_args' from command line to 'None'
[4.679s] Level 5:colcon.colcon_core.verb:set package 'stair_modeling_ros' build argument 'cmake_target' from command line to 'None'
[4.679s] Level 5:colcon.colcon_core.verb:set package 'stair_modeling_ros' build argument 'cmake_target_skip_unavailable' from command line to 'False'
[4.679s] Level 5:colcon.colcon_core.verb:set package 'stair_modeling_ros' build argument 'cmake_clean_cache' from command line to 'False'
[4.679s] Level 5:colcon.colcon_core.verb:set package 'stair_modeling_ros' build argument 'cmake_clean_first' from command line to 'False'
[4.679s] Level 5:colcon.colcon_core.verb:set package 'stair_modeling_ros' build argument 'cmake_force_configure' from command line to 'False'
[4.679s] Level 5:colcon.colcon_core.verb:set package 'stair_modeling_ros' build argument 'ament_cmake_args' from command line to 'None'
[4.679s] Level 5:colcon.colcon_core.verb:set package 'stair_modeling_ros' build argument 'catkin_cmake_args' from command line to 'None'
[4.679s] Level 5:colcon.colcon_core.verb:set package 'stair_modeling_ros' build argument 'catkin_skip_building_tests' from command line to 'False'
[4.679s] DEBUG:colcon.colcon_core.verb:Building package 'stair_modeling_ros' with the following arguments: {'ament_cmake_args': None, 'build_base': '/home/nimrod/ros2_ws/src/stair_detection_pkg/stair_modeling_ros/build/stair_modeling_ros', 'catkin_cmake_args': None, 'catkin_skip_building_tests': False, 'cmake_args': None, 'cmake_clean_cache': False, 'cmake_clean_first': False, 'cmake_force_configure': False, 'cmake_target': None, 'cmake_target_skip_unavailable': False, 'install_base': '/home/nimrod/ros2_ws/src/stair_detection_pkg/stair_modeling_ros/install/stair_modeling_ros', 'merge_install': False, 'path': '/home/nimrod/ros2_ws/src/stair_detection_pkg/stair_modeling_ros', 'symlink_install': False, 'test_result_base': None}
[4.747s] INFO:colcon.colcon_core.executor:Executing jobs using 'parallel' executor
[4.813s] DEBUG:colcon.colcon_parallel_executor.executor.parallel:run_until_complete
[4.813s] INFO:colcon.colcon_ros.task.ament_cmake.build:Building ROS package in '/home/nimrod/ros2_ws/src/stair_detection_pkg/stair_modeling_ros' with build type 'ament_cmake'
[4.813s] INFO:colcon.colcon_cmake.task.cmake.build:Building CMake package in '/home/nimrod/ros2_ws/src/stair_detection_pkg/stair_modeling_ros'
[4.882s] INFO:colcon.colcon_core.plugin_system:Skipping extension 'colcon_core.shell.bat': Not used on non-Windows systems
[4.882s] INFO:colcon.colcon_core.shell:Skip shell extension 'powershell' for command environment: Not usable outside of PowerShell
[4.882s] DEBUG:colcon.colcon_core.shell:Skip shell extension 'dsv' for command environment
[5.173s] DEBUG:colcon.colcon_core.event_handler.log_command:Invoking command in '/home/nimrod/ros2_ws/src/stair_detection_pkg/stair_modeling_ros/build/stair_modeling_ros': CMAKE_PREFIX_PATH=${CMAKE_PREFIX_PATH}:/home/nimrod/ros2_ws/install/stair_detection_ros:/opt/ros/foxy /home/nimrod/.local/bin/cmake --build /home/nimrod/ros2_ws/src/stair_detection_pkg/stair_modeling_ros/build/stair_modeling_ros -- -j16 -l16
[33.213s] DEBUG:colcon.colcon_core.event_handler.log_command:Invoked command in '/home/nimrod/ros2_ws/src/stair_detection_pkg/stair_modeling_ros/build/stair_modeling_ros' returned '0': CMAKE_PREFIX_PATH=${CMAKE_PREFIX_PATH}:/home/nimrod/ros2_ws/install/stair_detection_ros:/opt/ros/foxy /home/nimrod/.local/bin/cmake --build /home/nimrod/ros2_ws/src/stair_detection_pkg/stair_modeling_ros/build/stair_modeling_ros -- -j16 -l16
[33.400s] DEBUG:colcon.colcon_core.event_handler.log_command:Invoking command in '/home/nimrod/ros2_ws/src/stair_detection_pkg/stair_modeling_ros/build/stair_modeling_ros': CMAKE_PREFIX_PATH=${CMAKE_PREFIX_PATH}:/home/nimrod/ros2_ws/install/stair_detection_ros:/opt/ros/foxy /home/nimrod/.local/bin/cmake --install /home/nimrod/ros2_ws/src/stair_detection_pkg/stair_modeling_ros/build/stair_modeling_ros
[33.477s] Level 1:colcon.colcon_core.environment:create_environment_scripts_only(stair_modeling_ros)
[33.478s] DEBUG:colcon.colcon_core.event_handler.log_command:Invoked command in '/home/nimrod/ros2_ws/src/stair_detection_pkg/stair_modeling_ros/build/stair_modeling_ros' returned '0': CMAKE_PREFIX_PATH=${CMAKE_PREFIX_PATH}:/home/nimrod/ros2_ws/install/stair_detection_ros:/opt/ros/foxy /home/nimrod/.local/bin/cmake --install /home/nimrod/ros2_ws/src/stair_detection_pkg/stair_modeling_ros/build/stair_modeling_ros
[33.573s] Level 1:colcon.colcon_core.environment:checking '/home/nimrod/ros2_ws/src/stair_detection_pkg/stair_modeling_ros/install/stair_modeling_ros' for CMake module files
[33.574s] Level 1:colcon.colcon_core.environment:checking '/home/nimrod/ros2_ws/src/stair_detection_pkg/stair_modeling_ros/install/stair_modeling_ros' for CMake config files
[33.575s] Level 1:colcon.colcon_core.shell:create_environment_hook('stair_modeling_ros', 'cmake_prefix_path')
[33.663s] INFO:colcon.colcon_core.shell:Creating environment hook '/home/nimrod/ros2_ws/src/stair_detection_pkg/stair_modeling_ros/install/stair_modeling_ros/share/stair_modeling_ros/hook/cmake_prefix_path.ps1'
[33.664s] INFO:colcon.colcon_core.shell:Creating environment descriptor '/home/nimrod/ros2_ws/src/stair_detection_pkg/stair_modeling_ros/install/stair_modeling_ros/share/stair_modeling_ros/hook/cmake_prefix_path.dsv'
[33.665s] INFO:colcon.colcon_core.shell:Creating environment hook '/home/nimrod/ros2_ws/src/stair_detection_pkg/stair_modeling_ros/install/stair_modeling_ros/share/stair_modeling_ros/hook/cmake_prefix_path.sh'
[33.666s] Level 1:colcon.colcon_core.environment:checking '/home/nimrod/ros2_ws/src/stair_detection_pkg/stair_modeling_ros/install/stair_modeling_ros/lib'
[33.667s] Level 1:colcon.colcon_core.shell:create_environment_hook('stair_modeling_ros', 'ld_library_path_lib')
[33.753s] INFO:colcon.colcon_core.shell:Creating environment hook '/home/nimrod/ros2_ws/src/stair_detection_pkg/stair_modeling_ros/install/stair_modeling_ros/share/stair_modeling_ros/hook/ld_library_path_lib.ps1'
[33.754s] INFO:colcon.colcon_core.shell:Creating environment descriptor '/home/nimrod/ros2_ws/src/stair_detection_pkg/stair_modeling_ros/install/stair_modeling_ros/share/stair_modeling_ros/hook/ld_library_path_lib.dsv'
[33.755s] INFO:colcon.colcon_core.shell:Creating environment hook '/home/nimrod/ros2_ws/src/stair_detection_pkg/stair_modeling_ros/install/stair_modeling_ros/share/stair_modeling_ros/hook/ld_library_path_lib.sh'
[33.755s] Level 1:colcon.colcon_core.environment:checking '/home/nimrod/ros2_ws/src/stair_detection_pkg/stair_modeling_ros/install/stair_modeling_ros/bin'
[33.755s] Level 1:colcon.colcon_core.environment:checking '/home/nimrod/ros2_ws/src/stair_detection_pkg/stair_modeling_ros/install/stair_modeling_ros/lib/pkgconfig/stair_modeling_ros.pc'
[33.756s] Level 1:colcon.colcon_core.environment:checking '/home/nimrod/ros2_ws/src/stair_detection_pkg/stair_modeling_ros/install/stair_modeling_ros/lib/python3.8/site-packages'
[33.756s] Level 1:colcon.colcon_core.environment:checking '/home/nimrod/ros2_ws/src/stair_detection_pkg/stair_modeling_ros/install/stair_modeling_ros/bin'
[33.860s] INFO:colcon.colcon_core.shell:Creating package script '/home/nimrod/ros2_ws/src/stair_detection_pkg/stair_modeling_ros/install/stair_modeling_ros/share/stair_modeling_ros/package.ps1'
[33.862s] INFO:colcon.colcon_core.shell:Creating package descriptor '/home/nimrod/ros2_ws/src/stair_detection_pkg/stair_modeling_ros/install/stair_modeling_ros/share/stair_modeling_ros/package.dsv'
[33.863s] INFO:colcon.colcon_core.shell:Creating package script '/home/nimrod/ros2_ws/src/stair_detection_pkg/stair_modeling_ros/install/stair_modeling_ros/share/stair_modeling_ros/package.sh'
[33.864s] INFO:colcon.colcon_core.shell:Creating package script '/home/nimrod/ros2_ws/src/stair_detection_pkg/stair_modeling_ros/install/stair_modeling_ros/share/stair_modeling_ros/package.bash'
[33.865s] INFO:colcon.colcon_core.shell:Creating package script '/home/nimrod/ros2_ws/src/stair_detection_pkg/stair_modeling_ros/install/stair_modeling_ros/share/stair_modeling_ros/package.zsh'
[33.867s] Level 1:colcon.colcon_core.environment:create_file_with_runtime_dependencies(/home/nimrod/ros2_ws/src/stair_detection_pkg/stair_modeling_ros/install/stair_modeling_ros/share/colcon-core/packages/stair_modeling_ros)
[34.140s] Level 1:colcon.colcon_core.environment:create_environment_scripts_only(stair_modeling_ros)
[34.236s] Level 1:colcon.colcon_core.environment:checking '/home/nimrod/ros2_ws/src/stair_detection_pkg/stair_modeling_ros/install/stair_modeling_ros' for CMake module files
[34.237s] Level 1:colcon.colcon_core.environment:checking '/home/nimrod/ros2_ws/src/stair_detection_pkg/stair_modeling_ros/install/stair_modeling_ros' for CMake config files
[34.238s] Level 1:colcon.colcon_core.shell:create_environment_hook('stair_modeling_ros', 'cmake_prefix_path')
[34.331s] INFO:colcon.colcon_core.shell:Creating environment hook '/home/nimrod/ros2_ws/src/stair_detection_pkg/stair_modeling_ros/install/stair_modeling_ros/share/stair_modeling_ros/hook/cmake_prefix_path.ps1'
[34.332s] INFO:colcon.colcon_core.shell:Creating environment descriptor '/home/nimrod/ros2_ws/src/stair_detection_pkg/stair_modeling_ros/install/stair_modeling_ros/share/stair_modeling_ros/hook/cmake_prefix_path.dsv'
[34.333s] INFO:colcon.colcon_core.shell:Creating environment hook '/home/nimrod/ros2_ws/src/stair_detection_pkg/stair_modeling_ros/install/stair_modeling_ros/share/stair_modeling_ros/hook/cmake_prefix_path.sh'
[34.334s] Level 1:colcon.colcon_core.environment:checking '/home/nimrod/ros2_ws/src/stair_detection_pkg/stair_modeling_ros/install/stair_modeling_ros/lib'
[34.334s] Level 1:colcon.colcon_core.shell:create_environment_hook('stair_modeling_ros', 'ld_library_path_lib')
[34.427s] INFO:colcon.colcon_core.shell:Creating environment hook '/home/nimrod/ros2_ws/src/stair_detection_pkg/stair_modeling_ros/install/stair_modeling_ros/share/stair_modeling_ros/hook/ld_library_path_lib.ps1'
[34.428s] INFO:colcon.colcon_core.shell:Creating environment descriptor '/home/nimrod/ros2_ws/src/stair_detection_pkg/stair_modeling_ros/install/stair_modeling_ros/share/stair_modeling_ros/hook/ld_library_path_lib.dsv'
[34.428s] INFO:colcon.colcon_core.shell:Creating environment hook '/home/nimrod/ros2_ws/src/stair_detection_pkg/stair_modeling_ros/install/stair_modeling_ros/share/stair_modeling_ros/hook/ld_library_path_lib.sh'
[34.429s] Level 1:colcon.colcon_core.environment:checking '/home/nimrod/ros2_ws/src/stair_detection_pkg/stair_modeling_ros/install/stair_modeling_ros/bin'
[34.429s] Level 1:colcon.colcon_core.environment:checking '/home/nimrod/ros2_ws/src/stair_detection_pkg/stair_modeling_ros/install/stair_modeling_ros/lib/pkgconfig/stair_modeling_ros.pc'
[34.429s] Level 1:colcon.colcon_core.environment:checking '/home/nimrod/ros2_ws/src/stair_detection_pkg/stair_modeling_ros/install/stair_modeling_ros/lib/python3.8/site-packages'
[34.430s] Level 1:colcon.colcon_core.environment:checking '/home/nimrod/ros2_ws/src/stair_detection_pkg/stair_modeling_ros/install/stair_modeling_ros/bin'
[34.534s] INFO:colcon.colcon_core.shell:Creating package script '/home/nimrod/ros2_ws/src/stair_detection_pkg/stair_modeling_ros/install/stair_modeling_ros/share/stair_modeling_ros/package.ps1'
[34.536s] INFO:colcon.colcon_core.shell:Creating package descriptor '/home/nimrod/ros2_ws/src/stair_detection_pkg/stair_modeling_ros/install/stair_modeling_ros/share/stair_modeling_ros/package.dsv'
[34.536s] INFO:colcon.colcon_core.shell:Creating package script '/home/nimrod/ros2_ws/src/stair_detection_pkg/stair_modeling_ros/install/stair_modeling_ros/share/stair_modeling_ros/package.sh'
[34.537s] INFO:colcon.colcon_core.shell:Creating package script '/home/nimrod/ros2_ws/src/stair_detection_pkg/stair_modeling_ros/install/stair_modeling_ros/share/stair_modeling_ros/package.bash'
[34.538s] INFO:colcon.colcon_core.shell:Creating package script '/home/nimrod/ros2_ws/src/stair_detection_pkg/stair_modeling_ros/install/stair_modeling_ros/share/stair_modeling_ros/package.zsh'
[34.538s] Level 1:colcon.colcon_core.environment:create_file_with_runtime_dependencies(/home/nimrod/ros2_ws/src/stair_detection_pkg/stair_modeling_ros/install/stair_modeling_ros/share/colcon-core/packages/stair_modeling_ros)
[34.539s] DEBUG:colcon.colcon_parallel_executor.executor.parallel:closing loop
[34.539s] DEBUG:colcon.colcon_parallel_executor.executor.parallel:loop closed
[34.540s] DEBUG:colcon.colcon_parallel_executor.executor.parallel:run_until_complete finished with '0'
[34.540s] DEBUG:colcon.colcon_core.event_reactor:joining thread
[34.671s] INFO:colcon.colcon_core.plugin_system:Skipping extension 'colcon_notification.desktop_notification.terminal_notifier': Not used on non-Darwin systems
[34.671s] INFO:colcon.colcon_core.plugin_system:Skipping extension 'colcon_notification.desktop_notification.win32': Not used on non-Windows systems
[34.672s] INFO:colcon.colcon_notification.desktop_notification:Sending desktop notification using 'notify2'
[34.708s] DEBUG:colcon.colcon_core.event_reactor:joined thread
[34.804s] INFO:colcon.colcon_core.shell:Creating prefix script '/home/nimrod/ros2_ws/src/stair_detection_pkg/stair_modeling_ros/install/local_setup.ps1'
[34.805s] INFO:colcon.colcon_core.shell:Creating prefix util module '/home/nimrod/ros2_ws/src/stair_detection_pkg/stair_modeling_ros/install/_local_setup_util_ps1.py'
[34.807s] INFO:colcon.colcon_core.shell:Creating prefix chain script '/home/nimrod/ros2_ws/src/stair_detection_pkg/stair_modeling_ros/install/setup.ps1'
[34.895s] INFO:colcon.colcon_core.shell:Creating prefix script '/home/nimrod/ros2_ws/src/stair_detection_pkg/stair_modeling_ros/install/local_setup.sh'
[34.896s] INFO:colcon.colcon_core.shell:Creating prefix util module '/home/nimrod/ros2_ws/src/stair_detection_pkg/stair_modeling_ros/install/_local_setup_util_sh.py'
[34.897s] INFO:colcon.colcon_core.shell:Creating prefix chain script '/home/nimrod/ros2_ws/src/stair_detection_pkg/stair_modeling_ros/install/setup.sh'
[34.983s] INFO:colcon.colcon_core.shell:Creating prefix script '/home/nimrod/ros2_ws/src/stair_detection_pkg/stair_modeling_ros/install/local_setup.bash'
[34.984s] INFO:colcon.colcon_core.shell:Creating prefix chain script '/home/nimrod/ros2_ws/src/stair_detection_pkg/stair_modeling_ros/install/setup.bash'
[35.069s] INFO:colcon.colcon_core.shell:Creating prefix script '/home/nimrod/ros2_ws/src/stair_detection_pkg/stair_modeling_ros/install/local_setup.zsh'
[35.070s] INFO:colcon.colcon_core.shell:Creating prefix chain script '/home/nimrod/ros2_ws/src/stair_detection_pkg/stair_modeling_ros/install/setup.zsh'
