[4.456s] DEBUG:colcon:Command line arguments: ['/usr/bin/colcon', 'build', '--packages-select', 'stair_modeling_ros']
[4.457s] DEBUG:colcon:Parsed command line arguments: Namespace(allow_overriding=[], ament_cmake_args=None, base_paths=['.'], build_base='build', catkin_cmake_args=None, catkin_skip_building_tests=False, cmake_args=None, cmake_clean_cache=False, cmake_clean_first=False, cmake_force_configure=False, cmake_target=None, cmake_target_skip_unavailable=False, continue_on_error=False, event_handlers=None, executor='parallel', ignore_user_meta=False, install_base='install', log_base=None, log_level=None, main=<bound method BuildVerb.main of <colcon_core.verb.build.BuildVerb object at 0x7f97a6f40610>>, merge_install=False, metas=['./colcon.meta'], packages_above=None, packages_above_and_dependencies=None, packages_above_depth=None, packages_end=None, packages_ignore=None, packages_ignore_regex=None, packages_select=['stair_modeling_ros'], packages_select_build_failed=False, packages_select_by_dep=None, packages_select_regex=None, packages_select_test_failures=False, packages_skip=None, packages_skip_build_finished=False, packages_skip_by_dep=None, packages_skip_regex=None, packages_skip_test_passed=False, packages_skip_up_to=None, packages_start=None, packages_up_to=None, packages_up_to_regex=None, parallel_workers=16, paths=None, symlink_install=False, test_result_base=None, verb_extension=<colcon_core.verb.build.BuildVerb object at 0x7f97a6f40610>, verb_name='build', verb_parser=<colcon_defaults.argument_parser.defaults.DefaultArgumentsDecorator object at 0x7f97a6e6dc10>)
[4.678s] Level 1:colcon.colcon_core.package_discovery:discover_packages(colcon_meta) check parameters
[4.678s] Level 1:colcon.colcon_core.package_discovery:discover_packages(recursive) check parameters
[4.678s] Level 1:colcon.colcon_core.package_discovery:discover_packages(ignore) check parameters
[4.678s] Level 1:colcon.colcon_core.package_discovery:discover_packages(path) check parameters
[4.678s] Level 1:colcon.colcon_core.package_discovery:discover_packages(colcon_meta) discover
[4.678s] Level 1:colcon.colcon_core.package_discovery:discover_packages(recursive) discover
[4.678s] INFO:colcon.colcon_core.package_discovery:Crawling recursively for packages in '/home/nimrod/ros2_ws/src/stair_detection_pkg/stair_modeling_ros'
[4.679s] Level 1:colcon.colcon_core.package_identification:_identify(.) by extensions ['ignore', 'ignore_ament_install']
[4.679s] Level 1:colcon.colcon_core.package_identification:_identify(.) by extension 'ignore'
[4.679s] Level 1:colcon.colcon_core.package_identification:_identify(.) by extension 'ignore_ament_install'
[4.679s] Level 1:colcon.colcon_core.package_identification:_identify(.) by extensions ['colcon_pkg']
[4.679s] Level 1:colcon.colcon_core.package_identification:_identify(.) by extension 'colcon_pkg'
[4.679s] Level 1:colcon.colcon_core.package_identification:_identify(.) by extensions ['colcon_meta']
[4.679s] Level 1:colcon.colcon_core.package_identification:_identify(.) by extension 'colcon_meta'
[4.679s] Level 1:colcon.colcon_core.package_identification:_identify(.) by extensions ['ros']
[4.679s] Level 1:colcon.colcon_core.package_identification:_identify(.) by extension 'ros'
[4.707s] DEBUG:colcon.colcon_core.package_identification:Package '.' with type 'ros.ament_cmake' and name 'stair_modeling_ros'
[4.707s] Level 1:colcon.colcon_core.package_discovery:discover_packages(recursive) using defaults
[4.707s] Level 1:colcon.colcon_core.package_discovery:discover_packages(ignore) discover
[4.707s] Level 1:colcon.colcon_core.package_discovery:discover_packages(ignore) using defaults
[4.707s] Level 1:colcon.colcon_core.package_discovery:discover_packages(path) discover
[4.707s] Level 1:colcon.colcon_core.package_discovery:discover_packages(path) using defaults
[5.356s] Level 1:colcon.colcon_core.package_discovery:discover_packages(prefix_path) check parameters
[5.356s] Level 1:colcon.colcon_core.package_discovery:discover_packages(prefix_path) discover
[5.575s] DEBUG:colcon.colcon_installed_package_information.package_discovery:Found 1 installed packages in /home/nimrod/ros2_ws/src/stair_detection_pkg/stair_modeling_ros/install
[5.674s] DEBUG:colcon.colcon_installed_package_information.package_discovery:Found 22 installed packages in /home/nimrod/ros2_ws/install
[5.768s] DEBUG:colcon.colcon_installed_package_information.package_discovery:Found 267 installed packages in /opt/ros/foxy
[5.770s] Level 1:colcon.colcon_core.package_discovery:discover_packages(prefix_path) using defaults
[6.113s] Level 5:colcon.colcon_core.verb:set package 'stair_modeling_ros' build argument 'cmake_args' from command line to 'None'
[6.113s] Level 5:colcon.colcon_core.verb:set package 'stair_modeling_ros' build argument 'cmake_target' from command line to 'None'
[6.113s] Level 5:colcon.colcon_core.verb:set package 'stair_modeling_ros' build argument 'cmake_target_skip_unavailable' from command line to 'False'
[6.113s] Level 5:colcon.colcon_core.verb:set package 'stair_modeling_ros' build argument 'cmake_clean_cache' from command line to 'False'
[6.113s] Level 5:colcon.colcon_core.verb:set package 'stair_modeling_ros' build argument 'cmake_clean_first' from command line to 'False'
[6.113s] Level 5:colcon.colcon_core.verb:set package 'stair_modeling_ros' build argument 'cmake_force_configure' from command line to 'False'
[6.113s] Level 5:colcon.colcon_core.verb:set package 'stair_modeling_ros' build argument 'ament_cmake_args' from command line to 'None'
[6.113s] Level 5:colcon.colcon_core.verb:set package 'stair_modeling_ros' build argument 'catkin_cmake_args' from command line to 'None'
[6.113s] Level 5:colcon.colcon_core.verb:set package 'stair_modeling_ros' build argument 'catkin_skip_building_tests' from command line to 'False'
[6.114s] DEBUG:colcon.colcon_core.verb:Building package 'stair_modeling_ros' with the following arguments: {'ament_cmake_args': None, 'build_base': '/home/nimrod/ros2_ws/src/stair_detection_pkg/stair_modeling_ros/build/stair_modeling_ros', 'catkin_cmake_args': None, 'catkin_skip_building_tests': False, 'cmake_args': None, 'cmake_clean_cache': False, 'cmake_clean_first': False, 'cmake_force_configure': False, 'cmake_target': None, 'cmake_target_skip_unavailable': False, 'install_base': '/home/nimrod/ros2_ws/src/stair_detection_pkg/stair_modeling_ros/install/stair_modeling_ros', 'merge_install': False, 'path': '/home/nimrod/ros2_ws/src/stair_detection_pkg/stair_modeling_ros', 'symlink_install': False, 'test_result_base': None}
[6.211s] INFO:colcon.colcon_core.executor:Executing jobs using 'parallel' executor
[6.301s] DEBUG:colcon.colcon_parallel_executor.executor.parallel:run_until_complete
[6.301s] INFO:colcon.colcon_ros.task.ament_cmake.build:Building ROS package in '/home/nimrod/ros2_ws/src/stair_detection_pkg/stair_modeling_ros' with build type 'ament_cmake'
[6.302s] INFO:colcon.colcon_cmake.task.cmake.build:Building CMake package in '/home/nimrod/ros2_ws/src/stair_detection_pkg/stair_modeling_ros'
[6.396s] INFO:colcon.colcon_core.plugin_system:Skipping extension 'colcon_core.shell.bat': Not used on non-Windows systems
[6.396s] INFO:colcon.colcon_core.shell:Skip shell extension 'powershell' for command environment: Not usable outside of PowerShell
[6.396s] DEBUG:colcon.colcon_core.shell:Skip shell extension 'dsv' for command environment
[6.786s] DEBUG:colcon.colcon_core.event_handler.log_command:Invoking command in '/home/nimrod/ros2_ws/src/stair_detection_pkg/stair_modeling_ros/build/stair_modeling_ros': CMAKE_PREFIX_PATH=${CMAKE_PREFIX_PATH}:/home/nimrod/ros2_ws/install/stair_detection_ros:/opt/ros/foxy /home/nimrod/.local/bin/cmake --build /home/nimrod/ros2_ws/src/stair_detection_pkg/stair_modeling_ros/build/stair_modeling_ros -- -j16 -l16
[57.051s] DEBUG:colcon.colcon_core.event_handler.log_command:Invoked command in '/home/nimrod/ros2_ws/src/stair_detection_pkg/stair_modeling_ros/build/stair_modeling_ros' returned '0': CMAKE_PREFIX_PATH=${CMAKE_PREFIX_PATH}:/home/nimrod/ros2_ws/install/stair_detection_ros:/opt/ros/foxy /home/nimrod/.local/bin/cmake --build /home/nimrod/ros2_ws/src/stair_detection_pkg/stair_modeling_ros/build/stair_modeling_ros -- -j16 -l16
[57.237s] DEBUG:colcon.colcon_core.event_handler.log_command:Invoking command in '/home/nimrod/ros2_ws/src/stair_detection_pkg/stair_modeling_ros/build/stair_modeling_ros': CMAKE_PREFIX_PATH=${CMAKE_PREFIX_PATH}:/home/nimrod/ros2_ws/install/stair_detection_ros:/opt/ros/foxy /home/nimrod/.local/bin/cmake --install /home/nimrod/ros2_ws/src/stair_detection_pkg/stair_modeling_ros/build/stair_modeling_ros
[57.320s] Level 1:colcon.colcon_core.environment:create_environment_scripts_only(stair_modeling_ros)
[57.321s] DEBUG:colcon.colcon_core.event_handler.log_command:Invoked command in '/home/nimrod/ros2_ws/src/stair_detection_pkg/stair_modeling_ros/build/stair_modeling_ros' returned '0': CMAKE_PREFIX_PATH=${CMAKE_PREFIX_PATH}:/home/nimrod/ros2_ws/install/stair_detection_ros:/opt/ros/foxy /home/nimrod/.local/bin/cmake --install /home/nimrod/ros2_ws/src/stair_detection_pkg/stair_modeling_ros/build/stair_modeling_ros
[57.426s] Level 1:colcon.colcon_core.environment:checking '/home/nimrod/ros2_ws/src/stair_detection_pkg/stair_modeling_ros/install/stair_modeling_ros' for CMake module files
[57.427s] Level 1:colcon.colcon_core.environment:checking '/home/nimrod/ros2_ws/src/stair_detection_pkg/stair_modeling_ros/install/stair_modeling_ros' for CMake config files
[57.428s] Level 1:colcon.colcon_core.shell:create_environment_hook('stair_modeling_ros', 'cmake_prefix_path')
[57.533s] INFO:colcon.colcon_core.shell:Creating environment hook '/home/nimrod/ros2_ws/src/stair_detection_pkg/stair_modeling_ros/install/stair_modeling_ros/share/stair_modeling_ros/hook/cmake_prefix_path.ps1'
[57.535s] INFO:colcon.colcon_core.shell:Creating environment descriptor '/home/nimrod/ros2_ws/src/stair_detection_pkg/stair_modeling_ros/install/stair_modeling_ros/share/stair_modeling_ros/hook/cmake_prefix_path.dsv'
[57.536s] INFO:colcon.colcon_core.shell:Creating environment hook '/home/nimrod/ros2_ws/src/stair_detection_pkg/stair_modeling_ros/install/stair_modeling_ros/share/stair_modeling_ros/hook/cmake_prefix_path.sh'
[57.537s] Level 1:colcon.colcon_core.environment:checking '/home/nimrod/ros2_ws/src/stair_detection_pkg/stair_modeling_ros/install/stair_modeling_ros/lib'
[57.538s] Level 1:colcon.colcon_core.shell:create_environment_hook('stair_modeling_ros', 'ld_library_path_lib')
[57.649s] INFO:colcon.colcon_core.shell:Creating environment hook '/home/nimrod/ros2_ws/src/stair_detection_pkg/stair_modeling_ros/install/stair_modeling_ros/share/stair_modeling_ros/hook/ld_library_path_lib.ps1'
[57.650s] INFO:colcon.colcon_core.shell:Creating environment descriptor '/home/nimrod/ros2_ws/src/stair_detection_pkg/stair_modeling_ros/install/stair_modeling_ros/share/stair_modeling_ros/hook/ld_library_path_lib.dsv'
[57.651s] INFO:colcon.colcon_core.shell:Creating environment hook '/home/nimrod/ros2_ws/src/stair_detection_pkg/stair_modeling_ros/install/stair_modeling_ros/share/stair_modeling_ros/hook/ld_library_path_lib.sh'
[57.651s] Level 1:colcon.colcon_core.environment:checking '/home/nimrod/ros2_ws/src/stair_detection_pkg/stair_modeling_ros/install/stair_modeling_ros/bin'
[57.651s] Level 1:colcon.colcon_core.environment:checking '/home/nimrod/ros2_ws/src/stair_detection_pkg/stair_modeling_ros/install/stair_modeling_ros/lib/pkgconfig/stair_modeling_ros.pc'
[57.652s] Level 1:colcon.colcon_core.environment:checking '/home/nimrod/ros2_ws/src/stair_detection_pkg/stair_modeling_ros/install/stair_modeling_ros/lib/python3.8/site-packages'
[57.652s] Level 1:colcon.colcon_core.environment:checking '/home/nimrod/ros2_ws/src/stair_detection_pkg/stair_modeling_ros/install/stair_modeling_ros/bin'
[57.757s] INFO:colcon.colcon_core.shell:Creating package script '/home/nimrod/ros2_ws/src/stair_detection_pkg/stair_modeling_ros/install/stair_modeling_ros/share/stair_modeling_ros/package.ps1'
[57.758s] INFO:colcon.colcon_core.shell:Creating package descriptor '/home/nimrod/ros2_ws/src/stair_detection_pkg/stair_modeling_ros/install/stair_modeling_ros/share/stair_modeling_ros/package.dsv'
[57.759s] INFO:colcon.colcon_core.shell:Creating package script '/home/nimrod/ros2_ws/src/stair_detection_pkg/stair_modeling_ros/install/stair_modeling_ros/share/stair_modeling_ros/package.sh'
[57.761s] INFO:colcon.colcon_core.shell:Creating package script '/home/nimrod/ros2_ws/src/stair_detection_pkg/stair_modeling_ros/install/stair_modeling_ros/share/stair_modeling_ros/package.bash'
[57.762s] INFO:colcon.colcon_core.shell:Creating package script '/home/nimrod/ros2_ws/src/stair_detection_pkg/stair_modeling_ros/install/stair_modeling_ros/share/stair_modeling_ros/package.zsh'
[57.763s] Level 1:colcon.colcon_core.environment:create_file_with_runtime_dependencies(/home/nimrod/ros2_ws/src/stair_detection_pkg/stair_modeling_ros/install/stair_modeling_ros/share/colcon-core/packages/stair_modeling_ros)
[58.008s] Level 1:colcon.colcon_core.environment:create_environment_scripts_only(stair_modeling_ros)
[58.108s] Level 1:colcon.colcon_core.environment:checking '/home/nimrod/ros2_ws/src/stair_detection_pkg/stair_modeling_ros/install/stair_modeling_ros' for CMake module files
[58.109s] Level 1:colcon.colcon_core.environment:checking '/home/nimrod/ros2_ws/src/stair_detection_pkg/stair_modeling_ros/install/stair_modeling_ros' for CMake config files
[58.110s] Level 1:colcon.colcon_core.shell:create_environment_hook('stair_modeling_ros', 'cmake_prefix_path')
[58.208s] INFO:colcon.colcon_core.shell:Creating environment hook '/home/nimrod/ros2_ws/src/stair_detection_pkg/stair_modeling_ros/install/stair_modeling_ros/share/stair_modeling_ros/hook/cmake_prefix_path.ps1'
[58.210s] INFO:colcon.colcon_core.shell:Creating environment descriptor '/home/nimrod/ros2_ws/src/stair_detection_pkg/stair_modeling_ros/install/stair_modeling_ros/share/stair_modeling_ros/hook/cmake_prefix_path.dsv'
[58.210s] INFO:colcon.colcon_core.shell:Creating environment hook '/home/nimrod/ros2_ws/src/stair_detection_pkg/stair_modeling_ros/install/stair_modeling_ros/share/stair_modeling_ros/hook/cmake_prefix_path.sh'
[58.211s] Level 1:colcon.colcon_core.environment:checking '/home/nimrod/ros2_ws/src/stair_detection_pkg/stair_modeling_ros/install/stair_modeling_ros/lib'
[58.211s] Level 1:colcon.colcon_core.shell:create_environment_hook('stair_modeling_ros', 'ld_library_path_lib')
[58.304s] INFO:colcon.colcon_core.shell:Creating environment hook '/home/nimrod/ros2_ws/src/stair_detection_pkg/stair_modeling_ros/install/stair_modeling_ros/share/stair_modeling_ros/hook/ld_library_path_lib.ps1'
[58.304s] INFO:colcon.colcon_core.shell:Creating environment descriptor '/home/nimrod/ros2_ws/src/stair_detection_pkg/stair_modeling_ros/install/stair_modeling_ros/share/stair_modeling_ros/hook/ld_library_path_lib.dsv'
[58.305s] INFO:colcon.colcon_core.shell:Creating environment hook '/home/nimrod/ros2_ws/src/stair_detection_pkg/stair_modeling_ros/install/stair_modeling_ros/share/stair_modeling_ros/hook/ld_library_path_lib.sh'
[58.306s] Level 1:colcon.colcon_core.environment:checking '/home/nimrod/ros2_ws/src/stair_detection_pkg/stair_modeling_ros/install/stair_modeling_ros/bin'
[58.306s] Level 1:colcon.colcon_core.environment:checking '/home/nimrod/ros2_ws/src/stair_detection_pkg/stair_modeling_ros/install/stair_modeling_ros/lib/pkgconfig/stair_modeling_ros.pc'
[58.306s] Level 1:colcon.colcon_core.environment:checking '/home/nimrod/ros2_ws/src/stair_detection_pkg/stair_modeling_ros/install/stair_modeling_ros/lib/python3.8/site-packages'
[58.307s] Level 1:colcon.colcon_core.environment:checking '/home/nimrod/ros2_ws/src/stair_detection_pkg/stair_modeling_ros/install/stair_modeling_ros/bin'
[58.419s] INFO:colcon.colcon_core.shell:Creating package script '/home/nimrod/ros2_ws/src/stair_detection_pkg/stair_modeling_ros/install/stair_modeling_ros/share/stair_modeling_ros/package.ps1'
[58.420s] INFO:colcon.colcon_core.shell:Creating package descriptor '/home/nimrod/ros2_ws/src/stair_detection_pkg/stair_modeling_ros/install/stair_modeling_ros/share/stair_modeling_ros/package.dsv'
[58.421s] INFO:colcon.colcon_core.shell:Creating package script '/home/nimrod/ros2_ws/src/stair_detection_pkg/stair_modeling_ros/install/stair_modeling_ros/share/stair_modeling_ros/package.sh'
[58.422s] INFO:colcon.colcon_core.shell:Creating package script '/home/nimrod/ros2_ws/src/stair_detection_pkg/stair_modeling_ros/install/stair_modeling_ros/share/stair_modeling_ros/package.bash'
[58.422s] INFO:colcon.colcon_core.shell:Creating package script '/home/nimrod/ros2_ws/src/stair_detection_pkg/stair_modeling_ros/install/stair_modeling_ros/share/stair_modeling_ros/package.zsh'
[58.423s] Level 1:colcon.colcon_core.environment:create_file_with_runtime_dependencies(/home/nimrod/ros2_ws/src/stair_detection_pkg/stair_modeling_ros/install/stair_modeling_ros/share/colcon-core/packages/stair_modeling_ros)
[58.424s] DEBUG:colcon.colcon_parallel_executor.executor.parallel:closing loop
[58.424s] DEBUG:colcon.colcon_parallel_executor.executor.parallel:loop closed
[58.424s] DEBUG:colcon.colcon_parallel_executor.executor.parallel:run_until_complete finished with '0'
[58.424s] DEBUG:colcon.colcon_core.event_reactor:joining thread
[58.552s] INFO:colcon.colcon_core.plugin_system:Skipping extension 'colcon_notification.desktop_notification.terminal_notifier': Not used on non-Darwin systems
[58.552s] INFO:colcon.colcon_core.plugin_system:Skipping extension 'colcon_notification.desktop_notification.win32': Not used on non-Windows systems
[58.552s] INFO:colcon.colcon_notification.desktop_notification:Sending desktop notification using 'notify2'
[58.584s] DEBUG:colcon.colcon_core.event_reactor:joined thread
[58.705s] INFO:colcon.colcon_core.shell:Creating prefix script '/home/nimrod/ros2_ws/src/stair_detection_pkg/stair_modeling_ros/install/local_setup.ps1'
[58.707s] INFO:colcon.colcon_core.shell:Creating prefix util module '/home/nimrod/ros2_ws/src/stair_detection_pkg/stair_modeling_ros/install/_local_setup_util_ps1.py'
[58.710s] INFO:colcon.colcon_core.shell:Creating prefix chain script '/home/nimrod/ros2_ws/src/stair_detection_pkg/stair_modeling_ros/install/setup.ps1'
[58.828s] INFO:colcon.colcon_core.shell:Creating prefix script '/home/nimrod/ros2_ws/src/stair_detection_pkg/stair_modeling_ros/install/local_setup.sh'
[58.829s] INFO:colcon.colcon_core.shell:Creating prefix util module '/home/nimrod/ros2_ws/src/stair_detection_pkg/stair_modeling_ros/install/_local_setup_util_sh.py'
[58.830s] INFO:colcon.colcon_core.shell:Creating prefix chain script '/home/nimrod/ros2_ws/src/stair_detection_pkg/stair_modeling_ros/install/setup.sh'
[58.946s] INFO:colcon.colcon_core.shell:Creating prefix script '/home/nimrod/ros2_ws/src/stair_detection_pkg/stair_modeling_ros/install/local_setup.bash'
[58.947s] INFO:colcon.colcon_core.shell:Creating prefix chain script '/home/nimrod/ros2_ws/src/stair_detection_pkg/stair_modeling_ros/install/setup.bash'
[59.050s] INFO:colcon.colcon_core.shell:Creating prefix script '/home/nimrod/ros2_ws/src/stair_detection_pkg/stair_modeling_ros/install/local_setup.zsh'
[59.051s] INFO:colcon.colcon_core.shell:Creating prefix chain script '/home/nimrod/ros2_ws/src/stair_detection_pkg/stair_modeling_ros/install/setup.zsh'
