[ 22%] Built target zion_tf2_broadcaster
[ 33%] [32mBuilding CXX object CMakeFiles/stair_modeling_ros.dir/src/stair_modeling.cpp.o[0m
[01m[K/home/nimrod/ros2_ws/src/stair_detection_pkg/stair_modeling_ros/src/stair_modeling.cpp:[m[K In member function ‘[01m[Kvoid StairModeling::tfCallback(tf2_msgs::msg::TFMessage_<std::allocator<void> >::SharedPtr)[m[K’:
[01m[K/home/nimrod/ros2_ws/src/stair_detection_pkg/stair_modeling_ros/src/stair_modeling.cpp:151:74:[m[K [01;35m[Kwarning: [m[Kunused parameter ‘[01m[Ktf_msg[m[K’ [[01;35m[K-Wunused-parameter[m[K]
  151 | void StairModeling::tfCallback([01;35m[Kconst tf2_msgs::msg::TFMessage::SharedPtr tf_msg[m[K)
      |                                [01;35m[K~~~~~~~~~~~~~~~~~~~~~~~~~~~~~~~~~~~~~~~~~~^~~~~~[m[K
[ 44%] [32m[1mLinking CXX shared library libstair_modeling_ros.so[0m
[ 77%] Built target stair_modeling_ros
[ 88%] [32mBuilding CXX object CMakeFiles/stair_modeling_ros_node.dir/src/stair_modeling_ros_node.cpp.o[0m
[100%] [32m[1mLinking CXX executable stair_modeling_ros_node[0m
[100%] Built target stair_modeling_ros_node
-- Install configuration: ""
-- Installing: /home/nimrod/ros2_ws/src/stair_detection_pkg/stair_modeling_ros/install/stair_modeling_ros/lib/libstair_modeling_ros.so
-- Set runtime path of "/home/nimrod/ros2_ws/src/stair_detection_pkg/stair_modeling_ros/install/stair_modeling_ros/lib/libstair_modeling_ros.so" to ""
-- Installing: /home/nimrod/ros2_ws/src/stair_detection_pkg/stair_modeling_ros/install/stair_modeling_ros/lib/stair_modeling_ros/stair_modeling_ros_node
-- Set runtime path of "/home/nimrod/ros2_ws/src/stair_detection_pkg/stair_modeling_ros/install/stair_modeling_ros/lib/stair_modeling_ros/stair_modeling_ros_node" to ""
-- Up-to-date: /home/nimrod/ros2_ws/src/stair_detection_pkg/stair_modeling_ros/install/stair_modeling_ros/lib/stair_modeling_ros/zion_tf2_broadcaster
-- Up-to-date: /home/nimrod/ros2_ws/src/stair_detection_pkg/stair_modeling_ros/install/stair_modeling_ros/include/stair_modeling_ros
-- Up-to-date: /home/nimrod/ros2_ws/src/stair_detection_pkg/stair_modeling_ros/install/stair_modeling_ros/share/stair_modeling_ros/rviz2
-- Up-to-date: /home/nimrod/ros2_ws/src/stair_detection_pkg/stair_modeling_ros/install/stair_modeling_ros/share/stair_modeling_ros/rviz2/stair_modeling.rviz
-- Up-to-date: /home/nimrod/ros2_ws/src/stair_detection_pkg/stair_modeling_ros/install/stair_modeling_ros/share/stair_modeling_ros/params
-- Up-to-date: /home/nimrod/ros2_ws/src/stair_detection_pkg/stair_modeling_ros/install/stair_modeling_ros/share/stair_modeling_ros/params/stair_modeling_params.yaml
-- Up-to-date: /home/nimrod/ros2_ws/src/stair_detection_pkg/stair_modeling_ros/install/stair_modeling_ros/share/stair_modeling_ros/launch
-- Up-to-date: /home/nimrod/ros2_ws/src/stair_detection_pkg/stair_modeling_ros/install/stair_modeling_ros/share/stair_modeling_ros/launch/stair_modeling_view.launch.py
-- Up-to-date: /home/nimrod/ros2_ws/src/stair_detection_pkg/stair_modeling_ros/install/stair_modeling_ros/share/stair_modeling_ros/launch/stair_modeling.launch.py
-- Up-to-date: /home/nimrod/ros2_ws/src/stair_detection_pkg/stair_modeling_ros/install/stair_modeling_ros/share/ament_index/resource_index/package_run_dependencies/stair_modeling_ros
-- Up-to-date: /home/nimrod/ros2_ws/src/stair_detection_pkg/stair_modeling_ros/install/stair_modeling_ros/share/ament_index/resource_index/parent_prefix_path/stair_modeling_ros
-- Up-to-date: /home/nimrod/ros2_ws/src/stair_detection_pkg/stair_modeling_ros/install/stair_modeling_ros/share/stair_modeling_ros/environment/ament_prefix_path.sh
-- Up-to-date: /home/nimrod/ros2_ws/src/stair_detection_pkg/stair_modeling_ros/install/stair_modeling_ros/share/stair_modeling_ros/environment/ament_prefix_path.dsv
-- Up-to-date: /home/nimrod/ros2_ws/src/stair_detection_pkg/stair_modeling_ros/install/stair_modeling_ros/share/stair_modeling_ros/environment/path.sh
-- Up-to-date: /home/nimrod/ros2_ws/src/stair_detection_pkg/stair_modeling_ros/install/stair_modeling_ros/share/stair_modeling_ros/environment/path.dsv
-- Up-to-date: /home/nimrod/ros2_ws/src/stair_detection_pkg/stair_modeling_ros/install/stair_modeling_ros/share/stair_modeling_ros/local_setup.bash
-- Up-to-date: /home/nimrod/ros2_ws/src/stair_detection_pkg/stair_modeling_ros/install/stair_modeling_ros/share/stair_modeling_ros/local_setup.sh
-- Up-to-date: /home/nimrod/ros2_ws/src/stair_detection_pkg/stair_modeling_ros/install/stair_modeling_ros/share/stair_modeling_ros/local_setup.zsh
-- Up-to-date: /home/nimrod/ros2_ws/src/stair_detection_pkg/stair_modeling_ros/install/stair_modeling_ros/share/stair_modeling_ros/local_setup.dsv
-- Installing: /home/nimrod/ros2_ws/src/stair_detection_pkg/stair_modeling_ros/install/stair_modeling_ros/share/stair_modeling_ros/package.dsv
-- Up-to-date: /home/nimrod/ros2_ws/src/stair_detection_pkg/stair_modeling_ros/install/stair_modeling_ros/share/ament_index/resource_index/packages/stair_modeling_ros
-- Up-to-date: /home/nimrod/ros2_ws/src/stair_detection_pkg/stair_modeling_ros/install/stair_modeling_ros/share/stair_modeling_ros/cmake/stair_modeling_rosConfig.cmake
-- Up-to-date: /home/nimrod/ros2_ws/src/stair_detection_pkg/stair_modeling_ros/install/stair_modeling_ros/share/stair_modeling_ros/cmake/stair_modeling_rosConfig-version.cmake
-- Up-to-date: /home/nimrod/ros2_ws/src/stair_detection_pkg/stair_modeling_ros/install/stair_modeling_ros/share/stair_modeling_ros/package.xml
