[0.311s] Invoking command in '/home/nimrod/ros2_ws/src/stair_detection_pkg/stair_modeling_ros/build/stair_modeling_ros': CMAKE_PREFIX_PATH=${CMAKE_PREFIX_PATH}:/home/nimrod/ros2_ws/install/stair_detection_ros:/opt/ros/foxy /home/nimrod/.local/bin/cmake --build /home/nimrod/ros2_ws/src/stair_detection_pkg/stair_modeling_ros/build/stair_modeling_ros -- -j16 -l16
[0.379s] [ 22%] Built target zion_tf2_broadcaster
[0.405s] [ 33%] [32mBuilding CXX object CMakeFiles/stair_modeling_ros.dir/src/stair_modeling.cpp.o[0m
[7.838s] [01m[K/home/nimrod/ros2_ws/src/stair_detection_pkg/stair_modeling_ros/src/stair_modeling.cpp:[m[K In member function ‘[01m[Kvoid StairModeling::tfCallback(tf2_msgs::msg::TFMessage_<std::allocator<void> >::SharedPtr)[m[K’:
[7.838s] [01m[K/home/nimrod/ros2_ws/src/stair_detection_pkg/stair_modeling_ros/src/stair_modeling.cpp:151:74:[m[K [01;35m[Kwarning: [m[Kunused parameter ‘[01m[Ktf_msg[m[K’ [[01;35m[K-Wunused-parameter[m[K]
[7.839s]   151 | void StairModeling::tfCallback([01;35m[Kconst tf2_msgs::msg::TFMessage::SharedPtr tf_msg[m[K)
[7.839s]       |                                [01;35m[K~~~~~~~~~~~~~~~~~~~~~~~~~~~~~~~~~~~~~~~~~~^~~~~~[m[K
[21.110s] [ 44%] [32m[1mLinking CXX shared library libstair_modeling_ros.so[0m
[24.089s] [ 77%] Built target stair_modeling_ros
[24.128s] [ 88%] [32mBuilding CXX object CMakeFiles/stair_modeling_ros_node.dir/src/stair_modeling_ros_node.cpp.o[0m
[33.843s] [100%] [32m[1mLinking CXX executable stair_modeling_ros_node[0m
[34.940s] [100%] Built target stair_modeling_ros_node
[34.951s] Invoked command in '/home/nimrod/ros2_ws/src/stair_detection_pkg/stair_modeling_ros/build/stair_modeling_ros' returned '0': CMAKE_PREFIX_PATH=${CMAKE_PREFIX_PATH}:/home/nimrod/ros2_ws/install/stair_detection_ros:/opt/ros/foxy /home/nimrod/.local/bin/cmake --build /home/nimrod/ros2_ws/src/stair_detection_pkg/stair_modeling_ros/build/stair_modeling_ros -- -j16 -l16
[35.066s] Invoking command in '/home/nimrod/ros2_ws/src/stair_detection_pkg/stair_modeling_ros/build/stair_modeling_ros': CMAKE_PREFIX_PATH=${CMAKE_PREFIX_PATH}:/home/nimrod/ros2_ws/install/stair_detection_ros:/opt/ros/foxy /home/nimrod/.local/bin/cmake --install /home/nimrod/ros2_ws/src/stair_detection_pkg/stair_modeling_ros/build/stair_modeling_ros
[35.100s] -- Install configuration: ""
[35.101s] -- Installing: /home/nimrod/ros2_ws/src/stair_detection_pkg/stair_modeling_ros/install/stair_modeling_ros/lib/libstair_modeling_ros.so
[35.111s] -- Set runtime path of "/home/nimrod/ros2_ws/src/stair_detection_pkg/stair_modeling_ros/install/stair_modeling_ros/lib/libstair_modeling_ros.so" to ""
[35.111s] -- Installing: /home/nimrod/ros2_ws/src/stair_detection_pkg/stair_modeling_ros/install/stair_modeling_ros/lib/stair_modeling_ros/stair_modeling_ros_node
[35.111s] -- Set runtime path of "/home/nimrod/ros2_ws/src/stair_detection_pkg/stair_modeling_ros/install/stair_modeling_ros/lib/stair_modeling_ros/stair_modeling_ros_node" to ""
[35.111s] -- Up-to-date: /home/nimrod/ros2_ws/src/stair_detection_pkg/stair_modeling_ros/install/stair_modeling_ros/lib/stair_modeling_ros/zion_tf2_broadcaster
[35.112s] -- Up-to-date: /home/nimrod/ros2_ws/src/stair_detection_pkg/stair_modeling_ros/install/stair_modeling_ros/include/stair_modeling_ros
[35.112s] -- Up-to-date: /home/nimrod/ros2_ws/src/stair_detection_pkg/stair_modeling_ros/install/stair_modeling_ros/share/stair_modeling_ros/rviz2
[35.112s] -- Up-to-date: /home/nimrod/ros2_ws/src/stair_detection_pkg/stair_modeling_ros/install/stair_modeling_ros/share/stair_modeling_ros/rviz2/stair_modeling.rviz
[35.112s] -- Up-to-date: /home/nimrod/ros2_ws/src/stair_detection_pkg/stair_modeling_ros/install/stair_modeling_ros/share/stair_modeling_ros/params
[35.112s] -- Up-to-date: /home/nimrod/ros2_ws/src/stair_detection_pkg/stair_modeling_ros/install/stair_modeling_ros/share/stair_modeling_ros/params/stair_modeling_params.yaml
[35.112s] -- Up-to-date: /home/nimrod/ros2_ws/src/stair_detection_pkg/stair_modeling_ros/install/stair_modeling_ros/share/stair_modeling_ros/launch
[35.112s] -- Up-to-date: /home/nimrod/ros2_ws/src/stair_detection_pkg/stair_modeling_ros/install/stair_modeling_ros/share/stair_modeling_ros/launch/stair_modeling_view.launch.py
[35.113s] -- Up-to-date: /home/nimrod/ros2_ws/src/stair_detection_pkg/stair_modeling_ros/install/stair_modeling_ros/share/stair_modeling_ros/launch/stair_modeling.launch.py
[35.113s] -- Up-to-date: /home/nimrod/ros2_ws/src/stair_detection_pkg/stair_modeling_ros/install/stair_modeling_ros/share/ament_index/resource_index/package_run_dependencies/stair_modeling_ros
[35.113s] -- Up-to-date: /home/nimrod/ros2_ws/src/stair_detection_pkg/stair_modeling_ros/install/stair_modeling_ros/share/ament_index/resource_index/parent_prefix_path/stair_modeling_ros
[35.113s] -- Up-to-date: /home/nimrod/ros2_ws/src/stair_detection_pkg/stair_modeling_ros/install/stair_modeling_ros/share/stair_modeling_ros/environment/ament_prefix_path.sh
[35.113s] -- Up-to-date: /home/nimrod/ros2_ws/src/stair_detection_pkg/stair_modeling_ros/install/stair_modeling_ros/share/stair_modeling_ros/environment/ament_prefix_path.dsv
[35.113s] -- Up-to-date: /home/nimrod/ros2_ws/src/stair_detection_pkg/stair_modeling_ros/install/stair_modeling_ros/share/stair_modeling_ros/environment/path.sh
[35.113s] -- Up-to-date: /home/nimrod/ros2_ws/src/stair_detection_pkg/stair_modeling_ros/install/stair_modeling_ros/share/stair_modeling_ros/environment/path.dsv
[35.113s] -- Up-to-date: /home/nimrod/ros2_ws/src/stair_detection_pkg/stair_modeling_ros/install/stair_modeling_ros/share/stair_modeling_ros/local_setup.bash
[35.113s] -- Up-to-date: /home/nimrod/ros2_ws/src/stair_detection_pkg/stair_modeling_ros/install/stair_modeling_ros/share/stair_modeling_ros/local_setup.sh
[35.113s] -- Up-to-date: /home/nimrod/ros2_ws/src/stair_detection_pkg/stair_modeling_ros/install/stair_modeling_ros/share/stair_modeling_ros/local_setup.zsh
[35.113s] -- Up-to-date: /home/nimrod/ros2_ws/src/stair_detection_pkg/stair_modeling_ros/install/stair_modeling_ros/share/stair_modeling_ros/local_setup.dsv
[35.113s] -- Installing: /home/nimrod/ros2_ws/src/stair_detection_pkg/stair_modeling_ros/install/stair_modeling_ros/share/stair_modeling_ros/package.dsv
[35.114s] -- Up-to-date: /home/nimrod/ros2_ws/src/stair_detection_pkg/stair_modeling_ros/install/stair_modeling_ros/share/ament_index/resource_index/packages/stair_modeling_ros
[35.114s] -- Up-to-date: /home/nimrod/ros2_ws/src/stair_detection_pkg/stair_modeling_ros/install/stair_modeling_ros/share/stair_modeling_ros/cmake/stair_modeling_rosConfig.cmake
[35.114s] -- Up-to-date: /home/nimrod/ros2_ws/src/stair_detection_pkg/stair_modeling_ros/install/stair_modeling_ros/share/stair_modeling_ros/cmake/stair_modeling_rosConfig-version.cmake
[35.114s] -- Up-to-date: /home/nimrod/ros2_ws/src/stair_detection_pkg/stair_modeling_ros/install/stair_modeling_ros/share/stair_modeling_ros/package.xml
[35.118s] Invoked command in '/home/nimrod/ros2_ws/src/stair_detection_pkg/stair_modeling_ros/build/stair_modeling_ros' returned '0': CMAKE_PREFIX_PATH=${CMAKE_PREFIX_PATH}:/home/nimrod/ros2_ws/install/stair_detection_ros:/opt/ros/foxy /home/nimrod/.local/bin/cmake --install /home/nimrod/ros2_ws/src/stair_detection_pkg/stair_modeling_ros/build/stair_modeling_ros
